#
# A fatal error has been detected by the Java Runtime Environment:
#
#  EXCEPTION_ACCESS_VIOLATION (0xc0000005) at pc=0x00007ffc319abe4b, pid=38772, tid=10408
#
# JRE version: Java(TM) SE Runtime Environment (7.0_55-b13) (build 1.7.0_55-b13)
# Java VM: Java HotSpot(TM) 64-Bit Server VM (24.55-b03 mixed mode windows-amd64 compressed oops)
# Problematic frame:
# C  [ntdll.dll+0x4be4b]
#
# Failed to write core dump. Minidumps are not enabled by default on client versions of Windows
#
# If you would like to submit a bug report, please visit:
#   http://bugreport.sun.com/bugreport/crash.jsp
# The crash happened outside the Java Virtual Machine in native code.
# See problematic frame for where to report the bug.
#

---------------  T H R E A D  ---------------

Current thread (0x000000000ef7d800):  JavaThread "Thread-8" daemon [_thread_in_native, id=10408, stack(0x0000000021710000,0x0000000021810000)]

siginfo: ExceptionCode=0xc0000005, writing address 0x0000000000000024

Registers:
RAX=0x0000000000000000, RBX=0x000000001a131cf8, RCX=0x000000001a131cf8, RDX=0xffffffffffffffff
RSP=0x000000002180ecb0, RBP=0x000000002180ed20, RSI=0x0000000000000000, RDI=0x0000000000000000
R8 =0x0000000000000000, R9 =0x0000000000000000, R10=0x0000000000000000, R11=0x0000000000000246
R12=0x0000000000000000, R13=0x000000077d4e1e68, R14=0x0000000000000000, R15=0x000000000ef7d800
RIP=0x00007ffc319abe4b, EFLAGS=0x0000000000010213

Top of Stack: (sp=0x000000002180ecb0)
0x000000002180ecb0:   ffffffffffffffff 000000001a131cf8
0x000000002180ecc0:   000000078176a268 00000007818fb080
0x000000002180ecd0:   00000007d5d67748 0000000000000000
0x000000002180ece0:   0000000784666ef8 0000000001177000
0x000000002180ecf0:   407fc00000000000 000000002180ed40
0x000000002180ed00:   4094000000000000 00000007d5d67580
0x000000002180ed10:   4054000000000000 00007ffc2de73b2f
0x000000002180ed20:   000000000ef7d800 0000000000000001
0x000000002180ed30:   000000077d4e1e68 0000000000000000
0x000000002180ed40:   0000000000000000 000000002180f000
0x000000002180ed50:   0000000000000001 00007ffc31980c39
0x000000002180ed60:   0000000000000000 000000001a131cf8
0x000000002180ed70:   00000000fffffffa 0000000000000000
0x000000002180ed80:   000000001a264e00 00007ffc31980b50
0x000000002180ed90:   00007ffc062a3e70 0000000000000000
0x000000002180eda0:   000000002180f000 00007ffc062a3e70 

Instructions: (pc=0x00007ffc319abe4b)
0x00007ffc319abe2b:   0f 45 f6 48 39 73 18 0f 84 bb 01 00 00 48 83 3b
0x00007ffc319abe3b:   ff 0f 84 be 01 00 00 48 8b 03 48 83 f8 ff 74 03
0x00007ffc319abe4b:   ff 40 24 48 8b 7b 18 44 8b ee 48 89 7d c0 e8 12
0x00007ffc319abe5b:   ae fd ff 85 c0 0f 85 e2 13 07 00 b9 82 03 fe 7f 


Register to memory mapping:

RAX=0x0000000000000000 is an unknown value
RBX=0x000000001a131cf8 is an unknown value
RCX=0x000000001a131cf8 is an unknown value
RDX=0xffffffffffffffff is an unknown value
RSP=0x000000002180ecb0 is pointing into the stack for thread: 0x000000000ef7d800
RBP=0x000000002180ed20 is pointing into the stack for thread: 0x000000000ef7d800
RSI=0x0000000000000000 is an unknown value
RDI=0x0000000000000000 is an unknown value
R8 =0x0000000000000000 is an unknown value
R9 =0x0000000000000000 is an unknown value
R10=0x0000000000000000 is an unknown value
R11=0x0000000000000246 is an unknown value
R12=0x0000000000000000 is an unknown value
R13=0x000000077d4e1e68 is an oop
{method} 
 - klass: {other class}
R14=0x0000000000000000 is an unknown value
R15=0x000000000ef7d800 is a thread


Stack: [0x0000000021710000,0x0000000021810000],  sp=0x000000002180ecb0,  free space=1019k
Native frames: (J=compiled Java code, j=interpreted, Vv=VM code, C=native code)
C  [ntdll.dll+0x4be4b]

Java frames: (J=compiled Java code, j=interpreted, Vv=VM code)
j  org.bytedeco.javacpp.opencv_videoio$VideoCapture.retrieve(Lorg/bytedeco/javacpp/opencv_core$Mat;)Z+0
j  org.bytedeco.javacv.OpenCVFrameGrabber.grab()Lorg/bytedeco/javacv/Frame;+8
j  UIL.FrameNewcustomer$captureImage.run()V+39
j  java.lang.Thread.run()V+11
v  ~StubRoutines::call_stub

---------------  P R O C E S S  ---------------

Java Threads: ( => current thread )
=>0x000000000ef7d800 JavaThread "Thread-8" daemon [_thread_in_native, id=10408, stack(0x0000000021710000,0x0000000021810000)]
  0x000000000f711000 JavaThread "TimerQueue" daemon [_thread_blocked, id=38404, stack(0x0000000011360000,0x0000000011460000)]
  0x000000000f259800 JavaThread "JavaCPP Deallocator" daemon [_thread_blocked, id=20144, stack(0x0000000011150000,0x0000000011250000)]
  0x000000000f0c2800 JavaThread "Abandoned connection cleanup thread" daemon [_thread_blocked, id=22096, stack(0x0000000011050000,0x0000000011150000)]
  0x0000000005042800 JavaThread "DestroyJavaVM" [_thread_blocked, id=32548, stack(0x0000000004e30000,0x0000000004f30000)]
  0x000000000f209800 JavaThread "AWT-EventQueue-0" [_thread_in_native, id=35216, stack(0x0000000010410000,0x0000000010510000)]
  0x000000000f123800 JavaThread "AWT-Windows" daemon [_thread_in_native, id=29464, stack(0x000000000fd00000,0x000000000fe00000)]
  0x000000000f122800 JavaThread "AWT-Shutdown" [_thread_blocked, id=26984, stack(0x000000000fc00000,0x000000000fd00000)]
  0x000000000f121800 JavaThread "Java2D Disposer" daemon [_thread_blocked, id=36300, stack(0x000000000fb00000,0x000000000fc00000)]
  0x000000000d466000 JavaThread "Service Thread" daemon [_thread_blocked, id=33752, stack(0x000000000ebc0000,0x000000000ecc0000)]
  0x000000000d462800 JavaThread "C2 CompilerThread1" daemon [_thread_blocked, id=38372, stack(0x000000000eac0000,0x000000000ebc0000)]
  0x000000000d454800 JavaThread "C2 CompilerThread0" daemon [_thread_blocked, id=34448, stack(0x000000000e9c0000,0x000000000eac0000)]
  0x000000000d453800 JavaThread "Attach Listener" daemon [_thread_blocked, id=19576, stack(0x000000000e8c0000,0x000000000e9c0000)]
  0x000000000d450000 JavaThread "Signal Dispatcher" daemon [_thread_blocked, id=19680, stack(0x000000000e7c0000,0x000000000e8c0000)]
  0x000000000d419800 JavaThread "Finalizer" daemon [_thread_blocked, id=25756, stack(0x000000000e6c0000,0x000000000e7c0000)]
  0x000000000d414000 JavaThread "Reference Handler" daemon [_thread_blocked, id=19728, stack(0x000000000e5c0000,0x000000000e6c0000)]

Other Threads:
  0x000000000d412800 VMThread [stack: 0x000000000e4c0000,0x000000000e5c0000] [id=35148]
  0x000000000d4b7000 WatcherThread [stack: 0x000000000ecc0000,0x000000000edc0000] [id=31280]

VM state:not at safepoint (normal execution)

VM Mutex/Monitor currently owned by a thread: None

Heap
 PSYoungGen      total 54272K, used 13434K [0x00000007d5c80000, 0x00000007d9d00000, 0x0000000800000000)
  eden space 44544K, 27% used [0x00000007d5c80000,0x00000007d686da70,0x00000007d8800000)
  from space 9728K, 12% used [0x00000007d9380000,0x00000007d94b1010,0x00000007d9d00000)
  to   space 10752K, 0% used [0x00000007d8800000,0x00000007d8800000,0x00000007d9280000)
 ParOldGen       total 92160K, used 57531K [0x0000000781600000, 0x0000000787000000, 0x00000007d5c80000)
  object space 92160K, 62% used [0x0000000781600000,0x0000000784e2ee10,0x0000000787000000)
 PSPermGen       total 44544K, used 22228K [0x000000077c400000, 0x000000077ef80000, 0x0000000781600000)
  object space 44544K, 49% used [0x000000077c400000,0x000000077d9b5308,0x000000077ef80000)

Card table byte_map: [0x0000000008200000,0x0000000008620000] byte_map_base: 0x000000000461e000

Polling page: 0x00000000035b0000

Code Cache  [0x0000000005140000, 0x00000000053b0000, 0x0000000008140000)
 total_blobs=1128 nmethods=493 adapters=587 free_code_cache=47265Kb largest_free_block=48337792

Compilation events (10 events):
Event: 92.400 Thread 0x000000000d462800 nmethod 519 0x0000000005307c10 code [0x0000000005307e00, 0x0000000005308938]
Event: 92.400 Thread 0x000000000d462800  520             java.lang.StringBuilder::append (8 bytes)
Event: 92.403 Thread 0x000000000d462800 nmethod 520 0x0000000005306490 code [0x00000000053065e0, 0x0000000005306768]
Event: 92.403 Thread 0x000000000d462800  521             java.lang.reflect.AccessibleObject::checkAccess (96 bytes)
Event: 92.405 Thread 0x000000000d462800 nmethod 521 0x000000000530a2d0 code [0x000000000530a420, 0x000000000530a658]
Event: 92.405 Thread 0x000000000d462800  522             com.mysql.jdbc.StringUtils::toAsciiString (43 bytes)
Event: 92.413 Thread 0x000000000d462800 nmethod 522 0x000000000530bad0 code [0x000000000530bc20, 0x000000000530bf78]
Event: 92.431 Thread 0x000000000d462800  523             java.awt.font.FontRenderContext::equals (127 bytes)
Event: 92.434 Thread 0x000000000d462800 nmethod 523 0x000000000530b450 code [0x000000000530b5e0, 0x000000000530b820]
Event: 92.512 Thread 0x000000000d454800 nmethod 517 0x000000000531b550 code [0x000000000531b960, 0x000000000531f2c0]

GC Heap History (10 events):
Event: 75.679 GC heap before
{Heap before GC invocations=27 (full 0):
 PSYoungGen      total 58368K, used 54388K [0x00000007d5c80000, 0x00000007da200000, 0x0000000800000000)
  eden space 48640K, 100% used [0x00000007d5c80000,0x00000007d8c00000,0x00000007d8c00000)
  from space 9728K, 59% used [0x00000007d9880000,0x00000007d9e1d0b0,0x00000007da200000)
  to   space 11264K, 0% used [0x00000007d8c00000,0x00000007d8c00000,0x00000007d9700000)
 ParOldGen       total 86016K, used 74220K [0x0000000781600000, 0x0000000786a00000, 0x00000007d5c80000)
  object space 86016K, 86% used [0x0000000781600000,0x0000000785e7b1f8,0x0000000786a00000)
 PSPermGen       total 22528K, used 22092K [0x000000077c400000, 0x000000077da00000, 0x0000000781600000)
  object space 22528K, 98% used [0x000000077c400000,0x000000077d993118,0x000000077da00000)
Event: 75.686 GC heap after
Heap after GC invocations=27 (full 0):
 PSYoungGen      total 49152K, used 1524K [0x00000007d5c80000, 0x00000007da000000, 0x0000000800000000)
  eden space 47616K, 0% used [0x00000007d5c80000,0x00000007d5c80000,0x00000007d8b00000)
  from space 1536K, 99% used [0x00000007d8c00000,0x00000007d8d7d020,0x00000007d8d80000)
  to   space 10752K, 0% used [0x00000007d9580000,0x00000007d9580000,0x00000007da000000)
 ParOldGen       total 86016K, used 83821K [0x0000000781600000, 0x0000000786a00000, 0x00000007d5c80000)
  object space 86016K, 97% used [0x0000000781600000,0x00000007867db758,0x0000000786a00000)
 PSPermGen       total 22528K, used 22092K [0x000000077c400000, 0x000000077da00000, 0x0000000781600000)
  object space 22528K, 98% used [0x000000077c400000,0x000000077d993118,0x000000077da00000)
}
Event: 75.686 GC heap before
{Heap before GC invocations=28 (full 1):
 PSYoungGen      total 49152K, used 1524K [0x00000007d5c80000, 0x00000007da000000, 0x0000000800000000)
  eden space 47616K, 0% used [0x00000007d5c80000,0x00000007d5c80000,0x00000007d8b00000)
  from space 1536K, 99% used [0x00000007d8c00000,0x00000007d8d7d020,0x00000007d8d80000)
  to   space 10752K, 0% used [0x00000007d9580000,0x00000007d9580000,0x00000007da000000)
 ParOldGen       total 86016K, used 83821K [0x0000000781600000, 0x0000000786a00000, 0x00000007d5c80000)
  object space 86016K, 97% used [0x0000000781600000,0x00000007867db758,0x0000000786a00000)
 PSPermGen       total 22528K, used 22092K [0x000000077c400000, 0x000000077da00000, 0x0000000781600000)
  object space 22528K, 98% used [0x000000077c400000,0x000000077d993118,0x000000077da00000)
Event: 75.818 GC heap after
Heap after GC invocations=28 (full 1):
 PSYoungGen      total 49152K, used 0K [0x00000007d5c80000, 0x00000007da000000, 0x0000000800000000)
  eden space 47616K, 0% used [0x00000007d5c80000,0x00000007d5c80000,0x00000007d8b00000)
  from space 1536K, 0% used [0x00000007d8c00000,0x00000007d8c00000,0x00000007d8d80000)
  to   space 10752K, 0% used [0x00000007d9580000,0x00000007d9580000,0x00000007da000000)
 ParOldGen       total 92160K, used 46180K [0x0000000781600000, 0x0000000787000000, 0x00000007d5c80000)
  object space 92160K, 50% used [0x0000000781600000,0x00000007843193d0,0x0000000787000000)
 PSPermGen       total 44544K, used 22085K [0x000000077c400000, 0x000000077ef80000, 0x0000000781600000)
  object space 44544K, 49% used [0x000000077c400000,0x000000077d9916d8,0x000000077ef80000)
}
Event: 81.873 GC heap before
{Heap before GC invocations=29 (full 1):
 PSYoungGen      total 49152K, used 46739K [0x00000007d5c80000, 0x00000007da000000, 0x0000000800000000)
  eden space 47616K, 98% used [0x00000007d5c80000,0x00000007d8a24db0,0x00000007d8b00000)
  from space 1536K, 0% used [0x00000007d8c00000,0x00000007d8c00000,0x00000007d8d80000)
  to   space 10752K, 0% used [0x00000007d9580000,0x00000007d9580000,0x00000007da000000)
 ParOldGen       total 92160K, used 46180K [0x0000000781600000, 0x0000000787000000, 0x00000007d5c80000)
  object space 92160K, 50% used [0x0000000781600000,0x00000007843193d0,0x0000000787000000)
 PSPermGen       total 44544K, used 22133K [0x000000077c400000, 0x000000077ef80000, 0x0000000781600000)
  object space 44544K, 49% used [0x000000077c400000,0x000000077d99d6a8,0x000000077ef80000)
Event: 81.876 GC heap after
Heap after GC invocations=29 (full 1):
 PSYoungGen      total 57344K, used 6492K [0x00000007d5c80000, 0x00000007da000000, 0x0000000800000000)
  eden space 46592K, 0% used [0x00000007d5c80000,0x00000007d5c80000,0x00000007d8a00000)
  from space 10752K, 60% used [0x00000007d9580000,0x00000007d9bd7070,0x00000007da000000)
  to   space 11264K, 0% used [0x00000007d8a00000,0x00000007d8a00000,0x00000007d9500000)
 ParOldGen       total 92160K, used 46180K [0x0000000781600000, 0x0000000787000000, 0x00000007d5c80000)
  object space 92160K, 50% used [0x0000000781600000,0x00000007843193d0,0x0000000787000000)
 PSPermGen       total 44544K, used 22133K [0x000000077c400000, 0x000000077ef80000, 0x0000000781600000)
  object space 44544K, 49% used [0x000000077c400000,0x000000077d99d6a8,0x000000077ef80000)
}
Event: 89.297 GC heap before
{Heap before GC invocations=30 (full 1):
 PSYoungGen      total 57344K, used 52310K [0x00000007d5c80000, 0x00000007da000000, 0x0000000800000000)
  eden space 46592K, 98% used [0x00000007d5c80000,0x00000007d893e8a0,0x00000007d8a00000)
  from space 10752K, 60% used [0x00000007d9580000,0x00000007d9bd7070,0x00000007da000000)
  to   space 11264K, 0% used [0x00000007d8a00000,0x00000007d8a00000,0x00000007d9500000)
 ParOldGen       total 92160K, used 46180K [0x0000000781600000, 0x0000000787000000, 0x00000007d5c80000)
  object space 92160K, 50% used [0x0000000781600000,0x00000007843193d0,0x0000000787000000)
 PSPermGen       total 44544K, used 22211K [0x000000077c400000, 0x000000077ef80000, 0x0000000781600000)
  object space 44544K, 49% used [0x000000077c400000,0x000000077d9b0f20,0x000000077ef80000)
Event: 89.303 GC heap after
Heap after GC invocations=30 (full 1):
 PSYoungGen      total 50688K, used 4820K [0x00000007d5c80000, 0x00000007d9e00000, 0x0000000800000000)
  eden space 45568K, 0% used [0x00000007d5c80000,0x00000007d5c80000,0x00000007d8900000)
  from space 5120K, 94% used [0x00000007d8a00000,0x00000007d8eb5070,0x00000007d8f00000)
  to   space 10752K, 0% used [0x00000007d9380000,0x00000007d9380000,0x00000007d9e00000)
 ParOldGen       total 92160K, used 49562K [0x0000000781600000, 0x0000000787000000, 0x00000007d5c80000)
  object space 92160K, 53% used [0x0000000781600000,0x0000000784666be0,0x0000000787000000)
 PSPermGen       total 44544K, used 22211K [0x000000077c400000, 0x000000077ef80000, 0x0000000781600000)
  object space 44544K, 49% used [0x000000077c400000,0x000000077d9b0f20,0x000000077ef80000)
}
Event: 91.711 GC heap before
{Heap before GC invocations=31 (full 1):
 PSYoungGen      total 50688K, used 49739K [0x00000007d5c80000, 0x00000007d9e00000, 0x0000000800000000)
  eden space 45568K, 98% used [0x00000007d5c80000,0x00000007d885deb8,0x00000007d8900000)
  from space 5120K, 94% used [0x00000007d8a00000,0x00000007d8eb5070,0x00000007d8f00000)
  to   space 10752K, 0% used [0x00000007d9380000,0x00000007d9380000,0x00000007d9e00000)
 ParOldGen       total 92160K, used 49562K [0x0000000781600000, 0x0000000787000000, 0x00000007d5c80000)
  object space 92160K, 53% used [0x0000000781600000,0x0000000784666be0,0x0000000787000000)
 PSPermGen       total 44544K, used 22215K [0x000000077c400000, 0x000000077ef80000, 0x0000000781600000)
  object space 44544K, 49% used [0x000000077c400000,0x000000077d9b1e28,0x000000077ef80000)
Event: 91.714 GC heap after
Heap after GC invocations=31 (full 1):
 PSYoungGen      total 54272K, used 1220K [0x00000007d5c80000, 0x00000007d9d00000, 0x0000000800000000)
  eden space 44544K, 0% used [0x00000007d5c80000,0x00000007d5c80000,0x00000007d8800000)
  from space 9728K, 12% used [0x00000007d9380000,0x00000007d94b1010,0x00000007d9d00000)
  to   space 10752K, 0% used [0x00000007d8800000,0x00000007d8800000,0x00000007d9280000)
 ParOldGen       total 92160K, used 57531K [0x0000000781600000, 0x0000000787000000, 0x00000007d5c80000)
  object space 92160K, 62% used [0x0000000781600000,0x0000000784e2ee10,0x0000000787000000)
 PSPermGen       total 44544K, used 22215K [0x000000077c400000, 0x000000077ef80000, 0x0000000781600000)
  object space 44544K, 49% used [0x000000077c400000,0x000000077d9b1e28,0x000000077ef80000)
}

Deoptimization events (10 events):
Event: 65.461 Thread 0x0000000013687800 Uncommon trap: reason=class_check action=maybe_recompile pc=0x00000000052e9624 method=java.io.BufferedInputStream.read([BII)I @ 101
Event: 65.461 Thread 0x0000000013687800 Uncommon trap: reason=class_check action=maybe_recompile pc=0x00000000052e9624 method=java.io.BufferedInputStream.read([BII)I @ 101
Event: 65.467 Thread 0x0000000013687800 Uncommon trap: reason=class_check action=maybe_recompile pc=0x00000000052e9624 method=java.io.BufferedInputStream.read([BII)I @ 101
Event: 65.469 Thread 0x0000000013687800 Uncommon trap: reason=unreached action=reinterpret pc=0x0000000005284ec4 method=java.lang.ThreadLocal$ThreadLocalMap.getEntry(Ljava/lang/ThreadLocal;)Ljava/lang/ThreadLocal$ThreadLocalMap$Entry; @ 21
Event: 65.472 Thread 0x0000000013687800 Uncommon trap: reason=class_check action=maybe_recompile pc=0x00000000052e9624 method=java.io.BufferedInputStream.read([BII)I @ 101
Event: 70.688 Thread 0x000000000f209800 Uncommon trap: reason=class_check action=maybe_recompile pc=0x000000000520c8b8 method=java.lang.AbstractStringBuilder.append(Ljava/lang/CharSequence;II)Ljava/lang/AbstractStringBuilder; @ 18
Event: 70.689 Thread 0x000000000f209800 Uncommon trap: reason=class_check action=maybe_recompile pc=0x000000000520c8b8 method=java.lang.AbstractStringBuilder.append(Ljava/lang/CharSequence;II)Ljava/lang/AbstractStringBuilder; @ 18
Event: 79.395 Thread 0x000000000f209800 Uncommon trap: reason=class_check action=maybe_recompile pc=0x000000000520c8b8 method=java.lang.AbstractStringBuilder.append(Ljava/lang/CharSequence;II)Ljava/lang/AbstractStringBuilder; @ 18
Event: 79.396 Thread 0x000000000f209800 Uncommon trap: reason=class_check action=maybe_recompile pc=0x000000000520c8b8 method=java.lang.AbstractStringBuilder.append(Ljava/lang/CharSequence;II)Ljava/lang/AbstractStringBuilder; @ 18
Event: 86.655 Thread 0x000000000f209800 Uncommon trap: reason=null_assert action=make_not_entrant pc=0x0000000005305178 method=java.awt.Toolkit$SelectiveAWTEventListener.eventDispatched(Ljava/awt/AWTEvent;)V @ 679

Internal exceptions (10 events):
Event: 65.470 Thread 0x000000000f209800 Threw 0x00000007d6aa5700 at C:\re\jdk7u55\869\hotspot\src\share\vm\prims\jvm.cpp:1244
Event: 65.473 Thread 0x000000000f209800 Threw 0x00000007d6ab1ae8 at C:\re\jdk7u55\869\hotspot\src\share\vm\prims\jvm.cpp:1244
Event: 70.639 Thread 0x000000000f209800 Threw 0x00000007d71c6c38 at C:\re\jdk7u55\869\hotspot\src\share\vm\prims\jvm.cpp:1244
Event: 70.646 Thread 0x000000000f209800 Threw 0x00000007d71ed410 at C:\re\jdk7u55\869\hotspot\src\share\vm\prims\jvm.cpp:1244
Event: 70.650 Thread 0x000000000f209800 Threw 0x00000007d71f6da8 at C:\re\jdk7u55\869\hotspot\src\share\vm\prims\jvm.cpp:1244
Event: 70.651 Thread 0x000000000f209800 Threw 0x00000007d71fdb58 at C:\re\jdk7u55\869\hotspot\src\share\vm\prims\jvm.cpp:1244
Event: 70.653 Thread 0x000000000f209800 Threw 0x00000007d7206530 at C:\re\jdk7u55\869\hotspot\src\share\vm\prims\jvm.cpp:1244
Event: 70.654 Thread 0x000000000f209800 Threw 0x00000007d720d3b8 at C:\re\jdk7u55\869\hotspot\src\share\vm\prims\jvm.cpp:1244
Event: 70.655 Thread 0x000000000f209800 Threw 0x00000007d7214940 at C:\re\jdk7u55\869\hotspot\src\share\vm\prims\jvm.cpp:1244
Event: 70.675 Thread 0x000000000f209800 Threw 0x00000007d7228498 at C:\re\jdk7u55\869\hotspot\src\share\vm\prims\jvm.cpp:1244

Events (10 events):
Event: 92.217 Executing VM operation: BulkRevokeBias
Event: 92.218 Executing VM operation: BulkRevokeBias done
Event: 92.246 Executing VM operation: BulkRevokeBias
Event: 92.247 Executing VM operation: BulkRevokeBias done
Event: 92.252 Executing VM operation: RevokeBias
Event: 92.252 Executing VM operation: RevokeBias done
Event: 92.257 Executing VM operation: BulkRevokeBias
Event: 92.257 Executing VM operation: BulkRevokeBias done
Event: 92.261 Executing VM operation: BulkRevokeBias
Event: 92.261 Executing VM operation: BulkRevokeBias done


Dynamic libraries:
0x00007ff7ead00000 - 0x00007ff7ead33000 	C:\Program Files\Java\jdk1.7.0_55\bin\java.exe
0x00007ffc31960000 - 0x00007ffc31b40000 	C:\WINDOWS\SYSTEM32\ntdll.dll
0x00007ffc2ef10000 - 0x00007ffc2efbe000 	C:\WINDOWS\System32\KERNEL32.DLL
0x00007ffc2de60000 - 0x00007ffc2e0c6000 	C:\WINDOWS\System32\KERNELBASE.dll
0x00007ffc30d30000 - 0x00007ffc30dd1000 	C:\WINDOWS\System32\ADVAPI32.dll
0x00007ffc2f070000 - 0x00007ffc2f10d000 	C:\WINDOWS\System32\msvcrt.dll
0x00007ffc2f2c0000 - 0x00007ffc2f31b000 	C:\WINDOWS\System32\sechost.dll
0x00007ffc313b0000 - 0x00007ffc314cf000 	C:\WINDOWS\System32\RPCRT4.dll
0x00007ffc2f130000 - 0x00007ffc2f2bf000 	C:\WINDOWS\System32\USER32.dll
0x00007ffc2e0d0000 - 0x00007ffc2e0f0000 	C:\WINDOWS\System32\win32u.dll
0x00007ffc2f040000 - 0x00007ffc2f068000 	C:\WINDOWS\System32\GDI32.dll
0x00007ffc2e0f0000 - 0x00007ffc2e283000 	C:\WINDOWS\System32\gdi32full.dll
0x00007ffc2e360000 - 0x00007ffc2e3fb000 	C:\WINDOWS\System32\msvcp_win.dll
0x00007ffc2dd60000 - 0x00007ffc2de56000 	C:\WINDOWS\System32\ucrtbase.dll
0x00007ffc23080000 - 0x00007ffc232e9000 	C:\WINDOWS\WinSxS\amd64_microsoft.windows.common-controls_6595b64144ccf1df_6.0.16299.125_none_15cbcf8893620c09\COMCTL32.dll
0x00007ffc2f390000 - 0x00007ffc2f698000 	C:\WINDOWS\System32\combase.dll
0x00007ffc2e2e0000 - 0x00007ffc2e352000 	C:\WINDOWS\System32\bcryptPrimitives.dll
0x00007ffc30b90000 - 0x00007ffc30bbd000 	C:\WINDOWS\System32\IMM32.DLL
0x0000000052960000 - 0x0000000052a32000 	C:\Program Files\Java\jdk1.7.0_55\jre\bin\msvcr100.dll
0x0000000052a40000 - 0x0000000053209000 	C:\Program Files\Java\jdk1.7.0_55\jre\bin\server\jvm.dll
0x00007ffc2ef00000 - 0x00007ffc2ef08000 	C:\WINDOWS\System32\PSAPI.DLL
0x00007ffc21990000 - 0x00007ffc21999000 	C:\WINDOWS\SYSTEM32\WSOCK32.dll
0x00007ffc2f320000 - 0x00007ffc2f38c000 	C:\WINDOWS\System32\WS2_32.dll
0x00007ffc2bd60000 - 0x00007ffc2bd83000 	C:\WINDOWS\SYSTEM32\WINMM.dll
0x00007ffc2bc20000 - 0x00007ffc2bc4a000 	C:\WINDOWS\SYSTEM32\WINMMBASE.dll
0x00007ffc2e290000 - 0x00007ffc2e2da000 	C:\WINDOWS\System32\cfgmgr32.dll
0x0000000052910000 - 0x000000005291f000 	C:\Program Files\Java\jdk1.7.0_55\jre\bin\verify.dll
0x00000000528e0000 - 0x0000000052908000 	C:\Program Files\Java\jdk1.7.0_55\jre\bin\java.dll
0x00000000528c0000 - 0x00000000528d5000 	C:\Program Files\Java\jdk1.7.0_55\jre\bin\zip.dll
0x00000000526e0000 - 0x0000000052875000 	C:\Program Files\Java\jdk1.7.0_55\jre\bin\awt.dll
0x00007ffc2ee30000 - 0x00007ffc2eef5000 	C:\WINDOWS\System32\OLEAUT32.dll
0x00007ffc2be80000 - 0x00007ffc2bf08000 	C:\WINDOWS\SYSTEM32\apphelp.dll
0x00007ffc2c000000 - 0x00007ffc2c095000 	C:\WINDOWS\system32\uxtheme.dll
0x00007ffc30bc0000 - 0x00007ffc30d27000 	C:\WINDOWS\System32\MSCTF.dll
0x00007ffc2c270000 - 0x00007ffc2c29a000 	C:\WINDOWS\system32\dwmapi.dll
0x00007ffc30ea0000 - 0x00007ffc30fe9000 	C:\WINDOWS\System32\ole32.dll
0x00007ffc2dd00000 - 0x00007ffc2dd11000 	C:\WINDOWS\System32\kernel.appcore.dll
0x00007ffc2f750000 - 0x00007ffc30b86000 	C:\WINDOWS\System32\SHELL32.dll
0x00007ffc2f6a0000 - 0x00007ffc2f746000 	C:\WINDOWS\System32\shcore.dll
0x00007ffc2e630000 - 0x00007ffc2ed77000 	C:\WINDOWS\System32\windows.storage.dll
0x00007ffc30e40000 - 0x00007ffc30e91000 	C:\WINDOWS\System32\shlwapi.dll
0x00007ffc2dcb0000 - 0x00007ffc2dcfc000 	C:\WINDOWS\System32\powrprof.dll
0x00007ffc2dd40000 - 0x00007ffc2dd5b000 	C:\WINDOWS\System32\profapi.dll
0x0000000052690000 - 0x00000000526d7000 	C:\Program Files\Java\jdk1.7.0_55\jre\bin\fontmanager.dll
0x00007ffc31300000 - 0x00007ffc3139e000 	C:\WINDOWS\System32\clbcatq.dll
0x00007ffc2a560000 - 0x00007ffc2a70b000 	C:\WINDOWS\SYSTEM32\WindowsCodecs.dll
0x00007ffc1f780000 - 0x00007ffc1f7cf000 	C:\WINDOWS\system32\dataexchange.dll
0x00007ffc2b400000 - 0x00007ffc2b6e1000 	C:\WINDOWS\system32\d3d11.dll
0x00007ffc2b7d0000 - 0x00007ffc2b912000 	C:\WINDOWS\system32\dcomp.dll
0x00007ffc2cb20000 - 0x00007ffc2cbcf000 	C:\WINDOWS\system32\dxgi.dll
0x00007ffc2c3f0000 - 0x00007ffc2c56b000 	C:\WINDOWS\system32\twinapi.appcore.dll
0x00007ffc2c360000 - 0x00007ffc2c380000 	C:\WINDOWS\system32\RMCLIENT.dll
0x00007ffc2d810000 - 0x00007ffc2d835000 	C:\WINDOWS\system32\bcrypt.dll
0x00000000528a0000 - 0x00000000528b9000 	C:\Program Files\Java\jdk1.7.0_55\jre\bin\net.dll
0x00007ffc2d4e0000 - 0x00007ffc2d546000 	C:\WINDOWS\system32\mswsock.dll
0x0000000052880000 - 0x0000000052891000 	C:\Program Files\Java\jdk1.7.0_55\jre\bin\nio.dll
0x0000000052640000 - 0x0000000052681000 	C:\Program Files\Java\jdk1.7.0_55\jre\bin\t2k.dll
0x00007ffbfff60000 - 0x00007ffbfffb1000 	C:\Users\User\.javacpp\cache\opencv-windows-x86_64.jar\org\bytedeco\javacpp\windows-x86_64\concrt140.dll
0x00007ffc05210000 - 0x00007ffc052ac000 	C:\WINDOWS\SYSTEM32\MSVCP140.dll
0x00007ffc22fb0000 - 0x00007ffc22fc6000 	C:\WINDOWS\SYSTEM32\VCRUNTIME140.dll
0x00007ffbffec0000 - 0x00007ffbfff5d000 	C:\Users\User\.javacpp\cache\opencv-windows-x86_64.jar\org\bytedeco\javacpp\windows-x86_64\msvcp140.dll
0x00007ffc27090000 - 0x00007ffc270a7000 	C:\Users\User\.javacpp\cache\opencv-windows-x86_64.jar\org\bytedeco\javacpp\windows-x86_64\vcruntime140.dll
0x0000000011250000 - 0x0000000011253000 	C:\Users\User\.javacpp\cache\opencv-windows-x86_64.jar\org\bytedeco\javacpp\windows-x86_64\api-ms-win-crt-locale-l1-1-0.dll
0x0000000011260000 - 0x0000000011264000 	C:\Users\User\.javacpp\cache\opencv-windows-x86_64.jar\org\bytedeco\javacpp\windows-x86_64\api-ms-win-crt-string-l1-1-0.dll
0x0000000011270000 - 0x0000000011274000 	C:\Users\User\.javacpp\cache\opencv-windows-x86_64.jar\org\bytedeco\javacpp\windows-x86_64\api-ms-win-crt-stdio-l1-1-0.dll
0x0000000011280000 - 0x0000000011285000 	C:\Users\User\.javacpp\cache\opencv-windows-x86_64.jar\org\bytedeco\javacpp\windows-x86_64\api-ms-win-crt-math-l1-1-0.dll
0x0000000011290000 - 0x0000000011293000 	C:\Users\User\.javacpp\cache\opencv-windows-x86_64.jar\org\bytedeco\javacpp\windows-x86_64\api-ms-win-crt-heap-l1-1-0.dll
0x00000000112a0000 - 0x00000000112a4000 	C:\Users\User\.javacpp\cache\opencv-windows-x86_64.jar\org\bytedeco\javacpp\windows-x86_64\api-ms-win-crt-runtime-l1-1-0.dll
0x00000000112b0000 - 0x00000000112b4000 	C:\Users\User\.javacpp\cache\opencv-windows-x86_64.jar\org\bytedeco\javacpp\windows-x86_64\api-ms-win-crt-convert-l1-1-0.dll
0x00000000112c0000 - 0x00000000112c3000 	C:\Users\User\.javacpp\cache\opencv-windows-x86_64.jar\org\bytedeco\javacpp\windows-x86_64\api-ms-win-crt-environment-l1-1-0.dll
0x00000000112d0000 - 0x00000000112d3000 	C:\Users\User\.javacpp\cache\opencv-windows-x86_64.jar\org\bytedeco\javacpp\windows-x86_64\api-ms-win-crt-time-l1-1-0.dll
0x00000000112e0000 - 0x00000000112e3000 	C:\Users\User\.javacpp\cache\opencv-windows-x86_64.jar\org\bytedeco\javacpp\windows-x86_64\api-ms-win-crt-filesystem-l1-1-0.dll
0x00000000112f0000 - 0x00000000112f3000 	C:\Users\User\.javacpp\cache\opencv-windows-x86_64.jar\org\bytedeco\javacpp\windows-x86_64\api-ms-win-crt-utility-l1-1-0.dll
0x0000000011300000 - 0x0000000011305000 	C:\Users\User\.javacpp\cache\opencv-windows-x86_64.jar\org\bytedeco\javacpp\windows-x86_64\api-ms-win-crt-multibyte-l1-1-0.dll
0x00007ffbf6640000 - 0x00007ffbf6946000 	C:\Users\User\.javacpp\cache\opencv-windows-x86_64.jar\org\bytedeco\javacpp\windows-x86_64\opencv_core340.dll
0x00007ffbf5ea0000 - 0x00007ffbf62ac000 	C:\Users\User\.javacpp\cache\opencv-windows-x86_64.jar\org\bytedeco\javacpp\windows-x86_64\opencv_imgproc340.dll
0x00007ffbf5840000 - 0x00007ffbf5bbb000 	C:\Users\User\.javacpp\cache\opencv-windows-x86_64.jar\org\bytedeco\javacpp\windows-x86_64\jniopencv_core.dll
0x00007ffc2d2b0000 - 0x00007ffc2d366000 	C:\WINDOWS\SYSTEM32\DNSAPI.dll
0x00007ffc31920000 - 0x00007ffc31928000 	C:\WINDOWS\System32\NSI.dll
0x00007ffc2d270000 - 0x00007ffc2d2a9000 	C:\WINDOWS\SYSTEM32\IPHLPAPI.DLL
0x00000000535a0000 - 0x00000000535c6000 	C:\Program Files\Bonjour\mdnsNSP.dll
0x00007ffc23e60000 - 0x00007ffc23e6a000 	C:\Windows\System32\rasadhlp.dll
0x00007ffc24620000 - 0x00007ffc24690000 	C:\WINDOWS\System32\fwpuclnt.dll
0x00007ffc24450000 - 0x00007ffc244e8000 	C:\WINDOWS\System32\TextInputFramework.dll
0x00007ffc2b6f0000 - 0x00007ffc2b7cd000 	C:\WINDOWS\System32\CoreMessaging.dll
0x00007ffc29f40000 - 0x00007ffc2a22e000 	C:\WINDOWS\System32\CoreUIComponents.dll
0x00007ffc2cdf0000 - 0x00007ffc2ce21000 	C:\WINDOWS\SYSTEM32\ntmarta.dll
0x00007ffc29da0000 - 0x00007ffc29ed6000 	C:\WINDOWS\SYSTEM32\wintypes.dll
0x00000000525c0000 - 0x00000000525ea000 	C:\Program Files\Java\jdk1.7.0_55\jre\bin\dcpr.dll
0x00007ffbfc310000 - 0x00007ffbfc465000 	C:\Users\User\.javacpp\cache\opencv-windows-x86_64.jar\org\bytedeco\javacpp\windows-x86_64\jniopencv_imgproc.dll
0x00007ffbf6370000 - 0x00007ffbf663c000 	C:\Users\User\.javacpp\cache\opencv-windows-x86_64.jar\org\bytedeco\javacpp\windows-x86_64\opencv_imgcodecs340.dll
0x00007ffc07030000 - 0x00007ffc07064000 	C:\Users\User\.javacpp\cache\opencv-windows-x86_64.jar\org\bytedeco\javacpp\windows-x86_64\jniopencv_imgcodecs.dll
0x00007ffc06260000 - 0x00007ffc062ab000 	C:\Users\User\.javacpp\cache\opencv-windows-x86_64.jar\org\bytedeco\javacpp\windows-x86_64\opencv_videoio340.dll
0x00007ffc27070000 - 0x00007ffc2708f000 	C:\WINDOWS\SYSTEM32\AVIFIL32.dll
0x00007ffc0acf0000 - 0x00007ffc0ad19000 	C:\WINDOWS\SYSTEM32\MSVFW32.dll
0x00007ffc12380000 - 0x00007ffc12398000 	C:\WINDOWS\SYSTEM32\AVICAP32.dll
0x00007ffc282a0000 - 0x00007ffc282bc000 	C:\WINDOWS\SYSTEM32\MSACM32.dll
0x00007ffc122b0000 - 0x00007ffc122cf000 	C:\Users\User\.javacpp\cache\opencv-windows-x86_64.jar\org\bytedeco\javacpp\windows-x86_64\jniopencv_videoio.dll
0x00007ffc12260000 - 0x00007ffc12278000 	C:\Windows\System32\devenum.dll
0x00007ffc314d0000 - 0x00007ffc3191e000 	C:\WINDOWS\System32\setupapi.dll
0x00007ffc2dac0000 - 0x00007ffc2dae7000 	C:\WINDOWS\SYSTEM32\DEVOBJ.dll
0x00007ffc2e5d0000 - 0x00007ffc2e628000 	C:\WINDOWS\System32\WINTRUST.dll
0x00007ffc2dd20000 - 0x00007ffc2dd32000 	C:\WINDOWS\System32\MSASN1.dll
0x00007ffc2e400000 - 0x00007ffc2e5ce000 	C:\WINDOWS\System32\CRYPT32.dll
0x00007ffc28290000 - 0x00007ffc2829a000 	C:\WINDOWS\SYSTEM32\msdmo.dll
0x00007ffc05400000 - 0x00007ffc05433000 	C:\Windows\System32\qcap.dll
0x00007ffbf5ce0000 - 0x00007ffbf5e9c000 	C:\Windows\System32\quartz.dll
0x00007ffc03830000 - 0x00007ffc0387e000 	C:\Windows\System32\mfksproxy.dll
0x00007ffc29500000 - 0x00007ffc2951d000 	C:\Windows\System32\ATL.DLL
0x00007ffc08320000 - 0x00007ffc08356000 	C:\Windows\System32\MFSENSORGROUP.dll
0x00007ffc210c0000 - 0x00007ffc21271000 	C:\Windows\System32\MFPlat.DLL
0x00007ffc266c0000 - 0x00007ffc266f2000 	C:\Windows\System32\RTWorkQ.DLL
0x00007ffbffe70000 - 0x00007ffbffeb9000 	C:\Windows\System32\ksproxy.ax
0x00007ffbfd200000 - 0x00007ffbfd395000 	C:\Windows\System32\d3d9.dll
0x00007ffc29580000 - 0x00007ffc29589000 	C:\Windows\System32\ksuser.dll
0x00007ffc258a0000 - 0x00007ffc2591b000 	C:\WINDOWS\SYSTEM32\policymanager.dll
0x00007ffc28ca0000 - 0x00007ffc28d30000 	C:\Windows\System32\msvcp110_win.dll
0x00007ffc27190000 - 0x00007ffc2719c000 	C:\Windows\System32\vidcap.ax
0x00007ffc06eb0000 - 0x00007ffc06ed6000 	C:\Windows\System32\kswdmcap.ax
0x00007ffbf5570000 - 0x00007ffbf56d5000 	C:\Windows\System32\MFC42.dll
0x00007ffbffc40000 - 0x00007ffbffce0000 	C:\Windows\System32\qedit.dll
0x00007ffc30ff0000 - 0x00007ffc310fa000 	C:\WINDOWS\System32\COMDLG32.dll
0x00007ffc1fe00000 - 0x00007ffc1ff9c000 	C:\WINDOWS\WinSxS\amd64_microsoft.windows.gdiplus_6595b64144ccf1df_1.1.16299.125_none_46b6c26dedf485d7\gdiplus.dll
0x00007ffbff000000 - 0x00007ffbff0f6000 	C:\Windows\System32\DDRAW.dll
0x00007ffc27040000 - 0x00007ffc27048000 	C:\Windows\System32\DCIMAN32.dll
0x00007ffbfece0000 - 0x00007ffbfed73000 	C:\Users\User\.javacpp\cache\opencv-windows-x86_64.jar\org\bytedeco\javacpp\windows-x86_64\opencv_objdetect340.dll
0x00007ffbffdf0000 - 0x00007ffbffe69000 	C:\Users\User\.javacpp\cache\opencv-windows-x86_64.jar\org\bytedeco\javacpp\windows-x86_64\jniopencv_objdetect.dll
0x00000000524e0000 - 0x0000000052510000 	C:\Program Files\Java\jdk1.7.0_55\jre\bin\jpeg.dll

VM Arguments:
jvm_args: -Dfile.encoding=UTF-8 
java_command: UIL.FrameRecognizer
Launcher Type: SUN_STANDARD

Environment Variables:
PATH=C:\Program Files (x86)\Intel\iCLS Client\;C:\Program Files\Intel\iCLS Client\;C:\WINDOWS\system32;C:\WINDOWS;C:\WINDOWS\System32\Wbem;C:\WINDOWS\System32\WindowsPowerShell\v1.0\;C:\Program Files (x86)\Intel\Intel(R) Management Engine Components\DAL;C:\Program Files\Intel\Intel(R) Management Engine Components\DAL;C:\Program Files (x86)\Intel\Intel(R) Management Engine Components\IPT;C:\Program Files\Intel\Intel(R) Management Engine Components\IPT;C:\WINDOWS\system32\config\systemprofile\.dnx\bin;C:\Program Files\Microsoft DNX\Dnvm\;C:\Program Files (x86)\Microsoft SQL Server\Client SDK\ODBC\110\Tools\Binn\;C:\Program Files (x86)\Microsoft SQL Server\120\Tools\Binn\;C:\Program Files (x86)\Microsoft SQL Server\120\DTS\Binn\;C:\Program Files (x86)\Microsoft SQL Server\120\Tools\Binn\ManagementStudio\;C:\Users\User\AppData\Local\Microsoft\WindowsApps;
USERNAME=User
OS=Windows_NT
PROCESSOR_IDENTIFIER=Intel64 Family 6 Model 61 Stepping 4, GenuineIntel



---------------  S Y S T E M  ---------------

OS: Windows 8.1 , 64 bit Build 9600 

CPU:total 4 (2 cores per cpu, 2 threads per core) family 6 model 61 stepping 4, cmov, cx8, fxsr, mmx, sse, sse2, sse3, ssse3, sse4.1, sse4.2, popcnt, avx, avx2, aes, erms, ht, tsc, tscinvbit

Memory: 4k page, physical 8296436k(3854444k free), swap 9607156k(4313008k free)

vm_info: Java HotSpot(TM) 64-Bit Server VM (24.55-b03) for windows-amd64 JRE (1.7.0_55-b13), built on Mar 17 2014 19:45:30 by "java_re" with unknown MS VC++:1600

time: Sat Apr 07 20:25:18 2018
elapsed time: 92 seconds

