#
# A fatal error has been detected by the Java Runtime Environment:
#
#  EXCEPTION_ACCESS_VIOLATION (0xc0000005) at pc=0x00007ffc319abe4b, pid=13768, tid=35044
#
# JRE version: Java(TM) SE Runtime Environment (7.0_55-b13) (build 1.7.0_55-b13)
# Java VM: Java HotSpot(TM) 64-Bit Server VM (24.55-b03 mixed mode windows-amd64 compressed oops)
# Problematic frame:
# C  [ntdll.dll+0x4be4b]
#
# Failed to write core dump. Minidumps are not enabled by default on client versions of Windows
#
# If you would like to submit a bug report, please visit:
#   http://bugreport.sun.com/bugreport/crash.jsp
# The crash happened outside the Java Virtual Machine in native code.
# See problematic frame for where to report the bug.
#

---------------  T H R E A D  ---------------

Current thread (0x000000000ef27000):  JavaThread "Thread-3" daemon [_thread_in_native, id=35044, stack(0x0000000010e30000,0x0000000010f30000)]

siginfo: ExceptionCode=0xc0000005, writing address 0x0000000000000024

Registers:
RAX=0x0000000000000000, RBX=0x00000000031c7728, RCX=0x00000000031c7728, RDX=0xffffffffffffffff
RSP=0x0000000010f2f1f0, RBP=0x0000000010f2f260, RSI=0x0000000000000000, RDI=0x0000000000000000
R8 =0x0000000000000000, R9 =0x0000000000000000, R10=0x0000000000000000, R11=0x0000000000000246
R12=0x0000000000000000, R13=0x000000077d4db428, R14=0x0000000000000000, R15=0x000000000ef27000
RIP=0x00007ffc319abe4b, EFLAGS=0x0000000000010213

Top of Stack: (sp=0x0000000010f2f1f0)
0x0000000010f2f1f0:   ffffffffffffffff 00000000031c7728
0x0000000010f2f200:   00000007ddf0d078 00000007ddf25308
0x0000000010f2f210:   00000007d5f0eda0 0000000000000000
0x0000000010f2f220:   00000007ddf0d030 0000000000e10000
0x0000000010f2f230:   4081800000000000 0000000010f2f280
0x0000000010f2f240:   4084700000000000 00000007d5f0ebd8
0x0000000010f2f250:   4060600000000000 00007ffc2de73b2f
0x0000000010f2f260:   000000000ef27000 0000000000000001
0x0000000010f2f270:   000000077d4db428 0000000000000000
0x0000000010f2f280:   0000000000000000 0000000010f2f500
0x0000000010f2f290:   0000000000000001 00007ffc31980c39
0x0000000010f2f2a0:   0000000000000000 00000000031c7728
0x0000000010f2f2b0:   00000000fffffffa 0000000000000000
0x0000000010f2f2c0:   000000001a081100 00007ffc31980b50
0x0000000010f2f2d0:   00007ffc120a3e70 0000000000000000
0x0000000010f2f2e0:   0000000010f2f500 00007ffc120a3e70 

Instructions: (pc=0x00007ffc319abe4b)
0x00007ffc319abe2b:   0f 45 f6 48 39 73 18 0f 84 bb 01 00 00 48 83 3b
0x00007ffc319abe3b:   ff 0f 84 be 01 00 00 48 8b 03 48 83 f8 ff 74 03
0x00007ffc319abe4b:   ff 40 24 48 8b 7b 18 44 8b ee 48 89 7d c0 e8 12
0x00007ffc319abe5b:   ae fd ff 85 c0 0f 85 e2 13 07 00 b9 82 03 fe 7f 


Register to memory mapping:

RAX=0x0000000000000000 is an unknown value
RBX=0x00000000031c7728 is an unknown value
RCX=0x00000000031c7728 is an unknown value
RDX=0xffffffffffffffff is an unknown value
RSP=0x0000000010f2f1f0 is pointing into the stack for thread: 0x000000000ef27000
RBP=0x0000000010f2f260 is pointing into the stack for thread: 0x000000000ef27000
RSI=0x0000000000000000 is an unknown value
RDI=0x0000000000000000 is an unknown value
R8 =0x0000000000000000 is an unknown value
R9 =0x0000000000000000 is an unknown value
R10=0x0000000000000000 is an unknown value
R11=0x0000000000000246 is an unknown value
R12=0x0000000000000000 is an unknown value
R13=0x000000077d4db428 is an oop
{method} 
 - klass: {other class}
R14=0x0000000000000000 is an unknown value
R15=0x000000000ef27000 is a thread


Stack: [0x0000000010e30000,0x0000000010f30000],  sp=0x0000000010f2f1f0,  free space=1020k
Native frames: (J=compiled Java code, j=interpreted, Vv=VM code, C=native code)
C  [ntdll.dll+0x4be4b]

Java frames: (J=compiled Java code, j=interpreted, Vv=VM code)
j  org.bytedeco.javacpp.opencv_videoio$VideoCapture.retrieve(Lorg/bytedeco/javacpp/opencv_core$Mat;)Z+0
j  org.bytedeco.javacv.OpenCVFrameGrabber.grab()Lorg/bytedeco/javacv/Frame;+8
j  UIL.FrameRecognizer$captureImage.run()V+39
j  java.lang.Thread.run()V+11
v  ~StubRoutines::call_stub

---------------  P R O C E S S  ---------------

Java Threads: ( => current thread )
  0x000000000f488800 JavaThread "Image Fetcher 0" daemon [_thread_blocked, id=37820, stack(0x000000001ea10000,0x000000001eb10000)]
  0x000000000f49b000 JavaThread "TimerQueue" daemon [_thread_blocked, id=38172, stack(0x0000000011280000,0x0000000011380000)]
  0x000000000ef45800 JavaThread "JavaCPP Deallocator" daemon [_thread_blocked, id=22124, stack(0x0000000011030000,0x0000000011130000)]
  0x000000000ef3e000 JavaThread "Abandoned connection cleanup thread" daemon [_thread_blocked, id=24724, stack(0x0000000010f30000,0x0000000011030000)]
=>0x000000000ef27000 JavaThread "Thread-3" daemon [_thread_in_native, id=35044, stack(0x0000000010e30000,0x0000000010f30000)]
  0x0000000004e82800 JavaThread "DestroyJavaVM" [_thread_blocked, id=34768, stack(0x0000000004d80000,0x0000000004e80000)]
  0x000000000f0f6800 JavaThread "AWT-EventQueue-0" [_thread_in_native, id=37104, stack(0x00000000102f0000,0x00000000103f0000)]
  0x000000000ed32000 JavaThread "AWT-Windows" daemon [_thread_in_native, id=37700, stack(0x000000000fbb0000,0x000000000fcb0000)]
  0x000000000ed31000 JavaThread "AWT-Shutdown" [_thread_blocked, id=32820, stack(0x000000000fab0000,0x000000000fbb0000)]
  0x000000000ed30800 JavaThread "Java2D Disposer" daemon [_thread_blocked, id=38720, stack(0x000000000f9b0000,0x000000000fab0000)]
  0x000000000d316800 JavaThread "Service Thread" daemon [_thread_blocked, id=28904, stack(0x000000000ea70000,0x000000000eb70000)]
  0x000000000d313000 JavaThread "C2 CompilerThread1" daemon [_thread_blocked, id=32980, stack(0x000000000e970000,0x000000000ea70000)]
  0x000000000d305000 JavaThread "C2 CompilerThread0" daemon [_thread_blocked, id=36188, stack(0x000000000e870000,0x000000000e970000)]
  0x000000000d304800 JavaThread "Attach Listener" daemon [_thread_blocked, id=37324, stack(0x000000000e770000,0x000000000e870000)]
  0x000000000d301000 JavaThread "Signal Dispatcher" daemon [_thread_blocked, id=22884, stack(0x000000000e670000,0x000000000e770000)]
  0x000000000d2d0800 JavaThread "Finalizer" daemon [_thread_blocked, id=37772, stack(0x000000000e570000,0x000000000e670000)]
  0x000000000d2c5800 JavaThread "Reference Handler" daemon [_thread_blocked, id=31284, stack(0x000000000e470000,0x000000000e570000)]

Other Threads:
  0x000000000d2c4800 VMThread [stack: 0x000000000e370000,0x000000000e470000] [id=38144]
  0x000000000eba0800 WatcherThread [stack: 0x000000000ef70000,0x000000000f070000] [id=34708]

VM state:not at safepoint (normal execution)

VM Mutex/Monitor currently owned by a thread: None

Heap
 PSYoungGen      total 133120K, used 82080K [0x00000007d5c80000, 0x00000007de880000, 0x0000000800000000)
  eden space 128000K, 60% used [0x00000007d5c80000,0x00000007da7aa998,0x00000007dd980000)
  from space 5120K, 99% used [0x00000007dde80000,0x00000007de37d9c0,0x00000007de380000)
  to   space 5120K, 0% used [0x00000007de380000,0x00000007de380000,0x00000007de880000)
 ParOldGen       total 86016K, used 5714K [0x0000000781600000, 0x0000000786a00000, 0x00000007d5c80000)
  object space 86016K, 6% used [0x0000000781600000,0x0000000781b94b78,0x0000000786a00000)
 PSPermGen       total 21504K, used 20111K [0x000000077c400000, 0x000000077d900000, 0x0000000781600000)
  object space 21504K, 93% used [0x000000077c400000,0x000000077d7a3d70,0x000000077d900000)

Card table byte_map: [0x0000000008050000,0x0000000008470000] byte_map_base: 0x000000000446e000

Polling page: 0x0000000004d50000

Code Cache  [0x0000000004f90000, 0x0000000005200000, 0x0000000007f90000)
 total_blobs=902 nmethods=286 adapters=568 free_code_cache=47407Kb largest_free_block=48514688

Compilation events (10 events):
Event: 8.991 Thread 0x000000000d305000  284             java.util.Hashtable::rehash (168 bytes)
Event: 8.997 Thread 0x000000000d305000 nmethod 284 0x0000000005140ed0 code [0x0000000005141060, 0x0000000005141468]
Event: 9.004 Thread 0x000000000d313000  285             java.util.Properties$LineReader::readLine (452 bytes)
Event: 9.004 Thread 0x000000000d305000  286 %           java.util.Properties::load0 @ 30 (250 bytes)
Event: 9.017 Thread 0x000000000d313000 nmethod 285 0x0000000005142a90 code [0x0000000005142c40, 0x0000000005143570]
Event: 9.036 Thread 0x000000000d305000 nmethod 286% 0x0000000005149f90 code [0x000000000514a140, 0x000000000514af50]
Event: 9.078 Thread 0x000000000d313000  287             java.lang.ref.Reference::get (5 bytes)
Event: 9.078 Thread 0x000000000d313000 nmethod 287 0x00000000051416d0 code [0x0000000005141800, 0x0000000005141878]
Event: 9.195 Thread 0x000000000d305000  288             java.lang.Math::max (11 bytes)
Event: 9.195 Thread 0x000000000d305000 nmethod 288 0x0000000005025d10 code [0x0000000005025e40, 0x0000000005025e98]

GC Heap History (10 events):
Event: 1.115 GC heap before
{Heap before GC invocations=1 (full 0):
 PSYoungGen      total 38400K, used 33280K [0x00000007d5c80000, 0x00000007d8700000, 0x0000000800000000)
  eden space 33280K, 100% used [0x00000007d5c80000,0x00000007d7d00000,0x00000007d7d00000)
  from space 5120K, 0% used [0x00000007d8200000,0x00000007d8200000,0x00000007d8700000)
  to   space 5120K, 0% used [0x00000007d7d00000,0x00000007d7d00000,0x00000007d8200000)
 ParOldGen       total 86016K, used 0K [0x0000000781600000, 0x0000000786a00000, 0x00000007d5c80000)
  object space 86016K, 0% used [0x0000000781600000,0x0000000781600000,0x0000000786a00000)
 PSPermGen       total 21504K, used 16208K [0x000000077c400000, 0x000000077d900000, 0x0000000781600000)
  object space 21504K, 75% used [0x000000077c400000,0x000000077d3d4090,0x000000077d900000)
Event: 1.129 GC heap after
Heap after GC invocations=1 (full 0):
 PSYoungGen      total 38400K, used 5100K [0x00000007d5c80000, 0x00000007da780000, 0x0000000800000000)
  eden space 33280K, 0% used [0x00000007d5c80000,0x00000007d5c80000,0x00000007d7d00000)
  from space 5120K, 99% used [0x00000007d7d00000,0x00000007d81fb000,0x00000007d8200000)
  to   space 5120K, 0% used [0x00000007da280000,0x00000007da280000,0x00000007da780000)
 ParOldGen       total 86016K, used 588K [0x0000000781600000, 0x0000000786a00000, 0x00000007d5c80000)
  object space 86016K, 0% used [0x0000000781600000,0x0000000781693050,0x0000000786a00000)
 PSPermGen       total 21504K, used 16208K [0x000000077c400000, 0x000000077d900000, 0x0000000781600000)
  object space 21504K, 75% used [0x000000077c400000,0x000000077d3d4090,0x000000077d900000)
}
Event: 1.556 GC heap before
{Heap before GC invocations=2 (full 0):
 PSYoungGen      total 38400K, used 38380K [0x00000007d5c80000, 0x00000007da780000, 0x0000000800000000)
  eden space 33280K, 100% used [0x00000007d5c80000,0x00000007d7d00000,0x00000007d7d00000)
  from space 5120K, 99% used [0x00000007d7d00000,0x00000007d81fb000,0x00000007d8200000)
  to   space 5120K, 0% used [0x00000007da280000,0x00000007da280000,0x00000007da780000)
 ParOldGen       total 86016K, used 588K [0x0000000781600000, 0x0000000786a00000, 0x00000007d5c80000)
  object space 86016K, 0% used [0x0000000781600000,0x0000000781693050,0x0000000786a00000)
 PSPermGen       total 21504K, used 17836K [0x000000077c400000, 0x000000077d900000, 0x0000000781600000)
  object space 21504K, 82% used [0x000000077c400000,0x000000077d56b310,0x000000077d900000)
Event: 1.565 GC heap after
Heap after GC invocations=2 (full 0):
 PSYoungGen      total 71680K, used 5089K [0x00000007d5c80000, 0x00000007da780000, 0x0000000800000000)
  eden space 66560K, 0% used [0x00000007d5c80000,0x00000007d5c80000,0x00000007d9d80000)
  from space 5120K, 99% used [0x00000007da280000,0x00000007da778620,0x00000007da780000)
  to   space 5120K, 0% used [0x00000007d9d80000,0x00000007d9d80000,0x00000007da280000)
 ParOldGen       total 86016K, used 1077K [0x0000000781600000, 0x0000000786a00000, 0x00000007d5c80000)
  object space 86016K, 1% used [0x0000000781600000,0x000000078170d740,0x0000000786a00000)
 PSPermGen       total 21504K, used 17836K [0x000000077c400000, 0x000000077d900000, 0x0000000781600000)
  object space 21504K, 82% used [0x000000077c400000,0x000000077d56b310,0x000000077d900000)
}
Event: 4.503 GC heap before
{Heap before GC invocations=3 (full 0):
 PSYoungGen      total 71680K, used 71036K [0x00000007d5c80000, 0x00000007da780000, 0x0000000800000000)
  eden space 66560K, 99% used [0x00000007d5c80000,0x00000007d9ce6c28,0x00000007d9d80000)
  from space 5120K, 99% used [0x00000007da280000,0x00000007da778620,0x00000007da780000)
  to   space 5120K, 0% used [0x00000007d9d80000,0x00000007d9d80000,0x00000007da280000)
 ParOldGen       total 86016K, used 1077K [0x0000000781600000, 0x0000000786a00000, 0x00000007d5c80000)
  object space 86016K, 1% used [0x0000000781600000,0x000000078170d740,0x0000000786a00000)
 PSPermGen       total 21504K, used 18098K [0x000000077c400000, 0x000000077d900000, 0x0000000781600000)
  object space 21504K, 84% used [0x000000077c400000,0x000000077d5acb98,0x000000077d900000)
Event: 4.519 GC heap after
Heap after GC invocations=3 (full 0):
 PSYoungGen      total 71680K, used 5110K [0x00000007d5c80000, 0x00000007de880000, 0x0000000800000000)
  eden space 66560K, 0% used [0x00000007d5c80000,0x00000007d5c80000,0x00000007d9d80000)
  from space 5120K, 99% used [0x00000007d9d80000,0x00000007da27d9d0,0x00000007da280000)
  to   space 5120K, 0% used [0x00000007de380000,0x00000007de380000,0x00000007de880000)
 ParOldGen       total 86016K, used 2381K [0x0000000781600000, 0x0000000786a00000, 0x00000007d5c80000)
  object space 86016K, 2% used [0x0000000781600000,0x00000007818534b0,0x0000000786a00000)
 PSPermGen       total 21504K, used 18098K [0x000000077c400000, 0x000000077d900000, 0x0000000781600000)
  object space 21504K, 84% used [0x000000077c400000,0x000000077d5acb98,0x000000077d900000)
}
Event: 6.415 GC heap before
{Heap before GC invocations=4 (full 0):
 PSYoungGen      total 71680K, used 71670K [0x00000007d5c80000, 0x00000007de880000, 0x0000000800000000)
  eden space 66560K, 100% used [0x00000007d5c80000,0x00000007d9d80000,0x00000007d9d80000)
  from space 5120K, 99% used [0x00000007d9d80000,0x00000007da27d9d0,0x00000007da280000)
  to   space 5120K, 0% used [0x00000007de380000,0x00000007de380000,0x00000007de880000)
 ParOldGen       total 86016K, used 2381K [0x0000000781600000, 0x0000000786a00000, 0x00000007d5c80000)
  object space 86016K, 2% used [0x0000000781600000,0x00000007818534b0,0x0000000786a00000)
 PSPermGen       total 21504K, used 18342K [0x000000077c400000, 0x000000077d900000, 0x0000000781600000)
  object space 21504K, 85% used [0x000000077c400000,0x000000077d5e98a8,0x000000077d900000)
Event: 6.425 GC heap after
Heap after GC invocations=4 (full 0):
 PSYoungGen      total 138240K, used 5094K [0x00000007d5c80000, 0x00000007de880000, 0x0000000800000000)
  eden space 133120K, 0% used [0x00000007d5c80000,0x00000007d5c80000,0x00000007dde80000)
  from space 5120K, 99% used [0x00000007de380000,0x00000007de8799c0,0x00000007de880000)
  to   space 5120K, 0% used [0x00000007dde80000,0x00000007dde80000,0x00000007de380000)
 ParOldGen       total 86016K, used 3617K [0x0000000781600000, 0x0000000786a00000, 0x00000007d5c80000)
  object space 86016K, 4% used [0x0000000781600000,0x0000000781988740,0x0000000786a00000)
 PSPermGen       total 21504K, used 18342K [0x000000077c400000, 0x000000077d900000, 0x0000000781600000)
  object space 21504K, 85% used [0x000000077c400000,0x000000077d5e98a8,0x000000077d900000)
}
Event: 8.943 GC heap before
{Heap before GC invocations=5 (full 0):
 PSYoungGen      total 138240K, used 138214K [0x00000007d5c80000, 0x00000007de880000, 0x0000000800000000)
  eden space 133120K, 100% used [0x00000007d5c80000,0x00000007dde80000,0x00000007dde80000)
  from space 5120K, 99% used [0x00000007de380000,0x00000007de8799c0,0x00000007de880000)
  to   space 5120K, 0% used [0x00000007dde80000,0x00000007dde80000,0x00000007de380000)
 ParOldGen       total 86016K, used 3617K [0x0000000781600000, 0x0000000786a00000, 0x00000007d5c80000)
  object space 86016K, 4% used [0x0000000781600000,0x0000000781988740,0x0000000786a00000)
 PSPermGen       total 21504K, used 19571K [0x000000077c400000, 0x000000077d900000, 0x0000000781600000)
  object space 21504K, 91% used [0x000000077c400000,0x000000077d71cc00,0x000000077d900000)
Event: 8.955 GC heap after
Heap after GC invocations=5 (full 0):
 PSYoungGen      total 133120K, used 5110K [0x00000007d5c80000, 0x00000007de880000, 0x0000000800000000)
  eden space 128000K, 0% used [0x00000007d5c80000,0x00000007d5c80000,0x00000007dd980000)
  from space 5120K, 99% used [0x00000007dde80000,0x00000007de37d9c0,0x00000007de380000)
  to   space 5120K, 0% used [0x00000007de380000,0x00000007de380000,0x00000007de880000)
 ParOldGen       total 86016K, used 5714K [0x0000000781600000, 0x0000000786a00000, 0x00000007d5c80000)
  object space 86016K, 6% used [0x0000000781600000,0x0000000781b94b78,0x0000000786a00000)
 PSPermGen       total 21504K, used 19571K [0x000000077c400000, 0x000000077d900000, 0x0000000781600000)
  object space 21504K, 91% used [0x000000077c400000,0x000000077d71cc00,0x000000077d900000)
}

Deoptimization events (10 events):
Event: 6.858 Thread 0x000000000f0f6800 Uncommon trap: reason=null_check action=make_not_entrant pc=0x00000000050d73dc method=org.bytedeco.javacpp.ClassProperties.get(Ljava/lang/String;)Ljava/util/List; @ 5
Event: 8.012 Thread 0x000000000f0f6800 Uncommon trap: reason=intrinsic action=make_not_entrant pc=0x00000000050ff234 method=BLL.GaborFeature.computeMagnitudes([[I)[[D @ 156
Event: 8.025 Thread 0x000000000f0f6800 Uncommon trap: reason=intrinsic action=make_not_entrant pc=0x00000000050fd418 method=BLL.GaborFeature.computeMagnitudes([[I)[[D @ 129
Event: 8.233 Thread 0x000000000f0f6800 Uncommon trap: reason=intrinsic action=make_not_entrant pc=0x0000000005103d8c method=BLL.GaborFeature.getFeature(Ljava/awt/image/BufferedImage;)[D @ 298
Event: 8.257 Thread 0x000000000f0f6800 Uncommon trap: reason=intrinsic action=make_not_entrant pc=0x00000000051008e0 method=BLL.GaborFeature.getFeature(Ljava/awt/image/BufferedImage;)[D @ 322
Event: 8.285 Thread 0x000000000f0f6800 Uncommon trap: reason=intrinsic action=make_not_entrant pc=0x000000000510c738 method=BLL.GaborFeature.getFeature(Ljava/awt/image/BufferedImage;)[D @ 270
Event: 8.847 Thread 0x000000000f0f6800 Uncommon trap: reason=unreached action=reinterpret pc=0x000000000513461c method=java.lang.reflect.Constructor.newInstance([Ljava/lang/Object;)Ljava/lang/Object; @ 69
Event: 8.853 Thread 0x000000000f0f6800 Uncommon trap: reason=unreached action=reinterpret pc=0x0000000005131a8c method=java.io.ObjectStreamClass.getClassDataLayout()[Ljava/io/ObjectStreamClass$ClassDataSlot; @ 4
Event: 8.858 Thread 0x000000000f0f6800 Uncommon trap: reason=null_check action=make_not_entrant pc=0x00000000050e290c method=java.io.ObjectInputStream.readClassDesc(Z)Ljava/io/ObjectStreamClass; @ 56
Event: 8.886 Thread 0x000000000f0f6800 Uncommon trap: reason=unreached action=reinterpret pc=0x00000000051056dc method=java.io.ObjectStreamClass$FieldReflector.setObjFieldValues(Ljava/lang/Object;[Ljava/lang/Object;)V @ 92

Internal exceptions (10 events):
Event: 8.968 Thread 0x000000000f0f6800 Threw 0x00000007d5ca7558 at C:\re\jdk7u55\869\hotspot\src\share\vm\prims\jni.cpp:1632
Event: 8.969 Thread 0x000000000f0f6800 Threw 0x00000007d5ca94c8 at C:\re\jdk7u55\869\hotspot\src\share\vm\prims\jvm.cpp:1244
Event: 8.970 Thread 0x000000000f0f6800 Threw 0x00000007d5cba210 at C:\re\jdk7u55\869\hotspot\src\share\vm\prims\jni.cpp:1632
Event: 8.985 Thread 0x000000000f0f6800 Threw 0x00000007d5ce6368 at C:\re\jdk7u55\869\hotspot\src\share\vm\prims\jvm.cpp:1244
Event: 8.996 Thread 0x000000000f0f6800 Threw 0x00000007d5d0bc58 at C:\re\jdk7u55\869\hotspot\src\share\vm\prims\jvm.cpp:1244
Event: 8.997 Thread 0x000000000f0f6800 Threw 0x00000007d5d117d0 at C:\re\jdk7u55\869\hotspot\src\share\vm\prims\jvm.cpp:1244
Event: 8.998 Thread 0x000000000f0f6800 Threw 0x00000007d5d17470 at C:\re\jdk7u55\869\hotspot\src\share\vm\prims\jvm.cpp:1244
Event: 8.998 Thread 0x000000000f0f6800 Threw 0x00000007d5d1d030 at C:\re\jdk7u55\869\hotspot\src\share\vm\prims\jvm.cpp:1244
Event: 8.999 Thread 0x000000000f0f6800 Threw 0x00000007d5d22c00 at C:\re\jdk7u55\869\hotspot\src\share\vm\prims\jvm.cpp:1244
Event: 9.200 Thread 0x000000000f0f6800 Threw 0x00000007d5d46098 at C:\re\jdk7u55\869\hotspot\src\share\vm\prims\jvm.cpp:1244

Events (10 events):
Event: 9.160 Executing VM operation: RevokeBias
Event: 9.160 Executing VM operation: RevokeBias done
Event: 9.186 loading class 0x000000000ecd9570
Event: 9.187 loading class 0x000000000ecd8f70
Event: 9.187 loading class 0x000000000ecd8f70 done
Event: 9.187 loading class 0x000000000ecd9570 done
Event: 9.188 loading class 0x000000000f13ece0
Event: 9.188 loading class 0x000000000f13ece0 done
Event: 9.200 loading class 0x000000000f714280
Event: 9.200 loading class 0x000000000f714280 done


Dynamic libraries:
0x00007ff7ead00000 - 0x00007ff7ead33000 	C:\Program Files\Java\jdk1.7.0_55\bin\java.exe
0x00007ffc31960000 - 0x00007ffc31b40000 	C:\WINDOWS\SYSTEM32\ntdll.dll
0x00007ffc2ef10000 - 0x00007ffc2efbe000 	C:\WINDOWS\System32\KERNEL32.DLL
0x00007ffc2de60000 - 0x00007ffc2e0c6000 	C:\WINDOWS\System32\KERNELBASE.dll
0x00007ffc30d30000 - 0x00007ffc30dd1000 	C:\WINDOWS\System32\ADVAPI32.dll
0x00007ffc2f070000 - 0x00007ffc2f10d000 	C:\WINDOWS\System32\msvcrt.dll
0x00007ffc2f2c0000 - 0x00007ffc2f31b000 	C:\WINDOWS\System32\sechost.dll
0x00007ffc313b0000 - 0x00007ffc314cf000 	C:\WINDOWS\System32\RPCRT4.dll
0x00007ffc2f130000 - 0x00007ffc2f2bf000 	C:\WINDOWS\System32\USER32.dll
0x00007ffc2e0d0000 - 0x00007ffc2e0f0000 	C:\WINDOWS\System32\win32u.dll
0x00007ffc2f040000 - 0x00007ffc2f068000 	C:\WINDOWS\System32\GDI32.dll
0x00007ffc2e0f0000 - 0x00007ffc2e283000 	C:\WINDOWS\System32\gdi32full.dll
0x00007ffc2e360000 - 0x00007ffc2e3fb000 	C:\WINDOWS\System32\msvcp_win.dll
0x00007ffc2dd60000 - 0x00007ffc2de56000 	C:\WINDOWS\System32\ucrtbase.dll
0x00007ffc23080000 - 0x00007ffc232e9000 	C:\WINDOWS\WinSxS\amd64_microsoft.windows.common-controls_6595b64144ccf1df_6.0.16299.125_none_15cbcf8893620c09\COMCTL32.dll
0x00007ffc2f390000 - 0x00007ffc2f698000 	C:\WINDOWS\System32\combase.dll
0x00007ffc2e2e0000 - 0x00007ffc2e352000 	C:\WINDOWS\System32\bcryptPrimitives.dll
0x00007ffc30b90000 - 0x00007ffc30bbd000 	C:\WINDOWS\System32\IMM32.DLL
0x0000000052960000 - 0x0000000052a32000 	C:\Program Files\Java\jdk1.7.0_55\jre\bin\msvcr100.dll
0x0000000052a40000 - 0x0000000053209000 	C:\Program Files\Java\jdk1.7.0_55\jre\bin\server\jvm.dll
0x00007ffc2ef00000 - 0x00007ffc2ef08000 	C:\WINDOWS\System32\PSAPI.DLL
0x00007ffc21990000 - 0x00007ffc21999000 	C:\WINDOWS\SYSTEM32\WSOCK32.dll
0x00007ffc2f320000 - 0x00007ffc2f38c000 	C:\WINDOWS\System32\WS2_32.dll
0x00007ffc2bd60000 - 0x00007ffc2bd83000 	C:\WINDOWS\SYSTEM32\WINMM.dll
0x00007ffc2bc20000 - 0x00007ffc2bc4a000 	C:\WINDOWS\SYSTEM32\WINMMBASE.dll
0x00007ffc2e290000 - 0x00007ffc2e2da000 	C:\WINDOWS\System32\cfgmgr32.dll
0x0000000052910000 - 0x000000005291f000 	C:\Program Files\Java\jdk1.7.0_55\jre\bin\verify.dll
0x00000000528e0000 - 0x0000000052908000 	C:\Program Files\Java\jdk1.7.0_55\jre\bin\java.dll
0x00000000528c0000 - 0x00000000528d5000 	C:\Program Files\Java\jdk1.7.0_55\jre\bin\zip.dll
0x00000000526e0000 - 0x0000000052875000 	C:\Program Files\Java\jdk1.7.0_55\jre\bin\awt.dll
0x00007ffc2ee30000 - 0x00007ffc2eef5000 	C:\WINDOWS\System32\OLEAUT32.dll
0x00007ffc2be80000 - 0x00007ffc2bf08000 	C:\WINDOWS\SYSTEM32\apphelp.dll
0x00007ffc2c000000 - 0x00007ffc2c095000 	C:\WINDOWS\system32\uxtheme.dll
0x00007ffc30bc0000 - 0x00007ffc30d27000 	C:\WINDOWS\System32\MSCTF.dll
0x00007ffc2c270000 - 0x00007ffc2c29a000 	C:\WINDOWS\system32\dwmapi.dll
0x00007ffc30ea0000 - 0x00007ffc30fe9000 	C:\WINDOWS\System32\ole32.dll
0x00007ffc2dd00000 - 0x00007ffc2dd11000 	C:\WINDOWS\System32\kernel.appcore.dll
0x00007ffc2f750000 - 0x00007ffc30b86000 	C:\WINDOWS\System32\SHELL32.dll
0x00007ffc2f6a0000 - 0x00007ffc2f746000 	C:\WINDOWS\System32\shcore.dll
0x00007ffc2e630000 - 0x00007ffc2ed77000 	C:\WINDOWS\System32\windows.storage.dll
0x00007ffc30e40000 - 0x00007ffc30e91000 	C:\WINDOWS\System32\shlwapi.dll
0x00007ffc2dcb0000 - 0x00007ffc2dcfc000 	C:\WINDOWS\System32\powrprof.dll
0x00007ffc2dd40000 - 0x00007ffc2dd5b000 	C:\WINDOWS\System32\profapi.dll
0x0000000052690000 - 0x00000000526d7000 	C:\Program Files\Java\jdk1.7.0_55\jre\bin\fontmanager.dll
0x00007ffc31300000 - 0x00007ffc3139e000 	C:\WINDOWS\System32\clbcatq.dll
0x00007ffc2a560000 - 0x00007ffc2a70b000 	C:\WINDOWS\SYSTEM32\WindowsCodecs.dll
0x00007ffc1f780000 - 0x00007ffc1f7cf000 	C:\WINDOWS\system32\dataexchange.dll
0x00007ffc2b7d0000 - 0x00007ffc2b912000 	C:\WINDOWS\system32\dcomp.dll
0x00007ffc2b400000 - 0x00007ffc2b6e1000 	C:\WINDOWS\system32\d3d11.dll
0x00007ffc2cb20000 - 0x00007ffc2cbcf000 	C:\WINDOWS\system32\dxgi.dll
0x00007ffc2c3f0000 - 0x00007ffc2c56b000 	C:\WINDOWS\system32\twinapi.appcore.dll
0x00007ffc2c360000 - 0x00007ffc2c380000 	C:\WINDOWS\system32\RMCLIENT.dll
0x00007ffc2d810000 - 0x00007ffc2d835000 	C:\WINDOWS\system32\bcrypt.dll
0x00000000528a0000 - 0x00000000528b9000 	C:\Program Files\Java\jdk1.7.0_55\jre\bin\net.dll
0x00007ffc2d4e0000 - 0x00007ffc2d546000 	C:\WINDOWS\system32\mswsock.dll
0x0000000052880000 - 0x0000000052891000 	C:\Program Files\Java\jdk1.7.0_55\jre\bin\nio.dll
0x0000000052640000 - 0x0000000052681000 	C:\Program Files\Java\jdk1.7.0_55\jre\bin\t2k.dll
0x00007ffc27250000 - 0x00007ffc272a1000 	C:\Users\User\.javacpp\cache\opencv-windows-x86_64.jar\org\bytedeco\javacpp\windows-x86_64\concrt140.dll
0x00007ffc22fb0000 - 0x00007ffc22fc6000 	C:\WINDOWS\SYSTEM32\VCRUNTIME140.dll
0x00007ffc05210000 - 0x00007ffc052ac000 	C:\WINDOWS\SYSTEM32\MSVCP140.dll
0x00007ffc06360000 - 0x00007ffc063fd000 	C:\Users\User\.javacpp\cache\opencv-windows-x86_64.jar\org\bytedeco\javacpp\windows-x86_64\msvcp140.dll
0x00007ffc27150000 - 0x00007ffc27167000 	C:\Users\User\.javacpp\cache\opencv-windows-x86_64.jar\org\bytedeco\javacpp\windows-x86_64\vcruntime140.dll
0x0000000011130000 - 0x0000000011133000 	C:\Users\User\.javacpp\cache\opencv-windows-x86_64.jar\org\bytedeco\javacpp\windows-x86_64\api-ms-win-crt-locale-l1-1-0.dll
0x0000000011140000 - 0x0000000011144000 	C:\Users\User\.javacpp\cache\opencv-windows-x86_64.jar\org\bytedeco\javacpp\windows-x86_64\api-ms-win-crt-string-l1-1-0.dll
0x0000000011150000 - 0x0000000011154000 	C:\Users\User\.javacpp\cache\opencv-windows-x86_64.jar\org\bytedeco\javacpp\windows-x86_64\api-ms-win-crt-stdio-l1-1-0.dll
0x0000000011160000 - 0x0000000011165000 	C:\Users\User\.javacpp\cache\opencv-windows-x86_64.jar\org\bytedeco\javacpp\windows-x86_64\api-ms-win-crt-math-l1-1-0.dll
0x0000000011170000 - 0x0000000011173000 	C:\Users\User\.javacpp\cache\opencv-windows-x86_64.jar\org\bytedeco\javacpp\windows-x86_64\api-ms-win-crt-heap-l1-1-0.dll
0x0000000011180000 - 0x0000000011184000 	C:\Users\User\.javacpp\cache\opencv-windows-x86_64.jar\org\bytedeco\javacpp\windows-x86_64\api-ms-win-crt-runtime-l1-1-0.dll
0x0000000011190000 - 0x0000000011194000 	C:\Users\User\.javacpp\cache\opencv-windows-x86_64.jar\org\bytedeco\javacpp\windows-x86_64\api-ms-win-crt-convert-l1-1-0.dll
0x00000000111a0000 - 0x00000000111a3000 	C:\Users\User\.javacpp\cache\opencv-windows-x86_64.jar\org\bytedeco\javacpp\windows-x86_64\api-ms-win-crt-environment-l1-1-0.dll
0x00000000111b0000 - 0x00000000111b3000 	C:\Users\User\.javacpp\cache\opencv-windows-x86_64.jar\org\bytedeco\javacpp\windows-x86_64\api-ms-win-crt-time-l1-1-0.dll
0x00000000111c0000 - 0x00000000111c3000 	C:\Users\User\.javacpp\cache\opencv-windows-x86_64.jar\org\bytedeco\javacpp\windows-x86_64\api-ms-win-crt-filesystem-l1-1-0.dll
0x00000000111d0000 - 0x00000000111d3000 	C:\Users\User\.javacpp\cache\opencv-windows-x86_64.jar\org\bytedeco\javacpp\windows-x86_64\api-ms-win-crt-utility-l1-1-0.dll
0x00000000111e0000 - 0x00000000111e5000 	C:\Users\User\.javacpp\cache\opencv-windows-x86_64.jar\org\bytedeco\javacpp\windows-x86_64\api-ms-win-crt-multibyte-l1-1-0.dll
0x00007ffbff060000 - 0x00007ffbff366000 	C:\Users\User\.javacpp\cache\opencv-windows-x86_64.jar\org\bytedeco\javacpp\windows-x86_64\opencv_core340.dll
0x00007ffbf6800000 - 0x00007ffbf6c0c000 	C:\Users\User\.javacpp\cache\opencv-windows-x86_64.jar\org\bytedeco\javacpp\windows-x86_64\opencv_imgproc340.dll
0x00007ffbf6480000 - 0x00007ffbf67fb000 	C:\Users\User\.javacpp\cache\opencv-windows-x86_64.jar\org\bytedeco\javacpp\windows-x86_64\jniopencv_core.dll
0x00007ffc2d2b0000 - 0x00007ffc2d366000 	C:\WINDOWS\SYSTEM32\DNSAPI.dll
0x00007ffc31920000 - 0x00007ffc31928000 	C:\WINDOWS\System32\NSI.dll
0x00007ffc2d270000 - 0x00007ffc2d2a9000 	C:\WINDOWS\SYSTEM32\IPHLPAPI.DLL
0x00000000535a0000 - 0x00000000535c6000 	C:\Program Files\Bonjour\mdnsNSP.dll
0x00007ffc23e60000 - 0x00007ffc23e6a000 	C:\Windows\System32\rasadhlp.dll
0x00007ffc24620000 - 0x00007ffc24690000 	C:\WINDOWS\System32\fwpuclnt.dll
0x00007ffc24450000 - 0x00007ffc244e8000 	C:\WINDOWS\System32\TextInputFramework.dll
0x00007ffc29f40000 - 0x00007ffc2a22e000 	C:\WINDOWS\System32\CoreUIComponents.dll
0x00007ffc2b6f0000 - 0x00007ffc2b7cd000 	C:\WINDOWS\System32\CoreMessaging.dll
0x00007ffc2cdf0000 - 0x00007ffc2ce21000 	C:\WINDOWS\SYSTEM32\ntmarta.dll
0x00007ffc29da0000 - 0x00007ffc29ed6000 	C:\WINDOWS\SYSTEM32\wintypes.dll
0x00000000525c0000 - 0x00000000525ea000 	C:\Program Files\Java\jdk1.7.0_55\jre\bin\dcpr.dll
0x00007ffc05b30000 - 0x00007ffc05c85000 	C:\Users\User\.javacpp\cache\opencv-windows-x86_64.jar\org\bytedeco\javacpp\windows-x86_64\jniopencv_imgproc.dll
0x00007ffbf5fe0000 - 0x00007ffbf62ac000 	C:\Users\User\.javacpp\cache\opencv-windows-x86_64.jar\org\bytedeco\javacpp\windows-x86_64\opencv_imgcodecs340.dll
0x00007ffc27070000 - 0x00007ffc270a4000 	C:\Users\User\.javacpp\cache\opencv-windows-x86_64.jar\org\bytedeco\javacpp\windows-x86_64\jniopencv_imgcodecs.dll
0x00007ffc12060000 - 0x00007ffc120ab000 	C:\Users\User\.javacpp\cache\opencv-windows-x86_64.jar\org\bytedeco\javacpp\windows-x86_64\opencv_videoio340.dll
0x00007ffc27050000 - 0x00007ffc2706f000 	C:\WINDOWS\SYSTEM32\AVIFIL32.dll
0x00007ffc26ee0000 - 0x00007ffc26f09000 	C:\WINDOWS\SYSTEM32\MSVFW32.dll
0x00007ffc22700000 - 0x00007ffc22718000 	C:\WINDOWS\SYSTEM32\AVICAP32.dll
0x00007ffc282a0000 - 0x00007ffc282bc000 	C:\WINDOWS\SYSTEM32\MSACM32.dll
0x00007ffc122b0000 - 0x00007ffc122cf000 	C:\Users\User\.javacpp\cache\opencv-windows-x86_64.jar\org\bytedeco\javacpp\windows-x86_64\jniopencv_videoio.dll
0x00007ffc0f830000 - 0x00007ffc0f848000 	C:\Windows\System32\devenum.dll
0x00007ffc314d0000 - 0x00007ffc3191e000 	C:\WINDOWS\System32\setupapi.dll
0x00007ffc2dac0000 - 0x00007ffc2dae7000 	C:\WINDOWS\SYSTEM32\DEVOBJ.dll
0x00007ffc2e5d0000 - 0x00007ffc2e628000 	C:\WINDOWS\System32\WINTRUST.dll
0x00007ffc2dd20000 - 0x00007ffc2dd32000 	C:\WINDOWS\System32\MSASN1.dll
0x00007ffc2e400000 - 0x00007ffc2e5ce000 	C:\WINDOWS\System32\CRYPT32.dll
0x00007ffc28290000 - 0x00007ffc2829a000 	C:\WINDOWS\SYSTEM32\msdmo.dll
0x00007ffc082a0000 - 0x00007ffc082d3000 	C:\Windows\System32\qcap.dll
0x00007ffc04120000 - 0x00007ffc042dc000 	C:\Windows\System32\quartz.dll
0x00007ffc07020000 - 0x00007ffc0706e000 	C:\Windows\System32\mfksproxy.dll
0x00007ffc08320000 - 0x00007ffc08356000 	C:\Windows\System32\MFSENSORGROUP.dll
0x00007ffc29500000 - 0x00007ffc2951d000 	C:\Windows\System32\ATL.DLL
0x00007ffc210c0000 - 0x00007ffc21271000 	C:\Windows\System32\MFPlat.DLL
0x00007ffc266c0000 - 0x00007ffc266f2000 	C:\Windows\System32\RTWorkQ.DLL
0x00007ffc06310000 - 0x00007ffc06359000 	C:\Windows\System32\ksproxy.ax
0x00007ffbfd200000 - 0x00007ffbfd395000 	C:\Windows\System32\d3d9.dll
0x00007ffc29580000 - 0x00007ffc29589000 	C:\Windows\System32\ksuser.dll
0x00007ffc258a0000 - 0x00007ffc2591b000 	C:\WINDOWS\SYSTEM32\policymanager.dll
0x00007ffc28ca0000 - 0x00007ffc28d30000 	C:\Windows\System32\msvcp110_win.dll
0x00007ffc2bdd0000 - 0x00007ffc2bddc000 	C:\Windows\System32\vidcap.ax
0x00007ffc0acf0000 - 0x00007ffc0ad16000 	C:\Windows\System32\kswdmcap.ax
0x00007ffbfc300000 - 0x00007ffbfc465000 	C:\Windows\System32\MFC42.dll
0x00007ffc06270000 - 0x00007ffc06310000 	C:\Windows\System32\qedit.dll
0x00007ffc30ff0000 - 0x00007ffc310fa000 	C:\WINDOWS\System32\COMDLG32.dll
0x00007ffc1fe00000 - 0x00007ffc1ff9c000 	C:\WINDOWS\WinSxS\amd64_microsoft.windows.gdiplus_6595b64144ccf1df_1.1.16299.125_none_46b6c26dedf485d7\gdiplus.dll
0x00007ffbfec80000 - 0x00007ffbfed76000 	C:\Windows\System32\DDRAW.dll
0x00007ffc28040000 - 0x00007ffc28048000 	C:\Windows\System32\DCIMAN32.dll
0x00007ffc273b0000 - 0x00007ffc273bc000 	C:\WINDOWS\SYSTEM32\msyuv.dll
0x00007ffc05a90000 - 0x00007ffc05b23000 	C:\Users\User\.javacpp\cache\opencv-windows-x86_64.jar\org\bytedeco\javacpp\windows-x86_64\opencv_objdetect340.dll
0x00007ffc04c70000 - 0x00007ffc04ce9000 	C:\Users\User\.javacpp\cache\opencv-windows-x86_64.jar\org\bytedeco\javacpp\windows-x86_64\jniopencv_objdetect.dll

VM Arguments:
jvm_args: -Dfile.encoding=UTF-8 
java_command: UIL.FrameRecognizer
Launcher Type: SUN_STANDARD

Environment Variables:
PATH=C:\Program Files (x86)\Intel\iCLS Client\;C:\Program Files\Intel\iCLS Client\;C:\WINDOWS\system32;C:\WINDOWS;C:\WINDOWS\System32\Wbem;C:\WINDOWS\System32\WindowsPowerShell\v1.0\;C:\Program Files (x86)\Intel\Intel(R) Management Engine Components\DAL;C:\Program Files\Intel\Intel(R) Management Engine Components\DAL;C:\Program Files (x86)\Intel\Intel(R) Management Engine Components\IPT;C:\Program Files\Intel\Intel(R) Management Engine Components\IPT;C:\WINDOWS\system32\config\systemprofile\.dnx\bin;C:\Program Files\Microsoft DNX\Dnvm\;C:\Program Files (x86)\Microsoft SQL Server\Client SDK\ODBC\110\Tools\Binn\;C:\Program Files (x86)\Microsoft SQL Server\120\Tools\Binn\;C:\Program Files (x86)\Microsoft SQL Server\120\DTS\Binn\;C:\Program Files (x86)\Microsoft SQL Server\120\Tools\Binn\ManagementStudio\;C:\Users\User\AppData\Local\Microsoft\WindowsApps;
USERNAME=User
OS=Windows_NT
PROCESSOR_IDENTIFIER=Intel64 Family 6 Model 61 Stepping 4, GenuineIntel



---------------  S Y S T E M  ---------------

OS: Windows 8.1 , 64 bit Build 9600 

CPU:total 4 (2 cores per cpu, 2 threads per core) family 6 model 61 stepping 4, cmov, cx8, fxsr, mmx, sse, sse2, sse3, ssse3, sse4.1, sse4.2, popcnt, avx, avx2, aes, erms, ht, tsc, tscinvbit

Memory: 4k page, physical 8296436k(4042228k free), swap 9607156k(4342948k free)

vm_info: Java HotSpot(TM) 64-Bit Server VM (24.55-b03) for windows-amd64 JRE (1.7.0_55-b13), built on Mar 17 2014 19:45:30 by "java_re" with unknown MS VC++:1600

time: Sat Apr 07 20:57:51 2018
elapsed time: 9 seconds

