#
# A fatal error has been detected by the Java Runtime Environment:
#
#  EXCEPTION_ACCESS_VIOLATION (0xc0000005) at pc=0x00007ffc319abe4b, pid=34584, tid=13768
#
# JRE version: Java(TM) SE Runtime Environment (7.0_55-b13) (build 1.7.0_55-b13)
# Java VM: Java HotSpot(TM) 64-Bit Server VM (24.55-b03 mixed mode windows-amd64 compressed oops)
# Problematic frame:
# C  [ntdll.dll+0x4be4b]
#
# Failed to write core dump. Minidumps are not enabled by default on client versions of Windows
#
# If you would like to submit a bug report, please visit:
#   http://bugreport.sun.com/bugreport/crash.jsp
# The crash happened outside the Java Virtual Machine in native code.
# See problematic frame for where to report the bug.
#

---------------  T H R E A D  ---------------

Current thread (0x000000000ede6000):  JavaThread "Thread-3" daemon [_thread_in_native, id=13768, stack(0x0000000010af0000,0x0000000010bf0000)]

siginfo: ExceptionCode=0xc0000005, writing address 0x0000000000000024

Registers:
RAX=0x0000000000000000, RBX=0x0000000002eca588, RCX=0x0000000002eca588, RDX=0xffffffffffffffff
RSP=0x0000000010bef330, RBP=0x0000000010bef3a0, RSI=0x0000000000000000, RDI=0x0000000000000000
R8 =0x0000000000000000, R9 =0x0000000000000000, R10=0x0000000000000000, R11=0x0000000000000246
R12=0x0000000000000000, R13=0x000000077d4d6730, R14=0x0000000000000000, R15=0x000000000ede6000
RIP=0x00007ffc319abe4b, EFLAGS=0x0000000000010213

Top of Stack: (sp=0x0000000010bef330)
0x0000000010bef330:   ffffffffffffffff 0000000002eca588
0x0000000010bef340:   0000000781bb7778 0000000781bf4ad8
0x0000000010bef350:   00000007d7de25b8 0000000000000000
0x0000000010bef360:   0000000781bb7730 0000000000d6f000
0x0000000010bef370:   4081780000000000 0000000010bef3c0
0x0000000010bef380:   4084700000000000 00000007d7de23f0
0x0000000010bef390:   4060600000000000 00007ffc2de73b2f
0x0000000010bef3a0:   000000000ede6000 0000000000000001
0x0000000010bef3b0:   000000077d4d6730 0000000000000000
0x0000000010bef3c0:   0000000000000000 0000000010bef700
0x0000000010bef3d0:   0000000000000001 00007ffc31980c39
0x0000000010bef3e0:   0000000000000000 0000000002eca588
0x0000000010bef3f0:   00000000fffffffa 0000000000000000
0x0000000010bef400:   0000000019cb1100 00007ffc31980b50
0x0000000010bef410:   00007ffc1ff03e70 0000000000000000
0x0000000010bef420:   0000000010bef700 00007ffc1ff03e70 

Instructions: (pc=0x00007ffc319abe4b)
0x00007ffc319abe2b:   0f 45 f6 48 39 73 18 0f 84 bb 01 00 00 48 83 3b
0x00007ffc319abe3b:   ff 0f 84 be 01 00 00 48 8b 03 48 83 f8 ff 74 03
0x00007ffc319abe4b:   ff 40 24 48 8b 7b 18 44 8b ee 48 89 7d c0 e8 12
0x00007ffc319abe5b:   ae fd ff 85 c0 0f 85 e2 13 07 00 b9 82 03 fe 7f 


Register to memory mapping:

RAX=0x0000000000000000 is an unknown value
RBX=0x0000000002eca588 is an unknown value
RCX=0x0000000002eca588 is an unknown value
RDX=0xffffffffffffffff is an unknown value
RSP=0x0000000010bef330 is pointing into the stack for thread: 0x000000000ede6000
RBP=0x0000000010bef3a0 is pointing into the stack for thread: 0x000000000ede6000
RSI=0x0000000000000000 is an unknown value
RDI=0x0000000000000000 is an unknown value
R8 =0x0000000000000000 is an unknown value
R9 =0x0000000000000000 is an unknown value
R10=0x0000000000000000 is an unknown value
R11=0x0000000000000246 is an unknown value
R12=0x0000000000000000 is an unknown value
R13=0x000000077d4d6730 is an oop
{method} 
 - klass: {other class}
R14=0x0000000000000000 is an unknown value
R15=0x000000000ede6000 is a thread


Stack: [0x0000000010af0000,0x0000000010bf0000],  sp=0x0000000010bef330,  free space=1020k
Native frames: (J=compiled Java code, j=interpreted, Vv=VM code, C=native code)
C  [ntdll.dll+0x4be4b]

Java frames: (J=compiled Java code, j=interpreted, Vv=VM code)
j  org.bytedeco.javacpp.opencv_videoio$VideoCapture.retrieve(Lorg/bytedeco/javacpp/opencv_core$Mat;)Z+0
j  org.bytedeco.javacv.OpenCVFrameGrabber.grab()Lorg/bytedeco/javacv/Frame;+8
j  UIL.FrameRecognizer$captureImage.run()V+39
j  java.lang.Thread.run()V+11
v  ~StubRoutines::call_stub

---------------  P R O C E S S  ---------------

Java Threads: ( => current thread )
  0x0000000017249000 JavaThread "Image Fetcher 0" daemon [_thread_blocked, id=11512, stack(0x000000001d670000,0x000000001d770000)]
  0x000000000f312800 JavaThread "TimerQueue" daemon [_thread_blocked, id=32836, stack(0x0000000010f00000,0x0000000011000000)]
  0x000000000efac800 JavaThread "JavaCPP Deallocator" daemon [_thread_blocked, id=28528, stack(0x0000000010cf0000,0x0000000010df0000)]
  0x000000000ef81800 JavaThread "Abandoned connection cleanup thread" daemon [_thread_blocked, id=32292, stack(0x0000000010bf0000,0x0000000010cf0000)]
=>0x000000000ede6000 JavaThread "Thread-3" daemon [_thread_in_native, id=13768, stack(0x0000000010af0000,0x0000000010bf0000)]
  0x0000000004d92800 JavaThread "DestroyJavaVM" [_thread_blocked, id=24008, stack(0x0000000004c00000,0x0000000004d00000)]
  0x000000000ebaa800 JavaThread "AWT-EventQueue-0" [_thread_in_native, id=33392, stack(0x00000000100b0000,0x00000000101b0000)]
  0x000000000eba6800 JavaThread "AWT-Windows" daemon [_thread_in_native, id=24300, stack(0x000000000f9a0000,0x000000000faa0000)]
  0x000000000eba6000 JavaThread "AWT-Shutdown" [_thread_blocked, id=20684, stack(0x000000000f8a0000,0x000000000f9a0000)]
  0x000000000ec13800 JavaThread "Java2D Disposer" daemon [_thread_blocked, id=23120, stack(0x000000000f7a0000,0x000000000f8a0000)]
  0x000000000d0f2000 JavaThread "Service Thread" daemon [_thread_blocked, id=33100, stack(0x000000000e860000,0x000000000e960000)]
  0x000000000d0e9800 JavaThread "C2 CompilerThread1" daemon [_thread_blocked, id=21804, stack(0x000000000e760000,0x000000000e860000)]
  0x000000000d0e4800 JavaThread "C2 CompilerThread0" daemon [_thread_blocked, id=14000, stack(0x000000000e660000,0x000000000e760000)]
  0x000000000d0e3800 JavaThread "Attach Listener" daemon [_thread_blocked, id=23108, stack(0x000000000e560000,0x000000000e660000)]
  0x000000000d0e0000 JavaThread "Signal Dispatcher" daemon [_thread_blocked, id=21576, stack(0x000000000e460000,0x000000000e560000)]
  0x000000000d0b0800 JavaThread "Finalizer" daemon [_thread_blocked, id=11236, stack(0x000000000e360000,0x000000000e460000)]
  0x000000000d0a4000 JavaThread "Reference Handler" daemon [_thread_blocked, id=28928, stack(0x000000000e260000,0x000000000e360000)]

Other Threads:
  0x000000000d0a2800 VMThread [stack: 0x000000000e160000,0x000000000e260000] [id=24264]
  0x000000000d137800 WatcherThread [stack: 0x000000000e960000,0x000000000ea60000] [id=14764]

VM state:not at safepoint (normal execution)

VM Mutex/Monitor currently owned by a thread: None

Heap
 PSYoungGen      total 117760K, used 81161K [0x00000007d5c80000, 0x00000007ddf80000, 0x0000000800000000)
  eden space 114176K, 68% used [0x00000007d5c80000,0x00000007da8b4428,0x00000007dcc00000)
  from space 3584K, 87% used [0x00000007ddc00000,0x00000007ddf0e030,0x00000007ddf80000)
  to   space 8192K, 0% used [0x00000007dcf80000,0x00000007dcf80000,0x00000007dd780000)
 ParOldGen       total 86016K, used 8777K [0x0000000781600000, 0x0000000786a00000, 0x00000007d5c80000)
  object space 86016K, 10% used [0x0000000781600000,0x0000000781e92400,0x0000000786a00000)
 PSPermGen       total 21504K, used 20079K [0x000000077c400000, 0x000000077d900000, 0x0000000781600000)
  object space 21504K, 93% used [0x000000077c400000,0x000000077d79bd88,0x000000077d900000)

Card table byte_map: [0x0000000007e90000,0x00000000082b0000] byte_map_base: 0x00000000042ae000

Polling page: 0x0000000003340000

Code Cache  [0x0000000004e90000, 0x0000000005100000, 0x0000000007e90000)
 total_blobs=900 nmethods=284 adapters=568 free_code_cache=47407Kb largest_free_block=48512512

Compilation events (10 events):
Event: 19.001 Thread 0x000000000d0e4800 nmethod 281% 0x0000000005042510 code [0x0000000005042660, 0x00000000050428f8]
Event: 19.007 Thread 0x000000000d0e9800 nmethod 282 0x0000000005041090 code [0x0000000005041220, 0x0000000005041628]
Event: 19.024 Thread 0x000000000d0e4800  283 %           java.util.Properties::load0 @ 30 (250 bytes)
Event: 19.024 Thread 0x000000000d0e9800  284             java.util.Properties$LineReader::readLine (452 bytes)
Event: 19.040 Thread 0x000000000d0e9800 nmethod 284 0x0000000005048e10 code [0x0000000005048fa0, 0x00000000050497e8]
Event: 19.040 Thread 0x000000000d0e9800  285             java.lang.String::regionMatches (149 bytes)
Event: 19.060 Thread 0x000000000d0e9800 nmethod 285 0x0000000004f1f050 code [0x0000000004f1f1a0, 0x0000000004f1f9f8]
Event: 19.085 Thread 0x000000000d0e4800 nmethod 283% 0x0000000005049e90 code [0x000000000504a0a0, 0x000000000504b430]
Event: 19.164 Thread 0x000000000d0e9800  286             java.lang.ref.Reference::get (5 bytes)
Event: 19.164 Thread 0x000000000d0e9800 nmethod 286 0x0000000005040a50 code [0x0000000005040b80, 0x0000000005040bf8]

GC Heap History (10 events):
Event: 6.424 GC heap before
{Heap before GC invocations=4 (full 0):
 PSYoungGen      total 71680K, used 70925K [0x00000007d5c80000, 0x00000007de880000, 0x0000000800000000)
  eden space 66560K, 98% used [0x00000007d5c80000,0x00000007d9cc63d0,0x00000007d9d80000)
  from space 5120K, 99% used [0x00000007d9d80000,0x00000007da27d0c8,0x00000007da280000)
  to   space 5120K, 0% used [0x00000007de380000,0x00000007de380000,0x00000007de880000)
 ParOldGen       total 86016K, used 1940K [0x0000000781600000, 0x0000000786a00000, 0x00000007d5c80000)
  object space 86016K, 2% used [0x0000000781600000,0x00000007817e5188,0x0000000786a00000)
 PSPermGen       total 21504K, used 18009K [0x000000077c400000, 0x000000077d900000, 0x0000000781600000)
  object space 21504K, 83% used [0x000000077c400000,0x000000077d596550,0x000000077d900000)
Event: 6.441 GC heap after
Heap after GC invocations=4 (full 0):
 PSYoungGen      total 138240K, used 5108K [0x00000007d5c80000, 0x00000007de880000, 0x0000000800000000)
  eden space 133120K, 0% used [0x00000007d5c80000,0x00000007d5c80000,0x00000007dde80000)
  from space 5120K, 99% used [0x00000007de380000,0x00000007de87d0c8,0x00000007de880000)
  to   space 5120K, 0% used [0x00000007dde80000,0x00000007dde80000,0x00000007de380000)
 ParOldGen       total 86016K, used 4396K [0x0000000781600000, 0x0000000786a00000, 0x00000007d5c80000)
  object space 86016K, 5% used [0x0000000781600000,0x0000000781a4b298,0x0000000786a00000)
 PSPermGen       total 21504K, used 18009K [0x000000077c400000, 0x000000077d900000, 0x0000000781600000)
  object space 21504K, 83% used [0x000000077c400000,0x000000077d596550,0x000000077d900000)
}
Event: 11.237 GC heap before
{Heap before GC invocations=5 (full 0):
 PSYoungGen      total 138240K, used 137629K [0x00000007d5c80000, 0x00000007de880000, 0x0000000800000000)
  eden space 133120K, 99% used [0x00000007d5c80000,0x00000007dddea6b8,0x00000007dde80000)
  from space 5120K, 99% used [0x00000007de380000,0x00000007de87d0c8,0x00000007de880000)
  to   space 5120K, 0% used [0x00000007dde80000,0x00000007dde80000,0x00000007de380000)
 ParOldGen       total 86016K, used 4396K [0x0000000781600000, 0x0000000786a00000, 0x00000007d5c80000)
  object space 86016K, 5% used [0x0000000781600000,0x0000000781a4b298,0x0000000786a00000)
 PSPermGen       total 21504K, used 18016K [0x000000077c400000, 0x000000077d900000, 0x0000000781600000)
  object space 21504K, 83% used [0x000000077c400000,0x000000077d598130,0x000000077d900000)
Event: 11.245 GC heap after
Heap after GC invocations=5 (full 0):
 PSYoungGen      total 133120K, used 5108K [0x00000007d5c80000, 0x00000007de880000, 0x0000000800000000)
  eden space 128000K, 0% used [0x00000007d5c80000,0x00000007d5c80000,0x00000007dd980000)
  from space 5120K, 99% used [0x00000007dde80000,0x00000007de37d0e8,0x00000007de380000)
  to   space 5120K, 0% used [0x00000007de380000,0x00000007de380000,0x00000007de880000)
 ParOldGen       total 86016K, used 4436K [0x0000000781600000, 0x0000000786a00000, 0x00000007d5c80000)
  object space 86016K, 5% used [0x0000000781600000,0x0000000781a55298,0x0000000786a00000)
 PSPermGen       total 21504K, used 18016K [0x000000077c400000, 0x000000077d900000, 0x0000000781600000)
  object space 21504K, 83% used [0x000000077c400000,0x000000077d598130,0x000000077d900000)
}
Event: 15.862 GC heap before
{Heap before GC invocations=6 (full 0):
 PSYoungGen      total 133120K, used 132720K [0x00000007d5c80000, 0x00000007de880000, 0x0000000800000000)
  eden space 128000K, 99% used [0x00000007d5c80000,0x00000007dd91f010,0x00000007dd980000)
  from space 5120K, 99% used [0x00000007dde80000,0x00000007de37d0e8,0x00000007de380000)
  to   space 5120K, 0% used [0x00000007de380000,0x00000007de380000,0x00000007de880000)
 ParOldGen       total 86016K, used 4436K [0x0000000781600000, 0x0000000786a00000, 0x00000007d5c80000)
  object space 86016K, 5% used [0x0000000781600000,0x0000000781a55298,0x0000000786a00000)
 PSPermGen       total 21504K, used 18151K [0x000000077c400000, 0x000000077d900000, 0x0000000781600000)
  object space 21504K, 84% used [0x000000077c400000,0x000000077d5b9dc8,0x000000077d900000)
Event: 15.870 GC heap after
Heap after GC invocations=6 (full 0):
 PSYoungGen      total 128512K, used 5108K [0x00000007d5c80000, 0x00000007de880000, 0x0000000800000000)
  eden space 123392K, 0% used [0x00000007d5c80000,0x00000007d5c80000,0x00000007dd500000)
  from space 5120K, 99% used [0x00000007de380000,0x00000007de87d0e8,0x00000007de880000)
  to   space 7680K, 0% used [0x00000007dd980000,0x00000007dd980000,0x00000007de100000)
 ParOldGen       total 86016K, used 5035K [0x0000000781600000, 0x0000000786a00000, 0x00000007d5c80000)
  object space 86016K, 5% used [0x0000000781600000,0x0000000781aeae08,0x0000000786a00000)
 PSPermGen       total 21504K, used 18151K [0x000000077c400000, 0x000000077d900000, 0x0000000781600000)
  object space 21504K, 84% used [0x000000077c400000,0x000000077d5b9dc8,0x000000077d900000)
}
Event: 17.569 GC heap before
{Heap before GC invocations=7 (full 0):
 PSYoungGen      total 128512K, used 128500K [0x00000007d5c80000, 0x00000007de880000, 0x0000000800000000)
  eden space 123392K, 100% used [0x00000007d5c80000,0x00000007dd500000,0x00000007dd500000)
  from space 5120K, 99% used [0x00000007de380000,0x00000007de87d0e8,0x00000007de880000)
  to   space 7680K, 0% used [0x00000007dd980000,0x00000007dd980000,0x00000007de100000)
 ParOldGen       total 86016K, used 5035K [0x0000000781600000, 0x0000000786a00000, 0x00000007d5c80000)
  object space 86016K, 5% used [0x0000000781600000,0x0000000781aeae08,0x0000000786a00000)
 PSPermGen       total 21504K, used 18342K [0x000000077c400000, 0x000000077d900000, 0x0000000781600000)
  object space 21504K, 85% used [0x000000077c400000,0x000000077d5e9840,0x000000077d900000)
Event: 17.578 GC heap after
Heap after GC invocations=7 (full 0):
 PSYoungGen      total 121344K, used 2554K [0x00000007d5c80000, 0x00000007de400000, 0x0000000800000000)
  eden space 118784K, 0% used [0x00000007d5c80000,0x00000007d5c80000,0x00000007dd080000)
  from space 2560K, 99% used [0x00000007dd980000,0x00000007ddbfeb68,0x00000007ddc00000)
  to   space 8192K, 0% used [0x00000007ddc00000,0x00000007ddc00000,0x00000007de400000)
 ParOldGen       total 86016K, used 8745K [0x0000000781600000, 0x0000000786a00000, 0x00000007d5c80000)
  object space 86016K, 10% used [0x0000000781600000,0x0000000781e8a400,0x0000000786a00000)
 PSPermGen       total 21504K, used 18342K [0x000000077c400000, 0x000000077d900000, 0x0000000781600000)
  object space 21504K, 85% used [0x000000077c400000,0x000000077d5e9840,0x000000077d900000)
}
Event: 19.041 GC heap before
{Heap before GC invocations=8 (full 0):
 PSYoungGen      total 121344K, used 95583K [0x00000007d5c80000, 0x00000007de400000, 0x0000000800000000)
  eden space 118784K, 78% used [0x00000007d5c80000,0x00000007db759370,0x00000007dd080000)
  from space 2560K, 99% used [0x00000007dd980000,0x00000007ddbfeb68,0x00000007ddc00000)
  to   space 8192K, 0% used [0x00000007ddc00000,0x00000007ddc00000,0x00000007de400000)
 ParOldGen       total 86016K, used 8745K [0x0000000781600000, 0x0000000786a00000, 0x00000007d5c80000)
  object space 86016K, 10% used [0x0000000781600000,0x0000000781e8a400,0x0000000786a00000)
 PSPermGen       total 21504K, used 20016K [0x000000077c400000, 0x000000077d900000, 0x0000000781600000)
  object space 21504K, 93% used [0x000000077c400000,0x000000077d78c2a0,0x000000077d900000)
Event: 19.045 GC heap after
Heap after GC invocations=8 (full 0):
 PSYoungGen      total 117760K, used 3128K [0x00000007d5c80000, 0x00000007ddf80000, 0x0000000800000000)
  eden space 114176K, 0% used [0x00000007d5c80000,0x00000007d5c80000,0x00000007dcc00000)
  from space 3584K, 87% used [0x00000007ddc00000,0x00000007ddf0e030,0x00000007ddf80000)
  to   space 8192K, 0% used [0x00000007dcf80000,0x00000007dcf80000,0x00000007dd780000)
 ParOldGen       total 86016K, used 8777K [0x0000000781600000, 0x0000000786a00000, 0x00000007d5c80000)
  object space 86016K, 10% used [0x0000000781600000,0x0000000781e92400,0x0000000786a00000)
 PSPermGen       total 21504K, used 20016K [0x000000077c400000, 0x000000077d900000, 0x0000000781600000)
  object space 21504K, 93% used [0x000000077c400000,0x000000077d78c2a0,0x000000077d900000)
}

Deoptimization events (10 events):
Event: 16.752 Thread 0x000000000ebaa800 Uncommon trap: reason=class_check action=maybe_recompile pc=0x0000000004f70014 method=org.bytedeco.javacv.Java2DFrameConverter.flipCopyWithGamma(Ljava/nio/ByteBuffer;ILjava/nio/ByteBuffer;IZDZI)V @ 492
Event: 17.187 Thread 0x000000000ebaa800 Uncommon trap: reason=null_check action=make_not_entrant pc=0x0000000004fd9320 method=org.bytedeco.javacpp.ClassProperties.get(Ljava/lang/String;)Ljava/util/List; @ 5
Event: 18.267 Thread 0x000000000ebaa800 Uncommon trap: reason=intrinsic action=make_not_entrant pc=0x0000000004ffe6b4 method=BLL.GaborFeature.computeMagnitudes([[I)[[D @ 156
Event: 18.276 Thread 0x000000000ebaa800 Uncommon trap: reason=intrinsic action=make_not_entrant pc=0x0000000004fff694 method=BLL.GaborFeature.computeMagnitudes([[I)[[D @ 129
Event: 18.453 Thread 0x000000000ebaa800 Uncommon trap: reason=intrinsic action=make_not_entrant pc=0x000000000500500c method=BLL.GaborFeature.getFeature(Ljava/awt/image/BufferedImage;)[D @ 298
Event: 18.488 Thread 0x000000000ebaa800 Uncommon trap: reason=intrinsic action=make_not_entrant pc=0x00000000050019f8 method=BLL.GaborFeature.getFeature(Ljava/awt/image/BufferedImage;)[D @ 322
Event: 18.513 Thread 0x000000000ebaa800 Uncommon trap: reason=intrinsic action=make_not_entrant pc=0x0000000005008438 method=BLL.GaborFeature.getFeature(Ljava/awt/image/BufferedImage;)[D @ 270
Event: 18.904 Thread 0x000000000ebaa800 Uncommon trap: reason=unreached action=reinterpret pc=0x000000000502f70c method=java.io.ObjectStreamClass.getClassDataLayout()[Ljava/io/ObjectStreamClass$ClassDataSlot; @ 4
Event: 18.923 Thread 0x000000000ebaa800 Uncommon trap: reason=null_check action=make_not_entrant pc=0x00000000050306cc method=java.io.ObjectInputStream.readClassDesc(Z)Ljava/io/ObjectStreamClass; @ 56
Event: 18.942 Thread 0x000000000ebaa800 Uncommon trap: reason=unreached action=reinterpret pc=0x0000000004ff3ddc method=java.io.ObjectStreamClass$FieldReflector.setObjFieldValues(Ljava/lang/Object;[Ljava/lang/Object;)V @ 92

Internal exceptions (10 events):
Event: 18.989 Thread 0x000000000ebaa800 Threw 0x00000007db41f348 at C:\re\jdk7u55\869\hotspot\src\share\vm\prims\jvm.cpp:1244
Event: 18.990 Thread 0x000000000ebaa800 Threw 0x00000007db42fd20 at C:\re\jdk7u55\869\hotspot\src\share\vm\prims\jni.cpp:1632
Event: 18.991 Thread 0x000000000ebaa800 Threw 0x00000007db431c90 at C:\re\jdk7u55\869\hotspot\src\share\vm\prims\jvm.cpp:1244
Event: 18.992 Thread 0x000000000ebaa800 Threw 0x00000007db442a08 at C:\re\jdk7u55\869\hotspot\src\share\vm\prims\jni.cpp:1632
Event: 19.006 Thread 0x000000000ebaa800 Threw 0x00000007db46c6e0 at C:\re\jdk7u55\869\hotspot\src\share\vm\prims\jvm.cpp:1244
Event: 19.017 Thread 0x000000000ebaa800 Threw 0x00000007db572280 at C:\re\jdk7u55\869\hotspot\src\share\vm\prims\jvm.cpp:1244
Event: 19.017 Thread 0x000000000ebaa800 Threw 0x00000007db577df8 at C:\re\jdk7u55\869\hotspot\src\share\vm\prims\jvm.cpp:1244
Event: 19.018 Thread 0x000000000ebaa800 Threw 0x00000007db57da98 at C:\re\jdk7u55\869\hotspot\src\share\vm\prims\jvm.cpp:1244
Event: 19.019 Thread 0x000000000ebaa800 Threw 0x00000007db583658 at C:\re\jdk7u55\869\hotspot\src\share\vm\prims\jvm.cpp:1244
Event: 19.019 Thread 0x000000000ebaa800 Threw 0x00000007db589228 at C:\re\jdk7u55\869\hotspot\src\share\vm\prims\jvm.cpp:1244

Events (10 events):
Event: 19.234 Executing VM operation: RevokeBias
Event: 19.234 Executing VM operation: RevokeBias done
Event: 19.234 Executing VM operation: RevokeBias
Event: 19.234 Executing VM operation: RevokeBias done
Event: 19.241 loading class 0x000000000ec60790
Event: 19.241 loading class 0x000000000ec60190
Event: 19.241 loading class 0x000000000ec60190 done
Event: 19.241 loading class 0x000000000ec60790 done
Event: 19.242 loading class 0x000000001a4cdc40
Event: 19.242 loading class 0x000000001a4cdc40 done


Dynamic libraries:
0x00007ff7d1020000 - 0x00007ff7d1053000 	C:\Program Files\Java\jdk1.7.0_55\bin\java.exe
0x00007ffc31960000 - 0x00007ffc31b40000 	C:\WINDOWS\SYSTEM32\ntdll.dll
0x00007ffc2ef10000 - 0x00007ffc2efbe000 	C:\WINDOWS\System32\KERNEL32.DLL
0x00007ffc2de60000 - 0x00007ffc2e0c6000 	C:\WINDOWS\System32\KERNELBASE.dll
0x00007ffc30d30000 - 0x00007ffc30dd1000 	C:\WINDOWS\System32\ADVAPI32.dll
0x00007ffc2f070000 - 0x00007ffc2f10d000 	C:\WINDOWS\System32\msvcrt.dll
0x00007ffc2f2c0000 - 0x00007ffc2f31b000 	C:\WINDOWS\System32\sechost.dll
0x00007ffc313b0000 - 0x00007ffc314cf000 	C:\WINDOWS\System32\RPCRT4.dll
0x00007ffc2f130000 - 0x00007ffc2f2bf000 	C:\WINDOWS\System32\USER32.dll
0x00007ffc2e0d0000 - 0x00007ffc2e0f0000 	C:\WINDOWS\System32\win32u.dll
0x00007ffc2f040000 - 0x00007ffc2f068000 	C:\WINDOWS\System32\GDI32.dll
0x00007ffc2e0f0000 - 0x00007ffc2e283000 	C:\WINDOWS\System32\gdi32full.dll
0x00007ffc2e360000 - 0x00007ffc2e3fb000 	C:\WINDOWS\System32\msvcp_win.dll
0x00007ffc2dd60000 - 0x00007ffc2de56000 	C:\WINDOWS\System32\ucrtbase.dll
0x00007ffc23080000 - 0x00007ffc232e9000 	C:\WINDOWS\WinSxS\amd64_microsoft.windows.common-controls_6595b64144ccf1df_6.0.16299.125_none_15cbcf8893620c09\COMCTL32.dll
0x00007ffc2f390000 - 0x00007ffc2f698000 	C:\WINDOWS\System32\combase.dll
0x00007ffc2e2e0000 - 0x00007ffc2e352000 	C:\WINDOWS\System32\bcryptPrimitives.dll
0x00007ffc30b90000 - 0x00007ffc30bbd000 	C:\WINDOWS\System32\IMM32.DLL
0x0000000053a20000 - 0x0000000053af2000 	C:\Program Files\Java\jdk1.7.0_55\jre\bin\msvcr100.dll
0x0000000052680000 - 0x0000000052e49000 	C:\Program Files\Java\jdk1.7.0_55\jre\bin\server\jvm.dll
0x00007ffc2ef00000 - 0x00007ffc2ef08000 	C:\WINDOWS\System32\PSAPI.DLL
0x00007ffc21990000 - 0x00007ffc21999000 	C:\WINDOWS\SYSTEM32\WSOCK32.dll
0x00007ffc2f320000 - 0x00007ffc2f38c000 	C:\WINDOWS\System32\WS2_32.dll
0x00007ffc2bd60000 - 0x00007ffc2bd83000 	C:\WINDOWS\SYSTEM32\WINMM.dll
0x00007ffc2bc20000 - 0x00007ffc2bc4a000 	C:\WINDOWS\SYSTEM32\WINMMBASE.dll
0x00007ffc2e290000 - 0x00007ffc2e2da000 	C:\WINDOWS\System32\cfgmgr32.dll
0x00000000539d0000 - 0x00000000539df000 	C:\Program Files\Java\jdk1.7.0_55\jre\bin\verify.dll
0x00000000539a0000 - 0x00000000539c8000 	C:\Program Files\Java\jdk1.7.0_55\jre\bin\java.dll
0x0000000053980000 - 0x0000000053995000 	C:\Program Files\Java\jdk1.7.0_55\jre\bin\zip.dll
0x00000000537a0000 - 0x0000000053935000 	C:\Program Files\Java\jdk1.7.0_55\jre\bin\awt.dll
0x00007ffc2ee30000 - 0x00007ffc2eef5000 	C:\WINDOWS\System32\OLEAUT32.dll
0x00007ffc2be80000 - 0x00007ffc2bf08000 	C:\WINDOWS\SYSTEM32\apphelp.dll
0x00007ffc2c000000 - 0x00007ffc2c095000 	C:\WINDOWS\system32\uxtheme.dll
0x00007ffc30bc0000 - 0x00007ffc30d27000 	C:\WINDOWS\System32\MSCTF.dll
0x00007ffc2c270000 - 0x00007ffc2c29a000 	C:\WINDOWS\system32\dwmapi.dll
0x00007ffc30ea0000 - 0x00007ffc30fe9000 	C:\WINDOWS\System32\ole32.dll
0x00007ffc2dd00000 - 0x00007ffc2dd11000 	C:\WINDOWS\System32\kernel.appcore.dll
0x00007ffc2f750000 - 0x00007ffc30b86000 	C:\WINDOWS\System32\SHELL32.dll
0x00007ffc2f6a0000 - 0x00007ffc2f746000 	C:\WINDOWS\System32\shcore.dll
0x00007ffc2e630000 - 0x00007ffc2ed77000 	C:\WINDOWS\System32\windows.storage.dll
0x00007ffc30e40000 - 0x00007ffc30e91000 	C:\WINDOWS\System32\shlwapi.dll
0x00007ffc2dcb0000 - 0x00007ffc2dcfc000 	C:\WINDOWS\System32\powrprof.dll
0x00007ffc2dd40000 - 0x00007ffc2dd5b000 	C:\WINDOWS\System32\profapi.dll
0x0000000053550000 - 0x0000000053597000 	C:\Program Files\Java\jdk1.7.0_55\jre\bin\fontmanager.dll
0x00007ffc31300000 - 0x00007ffc3139e000 	C:\WINDOWS\System32\clbcatq.dll
0x00007ffc2a560000 - 0x00007ffc2a70b000 	C:\WINDOWS\SYSTEM32\WindowsCodecs.dll
0x00007ffc226f0000 - 0x00007ffc2273f000 	C:\WINDOWS\system32\dataexchange.dll
0x00007ffc2b400000 - 0x00007ffc2b6e1000 	C:\WINDOWS\system32\d3d11.dll
0x00007ffc2b7d0000 - 0x00007ffc2b912000 	C:\WINDOWS\system32\dcomp.dll
0x00007ffc2cb20000 - 0x00007ffc2cbcf000 	C:\WINDOWS\system32\dxgi.dll
0x00007ffc2c3f0000 - 0x00007ffc2c56b000 	C:\WINDOWS\system32\twinapi.appcore.dll
0x00007ffc2c360000 - 0x00007ffc2c380000 	C:\WINDOWS\system32\RMCLIENT.dll
0x00007ffc2d810000 - 0x00007ffc2d835000 	C:\WINDOWS\system32\bcrypt.dll
0x0000000053960000 - 0x0000000053979000 	C:\Program Files\Java\jdk1.7.0_55\jre\bin\net.dll
0x00007ffc2d4e0000 - 0x00007ffc2d546000 	C:\WINDOWS\system32\mswsock.dll
0x0000000053940000 - 0x0000000053951000 	C:\Program Files\Java\jdk1.7.0_55\jre\bin\nio.dll
0x0000000052630000 - 0x0000000052671000 	C:\Program Files\Java\jdk1.7.0_55\jre\bin\t2k.dll
0x00007ffc27950000 - 0x00007ffc279a1000 	C:\Users\User\.javacpp\cache\opencv-windows-x86_64.jar\org\bytedeco\javacpp\windows-x86_64\concrt140.dll
0x00007ffc05210000 - 0x00007ffc052ac000 	C:\WINDOWS\SYSTEM32\MSVCP140.dll
0x00007ffc22fb0000 - 0x00007ffc22fc6000 	C:\WINDOWS\SYSTEM32\VCRUNTIME140.dll
0x00007ffc09e50000 - 0x00007ffc09eed000 	C:\Users\User\.javacpp\cache\opencv-windows-x86_64.jar\org\bytedeco\javacpp\windows-x86_64\msvcp140.dll
0x00007ffc28170000 - 0x00007ffc28187000 	C:\Users\User\.javacpp\cache\opencv-windows-x86_64.jar\org\bytedeco\javacpp\windows-x86_64\vcruntime140.dll
0x0000000010df0000 - 0x0000000010df3000 	C:\Users\User\.javacpp\cache\opencv-windows-x86_64.jar\org\bytedeco\javacpp\windows-x86_64\api-ms-win-crt-locale-l1-1-0.dll
0x0000000010e00000 - 0x0000000010e04000 	C:\Users\User\.javacpp\cache\opencv-windows-x86_64.jar\org\bytedeco\javacpp\windows-x86_64\api-ms-win-crt-string-l1-1-0.dll
0x0000000010e10000 - 0x0000000010e14000 	C:\Users\User\.javacpp\cache\opencv-windows-x86_64.jar\org\bytedeco\javacpp\windows-x86_64\api-ms-win-crt-stdio-l1-1-0.dll
0x0000000010e20000 - 0x0000000010e25000 	C:\Users\User\.javacpp\cache\opencv-windows-x86_64.jar\org\bytedeco\javacpp\windows-x86_64\api-ms-win-crt-math-l1-1-0.dll
0x0000000010e30000 - 0x0000000010e33000 	C:\Users\User\.javacpp\cache\opencv-windows-x86_64.jar\org\bytedeco\javacpp\windows-x86_64\api-ms-win-crt-heap-l1-1-0.dll
0x0000000010e40000 - 0x0000000010e44000 	C:\Users\User\.javacpp\cache\opencv-windows-x86_64.jar\org\bytedeco\javacpp\windows-x86_64\api-ms-win-crt-runtime-l1-1-0.dll
0x0000000010e50000 - 0x0000000010e54000 	C:\Users\User\.javacpp\cache\opencv-windows-x86_64.jar\org\bytedeco\javacpp\windows-x86_64\api-ms-win-crt-convert-l1-1-0.dll
0x0000000010e60000 - 0x0000000010e63000 	C:\Users\User\.javacpp\cache\opencv-windows-x86_64.jar\org\bytedeco\javacpp\windows-x86_64\api-ms-win-crt-environment-l1-1-0.dll
0x0000000010e70000 - 0x0000000010e73000 	C:\Users\User\.javacpp\cache\opencv-windows-x86_64.jar\org\bytedeco\javacpp\windows-x86_64\api-ms-win-crt-time-l1-1-0.dll
0x0000000010e80000 - 0x0000000010e83000 	C:\Users\User\.javacpp\cache\opencv-windows-x86_64.jar\org\bytedeco\javacpp\windows-x86_64\api-ms-win-crt-filesystem-l1-1-0.dll
0x0000000010e90000 - 0x0000000010e93000 	C:\Users\User\.javacpp\cache\opencv-windows-x86_64.jar\org\bytedeco\javacpp\windows-x86_64\api-ms-win-crt-utility-l1-1-0.dll
0x0000000010ea0000 - 0x0000000010ea5000 	C:\Users\User\.javacpp\cache\opencv-windows-x86_64.jar\org\bytedeco\javacpp\windows-x86_64\api-ms-win-crt-multibyte-l1-1-0.dll
0x00007ffc03fd0000 - 0x00007ffc042d6000 	C:\Users\User\.javacpp\cache\opencv-windows-x86_64.jar\org\bytedeco\javacpp\windows-x86_64\opencv_core340.dll
0x00007ffbfcb60000 - 0x00007ffbfcf6c000 	C:\Users\User\.javacpp\cache\opencv-windows-x86_64.jar\org\bytedeco\javacpp\windows-x86_64\opencv_imgproc340.dll
0x00007ffc01640000 - 0x00007ffc019bb000 	C:\Users\User\.javacpp\cache\opencv-windows-x86_64.jar\org\bytedeco\javacpp\windows-x86_64\jniopencv_core.dll
0x00007ffc2d2b0000 - 0x00007ffc2d366000 	C:\WINDOWS\SYSTEM32\DNSAPI.dll
0x00007ffc31920000 - 0x00007ffc31928000 	C:\WINDOWS\System32\NSI.dll
0x00007ffc2d270000 - 0x00007ffc2d2a9000 	C:\WINDOWS\SYSTEM32\IPHLPAPI.DLL
0x00000000535a0000 - 0x00000000535c6000 	C:\Program Files\Bonjour\mdnsNSP.dll
0x00007ffc23e60000 - 0x00007ffc23e6a000 	C:\Windows\System32\rasadhlp.dll
0x00007ffc24620000 - 0x00007ffc24690000 	C:\WINDOWS\System32\fwpuclnt.dll
0x00007ffc24450000 - 0x00007ffc244e8000 	C:\WINDOWS\System32\TextInputFramework.dll
0x00007ffc2b6f0000 - 0x00007ffc2b7cd000 	C:\WINDOWS\System32\CoreMessaging.dll
0x00007ffc29f40000 - 0x00007ffc2a22e000 	C:\WINDOWS\System32\CoreUIComponents.dll
0x00007ffc2cdf0000 - 0x00007ffc2ce21000 	C:\WINDOWS\SYSTEM32\ntmarta.dll
0x00007ffc29da0000 - 0x00007ffc29ed6000 	C:\WINDOWS\SYSTEM32\wintypes.dll
0x00000000525c0000 - 0x00000000525ea000 	C:\Program Files\Java\jdk1.7.0_55\jre\bin\dcpr.dll
0x00007ffc07d90000 - 0x00007ffc07ee5000 	C:\Users\User\.javacpp\cache\opencv-windows-x86_64.jar\org\bytedeco\javacpp\windows-x86_64\jniopencv_imgproc.dll
0x00007ffbfc890000 - 0x00007ffbfcb5c000 	C:\Users\User\.javacpp\cache\opencv-windows-x86_64.jar\org\bytedeco\javacpp\windows-x86_64\opencv_imgcodecs340.dll
0x00007ffc266c0000 - 0x00007ffc266f4000 	C:\Users\User\.javacpp\cache\opencv-windows-x86_64.jar\org\bytedeco\javacpp\windows-x86_64\jniopencv_imgcodecs.dll
0x00007ffc1fec0000 - 0x00007ffc1ff0b000 	C:\Users\User\.javacpp\cache\opencv-windows-x86_64.jar\org\bytedeco\javacpp\windows-x86_64\opencv_videoio340.dll
0x00007ffc17630000 - 0x00007ffc17659000 	C:\WINDOWS\SYSTEM32\MSVFW32.dll
0x00007ffc278e0000 - 0x00007ffc278ff000 	C:\WINDOWS\SYSTEM32\AVIFIL32.dll
0x00007ffc27ff0000 - 0x00007ffc2800c000 	C:\WINDOWS\SYSTEM32\MSACM32.dll
0x00007ffc27870000 - 0x00007ffc27888000 	C:\WINDOWS\SYSTEM32\AVICAP32.dll
0x00007ffc26fa0000 - 0x00007ffc26fbf000 	C:\Users\User\.javacpp\cache\opencv-windows-x86_64.jar\org\bytedeco\javacpp\windows-x86_64\jniopencv_videoio.dll
0x00007ffc26f40000 - 0x00007ffc26f58000 	C:\Windows\System32\devenum.dll
0x00007ffc314d0000 - 0x00007ffc3191e000 	C:\WINDOWS\System32\setupapi.dll
0x00007ffc2dac0000 - 0x00007ffc2dae7000 	C:\WINDOWS\SYSTEM32\DEVOBJ.dll
0x00007ffc2e5d0000 - 0x00007ffc2e628000 	C:\WINDOWS\System32\WINTRUST.dll
0x00007ffc2dd20000 - 0x00007ffc2dd32000 	C:\WINDOWS\System32\MSASN1.dll
0x00007ffc2e400000 - 0x00007ffc2e5ce000 	C:\WINDOWS\System32\CRYPT32.dll
0x00007ffc27860000 - 0x00007ffc2786a000 	C:\WINDOWS\SYSTEM32\msdmo.dll
0x00007ffc10930000 - 0x00007ffc10963000 	C:\Windows\System32\qcap.dll
0x00007ffbfc6d0000 - 0x00007ffbfc88c000 	C:\Windows\System32\quartz.dll
0x00007ffc0e860000 - 0x00007ffc0e8ae000 	C:\Windows\System32\mfksproxy.dll
0x00007ffc1da60000 - 0x00007ffc1da96000 	C:\Windows\System32\MFSENSORGROUP.dll
0x00007ffc29500000 - 0x00007ffc2951d000 	C:\Windows\System32\ATL.DLL
0x00007ffc20800000 - 0x00007ffc209b1000 	C:\Windows\System32\MFPlat.DLL
0x00007ffc273c0000 - 0x00007ffc273f2000 	C:\Windows\System32\RTWorkQ.DLL
0x00007ffc09e00000 - 0x00007ffc09e49000 	C:\Windows\System32\ksproxy.ax
0x00007ffc06080000 - 0x00007ffc06215000 	C:\Windows\System32\d3d9.dll
0x00007ffc2be00000 - 0x00007ffc2be09000 	C:\Windows\System32\ksuser.dll
0x00007ffc258a0000 - 0x00007ffc2591b000 	C:\WINDOWS\SYSTEM32\policymanager.dll
0x00007ffc28ca0000 - 0x00007ffc28d30000 	C:\Windows\System32\msvcp110_win.dll
0x00007ffc2bde0000 - 0x00007ffc2bdec000 	C:\Windows\System32\vidcap.ax
0x00007ffc17600000 - 0x00007ffc17626000 	C:\Windows\System32\kswdmcap.ax
0x00007ffbfc560000 - 0x00007ffbfc6c5000 	C:\Windows\System32\MFC42.dll
0x00007ffc065a0000 - 0x00007ffc06640000 	C:\Windows\System32\qedit.dll
0x00007ffc30ff0000 - 0x00007ffc310fa000 	C:\WINDOWS\System32\COMDLG32.dll
0x00007ffc1f570000 - 0x00007ffc1f70c000 	C:\WINDOWS\WinSxS\amd64_microsoft.windows.gdiplus_6595b64144ccf1df_1.1.16299.125_none_46b6c26dedf485d7\gdiplus.dll
0x00007ffbfec80000 - 0x00007ffbfed76000 	C:\Windows\System32\DDRAW.dll
0x00007ffc28260000 - 0x00007ffc28268000 	C:\Windows\System32\DCIMAN32.dll
0x00007ffc27ce0000 - 0x00007ffc27cec000 	C:\WINDOWS\SYSTEM32\msyuv.dll
0x00007ffc06500000 - 0x00007ffc06593000 	C:\Users\User\.javacpp\cache\opencv-windows-x86_64.jar\org\bytedeco\javacpp\windows-x86_64\opencv_objdetect340.dll
0x00007ffc09d80000 - 0x00007ffc09df9000 	C:\Users\User\.javacpp\cache\opencv-windows-x86_64.jar\org\bytedeco\javacpp\windows-x86_64\jniopencv_objdetect.dll

VM Arguments:
jvm_args: -Dfile.encoding=UTF-8 
java_command: UIL.FrameRecognizer
Launcher Type: SUN_STANDARD

Environment Variables:
PATH=C:\Program Files (x86)\Intel\iCLS Client\;C:\Program Files\Intel\iCLS Client\;C:\WINDOWS\system32;C:\WINDOWS;C:\WINDOWS\System32\Wbem;C:\WINDOWS\System32\WindowsPowerShell\v1.0\;C:\Program Files (x86)\Intel\Intel(R) Management Engine Components\DAL;C:\Program Files\Intel\Intel(R) Management Engine Components\DAL;C:\Program Files (x86)\Intel\Intel(R) Management Engine Components\IPT;C:\Program Files\Intel\Intel(R) Management Engine Components\IPT;C:\WINDOWS\system32\config\systemprofile\.dnx\bin;C:\Program Files\Microsoft DNX\Dnvm\;C:\Program Files (x86)\Microsoft SQL Server\Client SDK\ODBC\110\Tools\Binn\;C:\Program Files (x86)\Microsoft SQL Server\120\Tools\Binn\;C:\Program Files (x86)\Microsoft SQL Server\120\DTS\Binn\;C:\Program Files (x86)\Microsoft SQL Server\120\Tools\Binn\ManagementStudio\;C:\Users\User\AppData\Local\Microsoft\WindowsApps;
USERNAME=User
OS=Windows_NT
PROCESSOR_IDENTIFIER=Intel64 Family 6 Model 61 Stepping 4, GenuineIntel



---------------  S Y S T E M  ---------------

OS: Windows 8.1 , 64 bit Build 9600 

CPU:total 4 (2 cores per cpu, 2 threads per core) family 6 model 61 stepping 4, cmov, cx8, fxsr, mmx, sse, sse2, sse3, ssse3, sse4.1, sse4.2, popcnt, avx, avx2, aes, erms, ht, tsc, tscinvbit

Memory: 4k page, physical 8296436k(4212364k free), swap 9607156k(4244116k free)

vm_info: Java HotSpot(TM) 64-Bit Server VM (24.55-b03) for windows-amd64 JRE (1.7.0_55-b13), built on Mar 17 2014 19:45:30 by "java_re" with unknown MS VC++:1600

time: Thu Apr 05 14:06:49 2018
elapsed time: 19 seconds

