#
# A fatal error has been detected by the Java Runtime Environment:
#
#  EXCEPTION_ACCESS_VIOLATION (0xc0000005) at pc=0x00007ffc319abe4b, pid=28820, tid=29408
#
# JRE version: Java(TM) SE Runtime Environment (7.0_55-b13) (build 1.7.0_55-b13)
# Java VM: Java HotSpot(TM) 64-Bit Server VM (24.55-b03 mixed mode windows-amd64 compressed oops)
# Problematic frame:
# C  [ntdll.dll+0x4be4b]
#
# Failed to write core dump. Minidumps are not enabled by default on client versions of Windows
#
# If you would like to submit a bug report, please visit:
#   http://bugreport.sun.com/bugreport/crash.jsp
# The crash happened outside the Java Virtual Machine in native code.
# See problematic frame for where to report the bug.
#

---------------  T H R E A D  ---------------

Current thread (0x000000000e76f000):  JavaThread "Thread-7" daemon [_thread_in_native, id=29408, stack(0x000000001f8f0000,0x000000001f9f0000)]

siginfo: ExceptionCode=0xc0000005, writing address 0x0000000000000024

Registers:
RAX=0x0000000000000000, RBX=0x0000000002b4efc8, RCX=0x0000000002b4efc8, RDX=0xffffffffffffffff
RSP=0x000000001f9eefc0, RBP=0x000000001f9ef030, RSI=0x0000000000000000, RDI=0x0000000000000000
R8 =0x0000000000000000, R9 =0x0000000000000000, R10=0x0000000000000000, R11=0x0000000000000246
R12=0x0000000000000000, R13=0x000000077d6be628, R14=0x0000000000000000, R15=0x000000000e76f000
RIP=0x00007ffc319abe4b, EFLAGS=0x0000000000010213

Top of Stack: (sp=0x000000001f9eefc0)
0x000000001f9eefc0:   ffffffffffffffff 0000000002b4efc8
0x000000001f9eefd0:   0000000781cf8f20 0000000781cf8e40
0x000000001f9eefe0:   00000007d5d6d1e8 0000000000000000
0x000000001f9eeff0:   000000078383d548 0000000000768000
0x000000001f9ef000:   407fc00000000000 000000001f9ef050
0x000000001f9ef010:   4094000000000000 00000007d5d6d020
0x000000001f9ef020:   4054000000000000 00007ffc2de73b2f
0x000000001f9ef030:   000000000e76f000 0000000000000001
0x000000001f9ef040:   000000077d6be628 0000000000000000
0x000000001f9ef050:   0000000000000000 000000001f9ef300
0x000000001f9ef060:   0000000000000001 00007ffc31980c39
0x000000001f9ef070:   0000000000000000 0000000002b4efc8
0x000000001f9ef080:   00000000fffffffa 0000000000000000
0x000000001f9ef090:   000000001e301f40 00007ffc31980b50
0x000000001f9ef0a0:   00007ffc1ff03e70 0000000000000000
0x000000001f9ef0b0:   000000001f9ef300 00007ffc1ff03e70 

Instructions: (pc=0x00007ffc319abe4b)
0x00007ffc319abe2b:   0f 45 f6 48 39 73 18 0f 84 bb 01 00 00 48 83 3b
0x00007ffc319abe3b:   ff 0f 84 be 01 00 00 48 8b 03 48 83 f8 ff 74 03
0x00007ffc319abe4b:   ff 40 24 48 8b 7b 18 44 8b ee 48 89 7d c0 e8 12
0x00007ffc319abe5b:   ae fd ff 85 c0 0f 85 e2 13 07 00 b9 82 03 fe 7f 


Register to memory mapping:

RAX=0x0000000000000000 is an unknown value
RBX=0x0000000002b4efc8 is an unknown value
RCX=0x0000000002b4efc8 is an unknown value
RDX=0xffffffffffffffff is an unknown value
RSP=0x000000001f9eefc0 is pointing into the stack for thread: 0x000000000e76f000
RBP=0x000000001f9ef030 is pointing into the stack for thread: 0x000000000e76f000
RSI=0x0000000000000000 is an unknown value
RDI=0x0000000000000000 is an unknown value
R8 =0x0000000000000000 is an unknown value
R9 =0x0000000000000000 is an unknown value
R10=0x0000000000000000 is an unknown value
R11=0x0000000000000246 is an unknown value
R12=0x0000000000000000 is an unknown value
R13=0x000000077d6be628 is an oop
{method} 
 - klass: {other class}
R14=0x0000000000000000 is an unknown value
R15=0x000000000e76f000 is a thread


Stack: [0x000000001f8f0000,0x000000001f9f0000],  sp=0x000000001f9eefc0,  free space=1019k
Native frames: (J=compiled Java code, j=interpreted, Vv=VM code, C=native code)
C  [ntdll.dll+0x4be4b]

Java frames: (J=compiled Java code, j=interpreted, Vv=VM code)
j  org.bytedeco.javacpp.opencv_videoio$VideoCapture.retrieve(Lorg/bytedeco/javacpp/opencv_core$Mat;)Z+0
j  org.bytedeco.javacv.OpenCVFrameGrabber.grab()Lorg/bytedeco/javacv/Frame;+8
j  UIL.FrameNewcustomer$captureImage.run()V+39
j  java.lang.Thread.run()V+11
v  ~StubRoutines::call_stub

---------------  P R O C E S S  ---------------

Java Threads: ( => current thread )
=>0x000000000e76f000 JavaThread "Thread-7" daemon [_thread_in_native, id=29408, stack(0x000000001f8f0000,0x000000001f9f0000)]
  0x000000000f9e7000 JavaThread "JavaCPP Deallocator" daemon [_thread_blocked, id=32724, stack(0x0000000011340000,0x0000000011440000)]
  0x000000000fa10000 JavaThread "TimerQueue" daemon [_thread_blocked, id=17412, stack(0x0000000010940000,0x0000000010a40000)]
  0x000000000f692000 JavaThread "Abandoned connection cleanup thread" daemon [_thread_blocked, id=28360, stack(0x0000000010780000,0x0000000010880000)]
  0x0000000004822800 JavaThread "DestroyJavaVM" [_thread_blocked, id=31632, stack(0x0000000004720000,0x0000000004820000)]
  0x000000000e903800 JavaThread "AWT-EventQueue-0" [_thread_in_native, id=19412, stack(0x000000000f440000,0x000000000f540000)]
  0x000000000e8fb000 JavaThread "AWT-Windows" daemon [_thread_in_native, id=29968, stack(0x000000000ed00000,0x000000000ee00000)]
  0x000000000e8fa800 JavaThread "AWT-Shutdown" [_thread_blocked, id=22672, stack(0x000000000ec00000,0x000000000ed00000)]
  0x000000000e8f9800 JavaThread "Java2D Disposer" daemon [_thread_blocked, id=25468, stack(0x000000000eb00000,0x000000000ec00000)]
  0x000000000cc3b000 JavaThread "Service Thread" daemon [_thread_blocked, id=25628, stack(0x000000000e3c0000,0x000000000e4c0000)]
  0x000000000cc37800 JavaThread "C2 CompilerThread1" daemon [_thread_blocked, id=972, stack(0x000000000e2c0000,0x000000000e3c0000)]
  0x000000000cc35000 JavaThread "C2 CompilerThread0" daemon [_thread_blocked, id=5436, stack(0x000000000e1c0000,0x000000000e2c0000)]
  0x000000000cc34000 JavaThread "Attach Listener" daemon [_thread_blocked, id=26684, stack(0x000000000e0c0000,0x000000000e1c0000)]
  0x000000000cc31000 JavaThread "Signal Dispatcher" daemon [_thread_blocked, id=21836, stack(0x000000000dfc0000,0x000000000e0c0000)]
  0x000000000cc00800 JavaThread "Finalizer" daemon [_thread_blocked, id=33164, stack(0x000000000dec0000,0x000000000dfc0000)]
  0x000000000cbf5800 JavaThread "Reference Handler" daemon [_thread_blocked, id=31928, stack(0x000000000ddc0000,0x000000000dec0000)]

Other Threads:
  0x000000000cbf4000 VMThread [stack: 0x000000000dcc0000,0x000000000ddc0000] [id=27512]
  0x000000000cc79000 WatcherThread [stack: 0x000000000e4c0000,0x000000000e5c0000] [id=28860]

VM state:not at safepoint (normal execution)

VM Mutex/Monitor currently owned by a thread: None

Heap
 PSYoungGen      total 33280K, used 22395K [0x00000007d5c80000, 0x00000007d8600000, 0x0000000800000000)
  eden space 24064K, 88% used [0x00000007d5c80000,0x00000007d7155d60,0x00000007d7400000)
  from space 9216K, 11% used [0x00000007d7400000,0x00000007d7509010,0x00000007d7d00000)
  to   space 9216K, 0% used [0x00000007d7d00000,0x00000007d7d00000,0x00000007d8600000)
 ParOldGen       total 86016K, used 42001K [0x0000000781600000, 0x0000000786a00000, 0x00000007d5c80000)
  object space 86016K, 48% used [0x0000000781600000,0x0000000783f045c8,0x0000000786a00000)
 PSPermGen       total 21504K, used 20550K [0x000000077c400000, 0x000000077d900000, 0x0000000781600000)
  object space 21504K, 95% used [0x000000077c400000,0x000000077d811868,0x000000077d900000)

Card table byte_map: [0x00000000079e0000,0x0000000007e00000] byte_map_base: 0x0000000003dfe000

Polling page: 0x0000000004680000

Code Cache  [0x0000000004920000, 0x0000000004b90000, 0x0000000007920000)
 total_blobs=979 nmethods=354 adapters=577 free_code_cache=47375Kb largest_free_block=48471808

Compilation events (10 events):
Event: 184.990 Thread 0x000000000cc35000  356             javax.swing.GroupLayout$Group::calculatePreferredSize (7 bytes)
Event: 184.991 Thread 0x000000000cc35000 nmethod 356 0x0000000004ae2690 code [0x0000000004ae27e0, 0x0000000004ae2858]
Event: 184.992 Thread 0x000000000cc37800  357   !         java.awt.KeyboardFocusManager::getFocusOwner (43 bytes)
Event: 184.996 Thread 0x000000000cc37800 nmethod 357 0x0000000004ae1e10 code [0x0000000004ae1f80, 0x0000000004ae24c8]
Event: 185.013 Thread 0x000000000cc35000  358             com.mysql.jdbc.StringUtils::toAsciiString (43 bytes)
Event: 185.020 Thread 0x000000000cc35000 nmethod 358 0x0000000004ae17d0 code [0x0000000004ae1920, 0x0000000004ae1c78]
Event: 185.031 Thread 0x000000000cc37800  359             java.awt.Component::isEnabled (5 bytes)
Event: 185.031 Thread 0x000000000cc35000  360             java.awt.Component::isEnabledImpl (5 bytes)
Event: 185.031 Thread 0x000000000cc37800 nmethod 359 0x0000000004ab7410 code [0x0000000004ab7540, 0x0000000004ab7598]
Event: 185.031 Thread 0x000000000cc35000 nmethod 360 0x0000000004ae15d0 code [0x0000000004ae1700, 0x0000000004ae1758]

GC Heap History (10 events):
Event: 176.791 GC heap before
{Heap before GC invocations=19 (full 0):
 PSYoungGen      total 35328K, used 27400K [0x00000007d5c80000, 0x00000007d8900000, 0x0000000800000000)
  eden space 26112K, 96% used [0x00000007d5c80000,0x00000007d7537ef8,0x00000007d7600000)
  from space 9216K, 22% used [0x00000007d8000000,0x00000007d820a430,0x00000007d8900000)
  to   space 9728K, 0% used [0x00000007d7600000,0x00000007d7600000,0x00000007d7f80000)
 ParOldGen       total 86016K, used 34886K [0x0000000781600000, 0x0000000786a00000, 0x00000007d5c80000)
  object space 86016K, 40% used [0x0000000781600000,0x0000000783811b98,0x0000000786a00000)
 PSPermGen       total 21504K, used 20511K [0x000000077c400000, 0x000000077d900000, 0x0000000781600000)
  object space 21504K, 95% used [0x000000077c400000,0x000000077d807f08,0x000000077d900000)
Event: 176.793 GC heap after
Heap after GC invocations=19 (full 0):
 PSYoungGen      total 27648K, used 1928K [0x00000007d5c80000, 0x00000007d8780000, 0x0000000800000000)
  eden space 25600K, 0% used [0x00000007d5c80000,0x00000007d5c80000,0x00000007d7580000)
  from space 2048K, 94% used [0x00000007d7600000,0x00000007d77e2020,0x00000007d7800000)
  to   space 9216K, 0% used [0x00000007d7e80000,0x00000007d7e80000,0x00000007d8780000)
 ParOldGen       total 86016K, used 34904K [0x0000000781600000, 0x0000000786a00000, 0x00000007d5c80000)
  object space 86016K, 40% used [0x0000000781600000,0x00000007838162b8,0x0000000786a00000)
 PSPermGen       total 21504K, used 20511K [0x000000077c400000, 0x000000077d900000, 0x0000000781600000)
  object space 21504K, 95% used [0x000000077c400000,0x000000077d807f08,0x000000077d900000)
}
Event: 177.719 GC heap before
{Heap before GC invocations=20 (full 0):
 PSYoungGen      total 27648K, used 27425K [0x00000007d5c80000, 0x00000007d8780000, 0x0000000800000000)
  eden space 25600K, 99% used [0x00000007d5c80000,0x00000007d7566760,0x00000007d7580000)
  from space 2048K, 94% used [0x00000007d7600000,0x00000007d77e2020,0x00000007d7800000)
  to   space 9216K, 0% used [0x00000007d7e80000,0x00000007d7e80000,0x00000007d8780000)
 ParOldGen       total 86016K, used 34904K [0x0000000781600000, 0x0000000786a00000, 0x00000007d5c80000)
  object space 86016K, 40% used [0x0000000781600000,0x00000007838162b8,0x0000000786a00000)
 PSPermGen       total 21504K, used 20512K [0x000000077c400000, 0x000000077d900000, 0x0000000781600000)
  object space 21504K, 95% used [0x000000077c400000,0x000000077d808030,0x000000077d900000)
Event: 177.720 GC heap after
Heap after GC invocations=20 (full 0):
 PSYoungGen      total 33792K, used 2828K [0x00000007d5c80000, 0x00000007d8700000, 0x0000000800000000)
  eden space 25088K, 0% used [0x00000007d5c80000,0x00000007d5c80000,0x00000007d7500000)
  from space 8704K, 32% used [0x00000007d7e80000,0x00000007d8143030,0x00000007d8700000)
  to   space 9216K, 0% used [0x00000007d7500000,0x00000007d7500000,0x00000007d7e00000)
 ParOldGen       total 86016K, used 34965K [0x0000000781600000, 0x0000000786a00000, 0x00000007d5c80000)
  object space 86016K, 40% used [0x0000000781600000,0x0000000783825538,0x0000000786a00000)
 PSPermGen       total 21504K, used 20512K [0x000000077c400000, 0x000000077d900000, 0x0000000781600000)
  object space 21504K, 95% used [0x000000077c400000,0x000000077d808030,0x000000077d900000)
}
Event: 178.633 GC heap before
{Heap before GC invocations=21 (full 0):
 PSYoungGen      total 33792K, used 27190K [0x00000007d5c80000, 0x00000007d8700000, 0x0000000800000000)
  eden space 25088K, 97% used [0x00000007d5c80000,0x00000007d744ab80,0x00000007d7500000)
  from space 8704K, 32% used [0x00000007d7e80000,0x00000007d8143030,0x00000007d8700000)
  to   space 9216K, 0% used [0x00000007d7500000,0x00000007d7500000,0x00000007d7e00000)
 ParOldGen       total 86016K, used 34965K [0x0000000781600000, 0x0000000786a00000, 0x00000007d5c80000)
  object space 86016K, 40% used [0x0000000781600000,0x0000000783825538,0x0000000786a00000)
 PSPermGen       total 21504K, used 20512K [0x000000077c400000, 0x000000077d900000, 0x0000000781600000)
  object space 21504K, 95% used [0x000000077c400000,0x000000077d808030,0x000000077d900000)
Event: 178.637 GC heap after
Heap after GC invocations=21 (full 0):
 PSYoungGen      total 27648K, used 2860K [0x00000007d5c80000, 0x00000007d8580000, 0x0000000800000000)
  eden space 24576K, 0% used [0x00000007d5c80000,0x00000007d5c80000,0x00000007d7480000)
  from space 3072K, 93% used [0x00000007d7500000,0x00000007d77cb030,0x00000007d7800000)
  to   space 8704K, 0% used [0x00000007d7d00000,0x00000007d7d00000,0x00000007d8580000)
 ParOldGen       total 86016K, used 35016K [0x0000000781600000, 0x0000000786a00000, 0x00000007d5c80000)
  object space 86016K, 40% used [0x0000000781600000,0x0000000783832098,0x0000000786a00000)
 PSPermGen       total 21504K, used 20512K [0x000000077c400000, 0x000000077d900000, 0x0000000781600000)
  object space 21504K, 95% used [0x000000077c400000,0x000000077d808030,0x000000077d900000)
}
Event: 183.446 GC heap before
{Heap before GC invocations=22 (full 0):
 PSYoungGen      total 27648K, used 26904K [0x00000007d5c80000, 0x00000007d8580000, 0x0000000800000000)
  eden space 24576K, 97% used [0x00000007d5c80000,0x00000007d73fb348,0x00000007d7480000)
  from space 3072K, 93% used [0x00000007d7500000,0x00000007d77cb030,0x00000007d7800000)
  to   space 8704K, 0% used [0x00000007d7d00000,0x00000007d7d00000,0x00000007d8580000)
 ParOldGen       total 86016K, used 35016K [0x0000000781600000, 0x0000000786a00000, 0x00000007d5c80000)
  object space 86016K, 40% used [0x0000000781600000,0x0000000783832098,0x0000000786a00000)
 PSPermGen       total 21504K, used 20532K [0x000000077c400000, 0x000000077d900000, 0x0000000781600000)
  object space 21504K, 95% used [0x000000077c400000,0x000000077d80d370,0x000000077d900000)
Event: 183.450 GC heap after
Heap after GC invocations=22 (full 0):
 PSYoungGen      total 32768K, used 6524K [0x00000007d5c80000, 0x00000007d8600000, 0x0000000800000000)
  eden space 24064K, 0% used [0x00000007d5c80000,0x00000007d5c80000,0x00000007d7400000)
  from space 8704K, 74% used [0x00000007d7d00000,0x00000007d835f0b0,0x00000007d8580000)
  to   space 9216K, 0% used [0x00000007d7400000,0x00000007d7400000,0x00000007d7d00000)
 ParOldGen       total 86016K, used 35024K [0x0000000781600000, 0x0000000786a00000, 0x00000007d5c80000)
  object space 86016K, 40% used [0x0000000781600000,0x0000000783834098,0x0000000786a00000)
 PSPermGen       total 21504K, used 20532K [0x000000077c400000, 0x000000077d900000, 0x0000000781600000)
  object space 21504K, 95% used [0x000000077c400000,0x000000077d80d370,0x000000077d900000)
}
Event: 184.326 GC heap before
{Heap before GC invocations=23 (full 0):
 PSYoungGen      total 32768K, used 30291K [0x00000007d5c80000, 0x00000007d8600000, 0x0000000800000000)
  eden space 24064K, 98% used [0x00000007d5c80000,0x00000007d73b5d48,0x00000007d7400000)
  from space 8704K, 74% used [0x00000007d7d00000,0x00000007d835f0b0,0x00000007d8580000)
  to   space 9216K, 0% used [0x00000007d7400000,0x00000007d7400000,0x00000007d7d00000)
 ParOldGen       total 86016K, used 35024K [0x0000000781600000, 0x0000000786a00000, 0x00000007d5c80000)
  object space 86016K, 40% used [0x0000000781600000,0x0000000783834098,0x0000000786a00000)
 PSPermGen       total 21504K, used 20533K [0x000000077c400000, 0x000000077d900000, 0x0000000781600000)
  object space 21504K, 95% used [0x000000077c400000,0x000000077d80d508,0x000000077d900000)
Event: 184.330 GC heap after
Heap after GC invocations=23 (full 0):
 PSYoungGen      total 33280K, used 1060K [0x00000007d5c80000, 0x00000007d8600000, 0x0000000800000000)
  eden space 24064K, 0% used [0x00000007d5c80000,0x00000007d5c80000,0x00000007d7400000)
  from space 9216K, 11% used [0x00000007d7400000,0x00000007d7509010,0x00000007d7d00000)
  to   space 9216K, 0% used [0x00000007d7d00000,0x00000007d7d00000,0x00000007d8600000)
 ParOldGen       total 86016K, used 42001K [0x0000000781600000, 0x0000000786a00000, 0x00000007d5c80000)
  object space 86016K, 48% used [0x0000000781600000,0x0000000783f045c8,0x0000000786a00000)
 PSPermGen       total 21504K, used 20533K [0x000000077c400000, 0x000000077d900000, 0x0000000781600000)
  object space 21504K, 95% used [0x000000077c400000,0x000000077d80d508,0x000000077d900000)
}

Deoptimization events (10 events):
Event: 175.930 Thread 0x000000000e903800 Uncommon trap: reason=class_check action=maybe_recompile pc=0x00000000049f161c method=java.awt.Color.getGreen()I @ 1
Event: 175.930 Thread 0x000000000e903800 Uncommon trap: reason=class_check action=maybe_recompile pc=0x00000000049f161c method=java.awt.Color.getGreen()I @ 1
Event: 175.930 Thread 0x000000000e903800 Uncommon trap: reason=class_check action=maybe_recompile pc=0x00000000049f161c method=java.awt.Color.getGreen()I @ 1
Event: 175.930 Thread 0x000000000e903800 Uncommon trap: reason=class_check action=maybe_recompile pc=0x00000000049f13d8 method=java.awt.Color.getBlue()I @ 1
Event: 175.930 Thread 0x000000000e903800 Uncommon trap: reason=class_check action=maybe_recompile pc=0x00000000049f13d8 method=java.awt.Color.getBlue()I @ 1
Event: 175.930 Thread 0x000000000e903800 Uncommon trap: reason=class_check action=maybe_recompile pc=0x00000000049f13d8 method=java.awt.Color.getBlue()I @ 1
Event: 175.930 Thread 0x000000000e903800 Uncommon trap: reason=class_check action=maybe_recompile pc=0x0000000004a201dc method=java.awt.Color.getRed()I @ 1
Event: 175.930 Thread 0x000000000e903800 Uncommon trap: reason=class_check action=maybe_recompile pc=0x00000000049f161c method=java.awt.Color.getGreen()I @ 1
Event: 175.930 Thread 0x000000000e903800 Uncommon trap: reason=class_check action=maybe_recompile pc=0x00000000049f13d8 method=java.awt.Color.getBlue()I @ 1
Event: 178.904 Thread 0x000000000e903800 Uncommon trap: reason=null_check action=make_not_entrant pc=0x0000000004a6dc08 method=javax.swing.plaf.nimbus.NimbusDefaults$LazyStyle.matches(Ljava/awt/Component;I)Z @ 39

Internal exceptions (10 events):
Event: 174.140 Thread 0x000000000e903800 Threw 0x00000007d6ad5a28 at C:\re\jdk7u55\869\hotspot\src\share\vm\prims\jvm.cpp:1244
Event: 174.141 Thread 0x000000000e903800 Threw 0x00000007d6adcf30 at C:\re\jdk7u55\869\hotspot\src\share\vm\prims\jvm.cpp:1244
Event: 174.142 Thread 0x000000000e903800 Threw 0x00000007d6ae5540 at C:\re\jdk7u55\869\hotspot\src\share\vm\prims\jvm.cpp:1244
Event: 174.142 Thread 0x000000000e903800 Threw 0x00000007d6aee7c0 at C:\re\jdk7u55\869\hotspot\src\share\vm\prims\jvm.cpp:1244
Event: 174.143 Thread 0x000000000e903800 Threw 0x00000007d6af64e8 at C:\re\jdk7u55\869\hotspot\src\share\vm\prims\jvm.cpp:1244
Event: 174.143 Thread 0x000000000e903800 Threw 0x00000007d6afed38 at C:\re\jdk7u55\869\hotspot\src\share\vm\prims\jvm.cpp:1244
Event: 174.294 Thread 0x000000000e903800 Threw 0x00000007d746a650 at C:\re\jdk7u55\869\hotspot\src\share\vm\prims\jvm.cpp:1244
Event: 174.750 Thread 0x000000000e903800 Threw 0x00000007d62a52c8 at C:\re\jdk7u55\869\hotspot\src\share\vm\prims\jvm.cpp:1244
Event: 175.506 Thread 0x000000000e903800 Implicit null exception at 0x0000000004a98f83 to 0x0000000004a9e481
Event: 178.904 Thread 0x000000000e903800 Implicit null exception at 0x0000000004a6bb59 to 0x0000000004a6dbed

Events (10 events):
Event: 183.452 Executing VM operation: RevokeBias
Event: 183.452 Executing VM operation: RevokeBias done
Event: 183.452 Executing VM operation: BulkRevokeBias
Event: 183.452 Executing VM operation: BulkRevokeBias done
Event: 183.452 Executing VM operation: BulkRevokeBias
Event: 183.453 Executing VM operation: BulkRevokeBias done
Event: 184.326 Executing VM operation: ParallelGCFailedAllocation
Event: 184.330 Executing VM operation: ParallelGCFailedAllocation done
Event: 184.970 Executing VM operation: RevokeBias
Event: 184.970 Executing VM operation: RevokeBias done


Dynamic libraries:
0x00007ff7d1020000 - 0x00007ff7d1053000 	C:\Program Files\Java\jdk1.7.0_55\bin\java.exe
0x00007ffc31960000 - 0x00007ffc31b40000 	C:\WINDOWS\SYSTEM32\ntdll.dll
0x00007ffc2ef10000 - 0x00007ffc2efbe000 	C:\WINDOWS\System32\KERNEL32.DLL
0x00007ffc2de60000 - 0x00007ffc2e0c6000 	C:\WINDOWS\System32\KERNELBASE.dll
0x00007ffc30d30000 - 0x00007ffc30dd1000 	C:\WINDOWS\System32\ADVAPI32.dll
0x00007ffc2f070000 - 0x00007ffc2f10d000 	C:\WINDOWS\System32\msvcrt.dll
0x00007ffc2f2c0000 - 0x00007ffc2f31b000 	C:\WINDOWS\System32\sechost.dll
0x00007ffc313b0000 - 0x00007ffc314cf000 	C:\WINDOWS\System32\RPCRT4.dll
0x00007ffc2f130000 - 0x00007ffc2f2bf000 	C:\WINDOWS\System32\USER32.dll
0x00007ffc2e0d0000 - 0x00007ffc2e0f0000 	C:\WINDOWS\System32\win32u.dll
0x00007ffc2f040000 - 0x00007ffc2f068000 	C:\WINDOWS\System32\GDI32.dll
0x00007ffc2e0f0000 - 0x00007ffc2e283000 	C:\WINDOWS\System32\gdi32full.dll
0x00007ffc2e360000 - 0x00007ffc2e3fb000 	C:\WINDOWS\System32\msvcp_win.dll
0x00007ffc2dd60000 - 0x00007ffc2de56000 	C:\WINDOWS\System32\ucrtbase.dll
0x00007ffc23080000 - 0x00007ffc232e9000 	C:\WINDOWS\WinSxS\amd64_microsoft.windows.common-controls_6595b64144ccf1df_6.0.16299.125_none_15cbcf8893620c09\COMCTL32.dll
0x00007ffc2f390000 - 0x00007ffc2f698000 	C:\WINDOWS\System32\combase.dll
0x00007ffc2e2e0000 - 0x00007ffc2e352000 	C:\WINDOWS\System32\bcryptPrimitives.dll
0x00007ffc30b90000 - 0x00007ffc30bbd000 	C:\WINDOWS\System32\IMM32.DLL
0x0000000053a20000 - 0x0000000053af2000 	C:\Program Files\Java\jdk1.7.0_55\jre\bin\msvcr100.dll
0x0000000052680000 - 0x0000000052e49000 	C:\Program Files\Java\jdk1.7.0_55\jre\bin\server\jvm.dll
0x00007ffc2ef00000 - 0x00007ffc2ef08000 	C:\WINDOWS\System32\PSAPI.DLL
0x00007ffc21990000 - 0x00007ffc21999000 	C:\WINDOWS\SYSTEM32\WSOCK32.dll
0x00007ffc2bd60000 - 0x00007ffc2bd83000 	C:\WINDOWS\SYSTEM32\WINMM.dll
0x00007ffc2f320000 - 0x00007ffc2f38c000 	C:\WINDOWS\System32\WS2_32.dll
0x00007ffc2bc20000 - 0x00007ffc2bc4a000 	C:\WINDOWS\SYSTEM32\winmmbase.dll
0x00007ffc2e290000 - 0x00007ffc2e2da000 	C:\WINDOWS\System32\cfgmgr32.dll
0x00000000539d0000 - 0x00000000539df000 	C:\Program Files\Java\jdk1.7.0_55\jre\bin\verify.dll
0x00000000539a0000 - 0x00000000539c8000 	C:\Program Files\Java\jdk1.7.0_55\jre\bin\java.dll
0x0000000053980000 - 0x0000000053995000 	C:\Program Files\Java\jdk1.7.0_55\jre\bin\zip.dll
0x00000000537a0000 - 0x0000000053935000 	C:\Program Files\Java\jdk1.7.0_55\jre\bin\awt.dll
0x00007ffc2ee30000 - 0x00007ffc2eef5000 	C:\WINDOWS\System32\OLEAUT32.dll
0x00007ffc2be80000 - 0x00007ffc2bf08000 	C:\WINDOWS\SYSTEM32\apphelp.dll
0x00007ffc2c000000 - 0x00007ffc2c095000 	C:\WINDOWS\system32\uxtheme.dll
0x00007ffc30bc0000 - 0x00007ffc30d27000 	C:\WINDOWS\System32\MSCTF.dll
0x00007ffc2c270000 - 0x00007ffc2c29a000 	C:\WINDOWS\system32\dwmapi.dll
0x00007ffc30ea0000 - 0x00007ffc30fe9000 	C:\WINDOWS\System32\ole32.dll
0x00007ffc2dd00000 - 0x00007ffc2dd11000 	C:\WINDOWS\System32\kernel.appcore.dll
0x00007ffc2f750000 - 0x00007ffc30b86000 	C:\WINDOWS\System32\SHELL32.dll
0x00007ffc2f6a0000 - 0x00007ffc2f746000 	C:\WINDOWS\System32\shcore.dll
0x00007ffc2e630000 - 0x00007ffc2ed77000 	C:\WINDOWS\System32\windows.storage.dll
0x00007ffc30e40000 - 0x00007ffc30e91000 	C:\WINDOWS\System32\shlwapi.dll
0x00007ffc2dcb0000 - 0x00007ffc2dcfc000 	C:\WINDOWS\System32\powrprof.dll
0x00007ffc2dd40000 - 0x00007ffc2dd5b000 	C:\WINDOWS\System32\profapi.dll
0x0000000053550000 - 0x0000000053597000 	C:\Program Files\Java\jdk1.7.0_55\jre\bin\fontmanager.dll
0x0000000053960000 - 0x0000000053979000 	C:\Program Files\Java\jdk1.7.0_55\jre\bin\net.dll
0x00007ffc2d4e0000 - 0x00007ffc2d546000 	C:\WINDOWS\system32\mswsock.dll
0x0000000053940000 - 0x0000000053951000 	C:\Program Files\Java\jdk1.7.0_55\jre\bin\nio.dll
0x00007ffc31300000 - 0x00007ffc3139e000 	C:\WINDOWS\System32\clbcatq.dll
0x00007ffc2a560000 - 0x00007ffc2a70b000 	C:\WINDOWS\SYSTEM32\WindowsCodecs.dll
0x00007ffc226f0000 - 0x00007ffc2273f000 	C:\WINDOWS\system32\dataexchange.dll
0x00007ffc2b400000 - 0x00007ffc2b6e1000 	C:\WINDOWS\system32\d3d11.dll
0x00007ffc2b7d0000 - 0x00007ffc2b912000 	C:\WINDOWS\system32\dcomp.dll
0x00007ffc2cb20000 - 0x00007ffc2cbcf000 	C:\WINDOWS\system32\dxgi.dll
0x00007ffc2c3f0000 - 0x00007ffc2c56b000 	C:\WINDOWS\system32\twinapi.appcore.dll
0x00007ffc2c360000 - 0x00007ffc2c380000 	C:\WINDOWS\system32\RMCLIENT.dll
0x00007ffc2d810000 - 0x00007ffc2d835000 	C:\WINDOWS\system32\bcrypt.dll
0x0000000052630000 - 0x0000000052671000 	C:\Program Files\Java\jdk1.7.0_55\jre\bin\t2k.dll
0x00007ffc2d2b0000 - 0x00007ffc2d366000 	C:\WINDOWS\SYSTEM32\DNSAPI.dll
0x00007ffc31920000 - 0x00007ffc31928000 	C:\WINDOWS\System32\NSI.dll
0x00007ffc2d270000 - 0x00007ffc2d2a9000 	C:\WINDOWS\SYSTEM32\IPHLPAPI.DLL
0x00000000535a0000 - 0x00000000535c6000 	C:\Program Files\Bonjour\mdnsNSP.dll
0x00007ffc23e60000 - 0x00007ffc23e6a000 	C:\Windows\System32\rasadhlp.dll
0x00007ffc24620000 - 0x00007ffc24690000 	C:\WINDOWS\System32\fwpuclnt.dll
0x00007ffc24450000 - 0x00007ffc244e8000 	C:\WINDOWS\System32\TextInputFramework.dll
0x00007ffc29f40000 - 0x00007ffc2a22e000 	C:\WINDOWS\System32\CoreUIComponents.dll
0x00007ffc2b6f0000 - 0x00007ffc2b7cd000 	C:\WINDOWS\System32\CoreMessaging.dll
0x00007ffc2cdf0000 - 0x00007ffc2ce21000 	C:\WINDOWS\SYSTEM32\ntmarta.dll
0x00007ffc29da0000 - 0x00007ffc29ed6000 	C:\WINDOWS\SYSTEM32\wintypes.dll
0x00000000525c0000 - 0x00000000525ea000 	C:\Program Files\Java\jdk1.7.0_55\jre\bin\dcpr.dll
0x00007ffc27950000 - 0x00007ffc279a1000 	C:\Users\User\.javacpp\cache\opencv-windows-x86_64.jar\org\bytedeco\javacpp\windows-x86_64\concrt140.dll
0x00007ffc22fb0000 - 0x00007ffc22fc6000 	C:\WINDOWS\SYSTEM32\VCRUNTIME140.dll
0x00007ffc05210000 - 0x00007ffc052ac000 	C:\WINDOWS\SYSTEM32\MSVCP140.dll
0x00007ffc09db0000 - 0x00007ffc09e4d000 	C:\Users\User\.javacpp\cache\opencv-windows-x86_64.jar\org\bytedeco\javacpp\windows-x86_64\msvcp140.dll
0x00007ffc29630000 - 0x00007ffc29647000 	C:\Users\User\.javacpp\cache\opencv-windows-x86_64.jar\org\bytedeco\javacpp\windows-x86_64\vcruntime140.dll
0x0000000002b80000 - 0x0000000002b83000 	C:\Users\User\.javacpp\cache\opencv-windows-x86_64.jar\org\bytedeco\javacpp\windows-x86_64\api-ms-win-crt-locale-l1-1-0.dll
0x0000000002b90000 - 0x0000000002b94000 	C:\Users\User\.javacpp\cache\opencv-windows-x86_64.jar\org\bytedeco\javacpp\windows-x86_64\api-ms-win-crt-string-l1-1-0.dll
0x0000000002ba0000 - 0x0000000002ba4000 	C:\Users\User\.javacpp\cache\opencv-windows-x86_64.jar\org\bytedeco\javacpp\windows-x86_64\api-ms-win-crt-stdio-l1-1-0.dll
0x0000000002bb0000 - 0x0000000002bb5000 	C:\Users\User\.javacpp\cache\opencv-windows-x86_64.jar\org\bytedeco\javacpp\windows-x86_64\api-ms-win-crt-math-l1-1-0.dll
0x0000000002bc0000 - 0x0000000002bc3000 	C:\Users\User\.javacpp\cache\opencv-windows-x86_64.jar\org\bytedeco\javacpp\windows-x86_64\api-ms-win-crt-heap-l1-1-0.dll
0x0000000002bd0000 - 0x0000000002bd4000 	C:\Users\User\.javacpp\cache\opencv-windows-x86_64.jar\org\bytedeco\javacpp\windows-x86_64\api-ms-win-crt-runtime-l1-1-0.dll
0x0000000002be0000 - 0x0000000002be4000 	C:\Users\User\.javacpp\cache\opencv-windows-x86_64.jar\org\bytedeco\javacpp\windows-x86_64\api-ms-win-crt-convert-l1-1-0.dll
0x0000000002bf0000 - 0x0000000002bf3000 	C:\Users\User\.javacpp\cache\opencv-windows-x86_64.jar\org\bytedeco\javacpp\windows-x86_64\api-ms-win-crt-environment-l1-1-0.dll
0x0000000002c00000 - 0x0000000002c03000 	C:\Users\User\.javacpp\cache\opencv-windows-x86_64.jar\org\bytedeco\javacpp\windows-x86_64\api-ms-win-crt-time-l1-1-0.dll
0x0000000002c10000 - 0x0000000002c13000 	C:\Users\User\.javacpp\cache\opencv-windows-x86_64.jar\org\bytedeco\javacpp\windows-x86_64\api-ms-win-crt-filesystem-l1-1-0.dll
0x0000000002c20000 - 0x0000000002c23000 	C:\Users\User\.javacpp\cache\opencv-windows-x86_64.jar\org\bytedeco\javacpp\windows-x86_64\api-ms-win-crt-utility-l1-1-0.dll
0x0000000002c30000 - 0x0000000002c35000 	C:\Users\User\.javacpp\cache\opencv-windows-x86_64.jar\org\bytedeco\javacpp\windows-x86_64\api-ms-win-crt-multibyte-l1-1-0.dll
0x00007ffc03fd0000 - 0x00007ffc042d6000 	C:\Users\User\.javacpp\cache\opencv-windows-x86_64.jar\org\bytedeco\javacpp\windows-x86_64\opencv_core340.dll
0x00007ffbfcb60000 - 0x00007ffbfcf6c000 	C:\Users\User\.javacpp\cache\opencv-windows-x86_64.jar\org\bytedeco\javacpp\windows-x86_64\opencv_imgproc340.dll
0x00007ffbfc7e0000 - 0x00007ffbfcb5b000 	C:\Users\User\.javacpp\cache\opencv-windows-x86_64.jar\org\bytedeco\javacpp\windows-x86_64\jniopencv_core.dll
0x00007ffc07d90000 - 0x00007ffc07ee5000 	C:\Users\User\.javacpp\cache\opencv-windows-x86_64.jar\org\bytedeco\javacpp\windows-x86_64\jniopencv_imgproc.dll
0x00007ffbfc510000 - 0x00007ffbfc7dc000 	C:\Users\User\.javacpp\cache\opencv-windows-x86_64.jar\org\bytedeco\javacpp\windows-x86_64\opencv_imgcodecs340.dll
0x00007ffc266c0000 - 0x00007ffc266f4000 	C:\Users\User\.javacpp\cache\opencv-windows-x86_64.jar\org\bytedeco\javacpp\windows-x86_64\jniopencv_imgcodecs.dll
0x00007ffc1fec0000 - 0x00007ffc1ff0b000 	C:\Users\User\.javacpp\cache\opencv-windows-x86_64.jar\org\bytedeco\javacpp\windows-x86_64\opencv_videoio340.dll
0x00007ffc278e0000 - 0x00007ffc278f8000 	C:\WINDOWS\SYSTEM32\AVICAP32.dll
0x00007ffc13510000 - 0x00007ffc13539000 	C:\WINDOWS\SYSTEM32\MSVFW32.dll
0x00007ffc27870000 - 0x00007ffc2788f000 	C:\WINDOWS\SYSTEM32\AVIFIL32.dll
0x00007ffc27ff0000 - 0x00007ffc2800c000 	C:\WINDOWS\SYSTEM32\MSACM32.dll
0x00007ffc26fa0000 - 0x00007ffc26fbf000 	C:\Users\User\.javacpp\cache\opencv-windows-x86_64.jar\org\bytedeco\javacpp\windows-x86_64\jniopencv_videoio.dll
0x00007ffc26f40000 - 0x00007ffc26f58000 	C:\Windows\System32\devenum.dll
0x00007ffc314d0000 - 0x00007ffc3191e000 	C:\WINDOWS\System32\setupapi.dll
0x00007ffc2dac0000 - 0x00007ffc2dae7000 	C:\WINDOWS\SYSTEM32\DEVOBJ.dll
0x00007ffc2e5d0000 - 0x00007ffc2e628000 	C:\WINDOWS\System32\WINTRUST.dll
0x00007ffc2dd20000 - 0x00007ffc2dd32000 	C:\WINDOWS\System32\MSASN1.dll
0x00007ffc2e400000 - 0x00007ffc2e5ce000 	C:\WINDOWS\System32\CRYPT32.dll
0x00007ffc27860000 - 0x00007ffc2786a000 	C:\WINDOWS\SYSTEM32\msdmo.dll
0x00007ffc10930000 - 0x00007ffc10963000 	C:\Windows\System32\qcap.dll
0x00007ffbfc350000 - 0x00007ffbfc50c000 	C:\Windows\System32\quartz.dll
0x00007ffc0e860000 - 0x00007ffc0e8ae000 	C:\Windows\System32\mfksproxy.dll
0x00007ffc29500000 - 0x00007ffc2951d000 	C:\Windows\System32\ATL.DLL
0x00007ffc1da60000 - 0x00007ffc1da96000 	C:\Windows\System32\MFSENSORGROUP.dll
0x00007ffc20800000 - 0x00007ffc209b1000 	C:\Windows\System32\MFPlat.DLL
0x00007ffc273c0000 - 0x00007ffc273f2000 	C:\Windows\System32\RTWorkQ.DLL
0x00007ffc08590000 - 0x00007ffc085d9000 	C:\Windows\System32\ksproxy.ax
0x00007ffc2be00000 - 0x00007ffc2be09000 	C:\Windows\System32\ksuser.dll
0x00007ffc06080000 - 0x00007ffc06215000 	C:\Windows\System32\d3d9.dll
0x00007ffc258a0000 - 0x00007ffc2591b000 	C:\WINDOWS\SYSTEM32\policymanager.dll
0x00007ffc28ca0000 - 0x00007ffc28d30000 	C:\Windows\System32\msvcp110_win.dll
0x00007ffc2bde0000 - 0x00007ffc2bdec000 	C:\Windows\System32\vidcap.ax
0x00007ffc11a10000 - 0x00007ffc11a36000 	C:\Windows\System32\kswdmcap.ax
0x00007ffc01620000 - 0x00007ffc01785000 	C:\Windows\System32\MFC42.dll
0x00007ffc05400000 - 0x00007ffc054a0000 	C:\Windows\System32\qedit.dll
0x00007ffc30ff0000 - 0x00007ffc310fa000 	C:\WINDOWS\System32\COMDLG32.dll
0x00007ffc1f570000 - 0x00007ffc1f70c000 	C:\WINDOWS\WinSxS\amd64_microsoft.windows.gdiplus_6595b64144ccf1df_1.1.16299.125_none_46b6c26dedf485d7\gdiplus.dll
0x00007ffbfec80000 - 0x00007ffbfed76000 	C:\Windows\System32\DDRAW.dll
0x00007ffc28260000 - 0x00007ffc28268000 	C:\Windows\System32\DCIMAN32.dll
0x00007ffc04e90000 - 0x00007ffc04f23000 	C:\Users\User\.javacpp\cache\opencv-windows-x86_64.jar\org\bytedeco\javacpp\windows-x86_64\opencv_objdetect340.dll
0x00007ffc06320000 - 0x00007ffc06399000 	C:\Users\User\.javacpp\cache\opencv-windows-x86_64.jar\org\bytedeco\javacpp\windows-x86_64\jniopencv_objdetect.dll
0x00007ffc27ce0000 - 0x00007ffc27cec000 	C:\WINDOWS\SYSTEM32\msyuv.dll

VM Arguments:
jvm_args: -Dfile.encoding=UTF-8 
java_command: UIL.FrameAdministrator
Launcher Type: SUN_STANDARD

Environment Variables:
PATH=C:\Program Files (x86)\Intel\iCLS Client\;C:\Program Files\Intel\iCLS Client\;C:\WINDOWS\system32;C:\WINDOWS;C:\WINDOWS\System32\Wbem;C:\WINDOWS\System32\WindowsPowerShell\v1.0\;C:\Program Files (x86)\Intel\Intel(R) Management Engine Components\DAL;C:\Program Files\Intel\Intel(R) Management Engine Components\DAL;C:\Program Files (x86)\Intel\Intel(R) Management Engine Components\IPT;C:\Program Files\Intel\Intel(R) Management Engine Components\IPT;C:\WINDOWS\system32\config\systemprofile\.dnx\bin;C:\Program Files\Microsoft DNX\Dnvm\;C:\Program Files (x86)\Microsoft SQL Server\Client SDK\ODBC\110\Tools\Binn\;C:\Program Files (x86)\Microsoft SQL Server\120\Tools\Binn\;C:\Program Files (x86)\Microsoft SQL Server\120\DTS\Binn\;C:\Program Files (x86)\Microsoft SQL Server\120\Tools\Binn\ManagementStudio\;C:\Users\User\AppData\Local\Microsoft\WindowsApps;
USERNAME=User
OS=Windows_NT
PROCESSOR_IDENTIFIER=Intel64 Family 6 Model 61 Stepping 4, GenuineIntel



---------------  S Y S T E M  ---------------

OS: Windows 8.1 , 64 bit Build 9600 

CPU:total 4 (2 cores per cpu, 2 threads per core) family 6 model 61 stepping 4, cmov, cx8, fxsr, mmx, sse, sse2, sse3, ssse3, sse4.1, sse4.2, popcnt, avx, avx2, aes, erms, ht, tsc, tscinvbit

Memory: 4k page, physical 8296436k(4215100k free), swap 9607156k(4278852k free)

vm_info: Java HotSpot(TM) 64-Bit Server VM (24.55-b03) for windows-amd64 JRE (1.7.0_55-b13), built on Mar 17 2014 19:45:30 by "java_re" with unknown MS VC++:1600

time: Thu Apr 05 13:37:20 2018
elapsed time: 185 seconds

