#
# A fatal error has been detected by the Java Runtime Environment:
#
#  EXCEPTION_ACCESS_VIOLATION (0xc0000005) at pc=0x00007ffc319abe4b, pid=36724, tid=32312
#
# JRE version: Java(TM) SE Runtime Environment (7.0_55-b13) (build 1.7.0_55-b13)
# Java VM: Java HotSpot(TM) 64-Bit Server VM (24.55-b03 mixed mode windows-amd64 compressed oops)
# Problematic frame:
# C  [ntdll.dll+0x4be4b]
#
# Failed to write core dump. Minidumps are not enabled by default on client versions of Windows
#
# If you would like to submit a bug report, please visit:
#   http://bugreport.sun.com/bugreport/crash.jsp
# The crash happened outside the Java Virtual Machine in native code.
# See problematic frame for where to report the bug.
#

---------------  T H R E A D  ---------------

Current thread (0x000000000eda1000):  JavaThread "Thread-3" daemon [_thread_in_native, id=32312, stack(0x0000000010c50000,0x0000000010d50000)]

siginfo: ExceptionCode=0xc0000005, writing address 0x0000000000000024

Registers:
RAX=0x0000000000000000, RBX=0x0000000002fc3558, RCX=0x0000000002fc3558, RDX=0xffffffffffffffff
RSP=0x0000000010d4ee60, RBP=0x0000000010d4eed0, RSI=0x0000000000000000, RDI=0x0000000000000000
R8 =0x0000000000000000, R9 =0x0000000000000000, R10=0x0000000000000000, R11=0x0000000000000246
R12=0x0000000000000000, R13=0x000000077d4e2fa8, R14=0x0000000000000000, R15=0x000000000eda1000
RIP=0x00007ffc319abe4b, EFLAGS=0x0000000000010213

Top of Stack: (sp=0x0000000010d4ee60)
0x0000000010d4ee60:   ffffffffffffffff 0000000002fc3558
0x0000000010d4ee70:   0000000781aa58e8 0000000781a68b10
0x0000000010d4ee80:   00000007d5d3be58 0000000000000000
0x0000000010d4ee90:   0000000781ca23b8 0000000000c26000
0x0000000010d4eea0:   4081800000000000 0000000010d4eef0
0x0000000010d4eeb0:   4084700000000000 00000007d5d3bc90
0x0000000010d4eec0:   4060600000000000 00007ffc2de73b2f
0x0000000010d4eed0:   000000000eda1000 0000000000000001
0x0000000010d4eee0:   000000077d4e2fa8 0000000000000000
0x0000000010d4eef0:   0000000000000000 0000000010d4f200
0x0000000010d4ef00:   0000000000000001 00007ffc31980c39
0x0000000010d4ef10:   0000000000000000 0000000002fc3558
0x0000000010d4ef20:   00000000fffffffa 0000000000000000
0x0000000010d4ef30:   0000000019dd1100 00007ffc31980b50
0x0000000010d4ef40:   00007ffc07bf3e70 0000000000000000
0x0000000010d4ef50:   0000000010d4f200 00007ffc07bf3e70 

Instructions: (pc=0x00007ffc319abe4b)
0x00007ffc319abe2b:   0f 45 f6 48 39 73 18 0f 84 bb 01 00 00 48 83 3b
0x00007ffc319abe3b:   ff 0f 84 be 01 00 00 48 8b 03 48 83 f8 ff 74 03
0x00007ffc319abe4b:   ff 40 24 48 8b 7b 18 44 8b ee 48 89 7d c0 e8 12
0x00007ffc319abe5b:   ae fd ff 85 c0 0f 85 e2 13 07 00 b9 82 03 fe 7f 


Register to memory mapping:

RAX=0x0000000000000000 is an unknown value
RBX=0x0000000002fc3558 is an unknown value
RCX=0x0000000002fc3558 is an unknown value
RDX=0xffffffffffffffff is an unknown value
RSP=0x0000000010d4ee60 is pointing into the stack for thread: 0x000000000eda1000
RBP=0x0000000010d4eed0 is pointing into the stack for thread: 0x000000000eda1000
RSI=0x0000000000000000 is an unknown value
RDI=0x0000000000000000 is an unknown value
R8 =0x0000000000000000 is an unknown value
R9 =0x0000000000000000 is an unknown value
R10=0x0000000000000000 is an unknown value
R11=0x0000000000000246 is an unknown value
R12=0x0000000000000000 is an unknown value
R13=0x000000077d4e2fa8 is an oop
{method} 
 - klass: {other class}
R14=0x0000000000000000 is an unknown value
R15=0x000000000eda1000 is a thread


Stack: [0x0000000010c50000,0x0000000010d50000],  sp=0x0000000010d4ee60,  free space=1019k
Native frames: (J=compiled Java code, j=interpreted, Vv=VM code, C=native code)
C  [ntdll.dll+0x4be4b]

Java frames: (J=compiled Java code, j=interpreted, Vv=VM code)
j  org.bytedeco.javacpp.opencv_videoio$VideoCapture.retrieve(Lorg/bytedeco/javacpp/opencv_core$Mat;)Z+0
j  org.bytedeco.javacv.OpenCVFrameGrabber.grab()Lorg/bytedeco/javacv/Frame;+8
j  UIL.FrameRecognizer$captureImage.run()V+39
j  java.lang.Thread.run()V+11
v  ~StubRoutines::call_stub

---------------  P R O C E S S  ---------------

Java Threads: ( => current thread )
  0x000000001c407800 JavaThread "Image Fetcher 0" daemon [_thread_blocked, id=25756, stack(0x000000001d790000,0x000000001d890000)]
  0x000000000f33a800 JavaThread "TimerQueue" daemon [_thread_blocked, id=38568, stack(0x0000000011040000,0x0000000011140000)]
  0x000000000eec3000 JavaThread "JavaCPP Deallocator" daemon [_thread_blocked, id=22324, stack(0x0000000010e50000,0x0000000010f50000)]
  0x000000000eeac000 JavaThread "Abandoned connection cleanup thread" daemon [_thread_blocked, id=27008, stack(0x0000000010d50000,0x0000000010e50000)]
=>0x000000000eda1000 JavaThread "Thread-3" daemon [_thread_in_native, id=32312, stack(0x0000000010c50000,0x0000000010d50000)]
  0x0000000004ea2800 JavaThread "DestroyJavaVM" [_thread_blocked, id=36368, stack(0x0000000004da0000,0x0000000004ea0000)]
  0x000000000f0a0800 JavaThread "AWT-EventQueue-0" [_thread_in_native, id=31948, stack(0x0000000010210000,0x0000000010310000)]
  0x000000000ecdf000 JavaThread "AWT-Windows" daemon [_thread_in_native, id=33664, stack(0x000000000fae0000,0x000000000fbe0000)]
  0x000000000ecda000 JavaThread "AWT-Shutdown" [_thread_blocked, id=35412, stack(0x000000000f9e0000,0x000000000fae0000)]
  0x000000000ee53800 JavaThread "Java2D Disposer" daemon [_thread_blocked, id=38296, stack(0x000000000f8e0000,0x000000000f9e0000)]
  0x000000000d23a800 JavaThread "Service Thread" daemon [_thread_blocked, id=37772, stack(0x000000000e9a0000,0x000000000eaa0000)]
  0x000000000d228000 JavaThread "C2 CompilerThread1" daemon [_thread_blocked, id=30928, stack(0x000000000e8a0000,0x000000000e9a0000)]
  0x000000000d225800 JavaThread "C2 CompilerThread0" daemon [_thread_blocked, id=32036, stack(0x000000000e7a0000,0x000000000e8a0000)]
  0x000000000d224800 JavaThread "Attach Listener" daemon [_thread_blocked, id=27072, stack(0x000000000e6a0000,0x000000000e7a0000)]
  0x000000000d221800 JavaThread "Signal Dispatcher" daemon [_thread_blocked, id=34036, stack(0x000000000e5a0000,0x000000000e6a0000)]
  0x000000000d1f1000 JavaThread "Finalizer" daemon [_thread_blocked, id=34536, stack(0x000000000e4a0000,0x000000000e5a0000)]
  0x000000000d1e6000 JavaThread "Reference Handler" daemon [_thread_blocked, id=24684, stack(0x000000000e3a0000,0x000000000e4a0000)]

Other Threads:
  0x000000000d1e2800 VMThread [stack: 0x000000000e2a0000,0x000000000e3a0000] [id=33704]
  0x000000000d27f800 WatcherThread [stack: 0x000000000eaa0000,0x000000000eba0000] [id=18548]

VM state:not at safepoint (normal execution)

VM Mutex/Monitor currently owned by a thread: None

Heap
 PSYoungGen      total 58880K, used 17529K [0x00000007d5c80000, 0x00000007ddc00000, 0x0000000800000000)
  eden space 56320K, 26% used [0x00000007d5c80000,0x00000007d6b386c8,0x00000007d9380000)
  from space 2560K, 95% used [0x00000007dca80000,0x00000007dcce6030,0x00000007dcd00000)
  to   space 11776K, 0% used [0x00000007dd080000,0x00000007dd080000,0x00000007ddc00000)
 ParOldGen       total 86016K, used 53878K [0x0000000781600000, 0x0000000786a00000, 0x00000007d5c80000)
  object space 86016K, 62% used [0x0000000781600000,0x0000000784a9dab0,0x0000000786a00000)
 PSPermGen       total 21504K, used 20141K [0x000000077c400000, 0x000000077d900000, 0x0000000781600000)
  object space 21504K, 93% used [0x000000077c400000,0x000000077d7ab7e0,0x000000077d900000)

Card table byte_map: [0x0000000007fa0000,0x00000000083c0000] byte_map_base: 0x00000000043be000

Polling page: 0x0000000003380000

Code Cache  [0x0000000004fa0000, 0x0000000005210000, 0x0000000007fa0000)
 total_blobs=902 nmethods=286 adapters=568 free_code_cache=47407Kb largest_free_block=48514752

Compilation events (10 events):
Event: 14.502 Thread 0x000000000d228000 nmethod 284 0x000000000513f110 code [0x000000000513f240, 0x000000000513f2b8]
Event: 14.502 Thread 0x000000000d228000  286             java.io.ObjectStreamClass::hasWriteObjectData (5 bytes)
Event: 14.503 Thread 0x000000000d228000 nmethod 286 0x000000000514ef10 code [0x000000000514f040, 0x000000000514f098]
Event: 14.528 Thread 0x000000000d225800 nmethod 285 0x00000000051595d0 code [0x0000000005159820, 0x000000000515a5e8]
Event: 14.532 Thread 0x000000000d228000  287 %           java.util.Arrays::fill @ 10 (28 bytes)
Event: 14.533 Thread 0x000000000d225800  288 %           java.util.Arrays::fill @ 10 (28 bytes)
Event: 14.537 Thread 0x000000000d228000 nmethod 287% 0x0000000005152c50 code [0x0000000005152da0, 0x0000000005152f58]
Event: 14.538 Thread 0x000000000d228000  289             java.util.Hashtable::rehash (168 bytes)
Event: 14.539 Thread 0x000000000d225800 nmethod 288% 0x000000000514ffd0 code [0x0000000005150120, 0x00000000051503b8]
Event: 14.547 Thread 0x000000000d228000 nmethod 289 0x0000000005151250 code [0x00000000051513e0, 0x00000000051517e8]

GC Heap History (10 events):
Event: 11.432 GC heap before
{Heap before GC invocations=7 (full 0):
 PSYoungGen      total 71168K, used 70931K [0x00000007d5c80000, 0x00000007dec00000, 0x0000000800000000)
  eden space 64512K, 100% used [0x00000007d5c80000,0x00000007d9b80000,0x00000007d9b80000)
  from space 6656K, 96% used [0x00000007de580000,0x00000007debc4e00,0x00000007dec00000)
  to   space 7680K, 0% used [0x00000007ddd00000,0x00000007ddd00000,0x00000007de480000)
 ParOldGen       total 86016K, used 4181K [0x0000000781600000, 0x0000000786a00000, 0x00000007d5c80000)
  object space 86016K, 4% used [0x0000000781600000,0x0000000781a155f0,0x0000000786a00000)
 PSPermGen       total 21504K, used 18232K [0x000000077c400000, 0x000000077d900000, 0x0000000781600000)
  object space 21504K, 84% used [0x000000077c400000,0x000000077d5ce3f0,0x000000077d900000)
Event: 11.445 GC heap after
Heap after GC invocations=7 (full 0):
 PSYoungGen      total 66560K, used 3628K [0x00000007d5c80000, 0x00000007de600000, 0x0000000800000000)
  eden space 62464K, 0% used [0x00000007d5c80000,0x00000007d5c80000,0x00000007d9980000)
  from space 4096K, 88% used [0x00000007ddd00000,0x00000007de08b030,0x00000007de100000)
  to   space 5120K, 0% used [0x00000007de100000,0x00000007de100000,0x00000007de600000)
 ParOldGen       total 86016K, used 8016K [0x0000000781600000, 0x0000000786a00000, 0x00000007d5c80000)
  object space 86016K, 9% used [0x0000000781600000,0x0000000781dd43c8,0x0000000786a00000)
 PSPermGen       total 21504K, used 18232K [0x000000077c400000, 0x000000077d900000, 0x0000000781600000)
  object space 21504K, 84% used [0x000000077c400000,0x000000077d5ce3f0,0x000000077d900000)
}
Event: 12.152 GC heap before
{Heap before GC invocations=8 (full 0):
 PSYoungGen      total 66560K, used 65716K [0x00000007d5c80000, 0x00000007de600000, 0x0000000800000000)
  eden space 62464K, 99% used [0x00000007d5c80000,0x00000007d99223a8,0x00000007d9980000)
  from space 4096K, 88% used [0x00000007ddd00000,0x00000007de08b030,0x00000007de100000)
  to   space 5120K, 0% used [0x00000007de100000,0x00000007de100000,0x00000007de600000)
 ParOldGen       total 86016K, used 8016K [0x0000000781600000, 0x0000000786a00000, 0x00000007d5c80000)
  object space 86016K, 9% used [0x0000000781600000,0x0000000781dd43c8,0x0000000786a00000)
 PSPermGen       total 21504K, used 18375K [0x000000077c400000, 0x000000077d900000, 0x0000000781600000)
  object space 21504K, 85% used [0x000000077c400000,0x000000077d5f1f60,0x000000077d900000)
Event: 12.156 GC heap after
Heap after GC invocations=8 (full 0):
 PSYoungGen      total 65536K, used 4386K [0x00000007d5c80000, 0x00000007de580000, 0x0000000800000000)
  eden space 60928K, 0% used [0x00000007d5c80000,0x00000007d5c80000,0x00000007d9800000)
  from space 4608K, 95% used [0x00000007de100000,0x00000007de548b88,0x00000007de580000)
  to   space 7680K, 0% used [0x00000007dd680000,0x00000007dd680000,0x00000007dde00000)
 ParOldGen       total 86016K, used 8194K [0x0000000781600000, 0x0000000786a00000, 0x00000007d5c80000)
  object space 86016K, 9% used [0x0000000781600000,0x0000000781e00988,0x0000000786a00000)
 PSPermGen       total 21504K, used 18375K [0x000000077c400000, 0x000000077d900000, 0x0000000781600000)
  object space 21504K, 85% used [0x000000077c400000,0x000000077d5f1f60,0x000000077d900000)
}
Event: 13.000 GC heap before
{Heap before GC invocations=9 (full 0):
 PSYoungGen      total 65536K, used 65089K [0x00000007d5c80000, 0x00000007de580000, 0x0000000800000000)
  eden space 60928K, 99% used [0x00000007d5c80000,0x00000007d97c7a98,0x00000007d9800000)
  from space 4608K, 95% used [0x00000007de100000,0x00000007de548b88,0x00000007de580000)
  to   space 7680K, 0% used [0x00000007dd680000,0x00000007dd680000,0x00000007dde00000)
 ParOldGen       total 86016K, used 8194K [0x0000000781600000, 0x0000000786a00000, 0x00000007d5c80000)
  object space 86016K, 9% used [0x0000000781600000,0x0000000781e00988,0x0000000786a00000)
 PSPermGen       total 21504K, used 18386K [0x000000077c400000, 0x000000077d900000, 0x0000000781600000)
  object space 21504K, 85% used [0x000000077c400000,0x000000077d5f4af8,0x000000077d900000)
Event: 13.003 GC heap after
Heap after GC invocations=9 (full 0):
 PSYoungGen      total 64512K, used 4756K [0x00000007d5c80000, 0x00000007de180000, 0x0000000800000000)
  eden space 59392K, 0% used [0x00000007d5c80000,0x00000007d5c80000,0x00000007d9680000)
  from space 5120K, 92% used [0x00000007dd680000,0x00000007ddb25050,0x00000007ddb80000)
  to   space 6144K, 0% used [0x00000007ddb80000,0x00000007ddb80000,0x00000007de180000)
 ParOldGen       total 86016K, used 9498K [0x0000000781600000, 0x0000000786a00000, 0x00000007d5c80000)
  object space 86016K, 11% used [0x0000000781600000,0x0000000781f46a28,0x0000000786a00000)
 PSPermGen       total 21504K, used 18386K [0x000000077c400000, 0x000000077d900000, 0x0000000781600000)
  object space 21504K, 85% used [0x000000077c400000,0x000000077d5f4af8,0x000000077d900000)
}
Event: 13.959 GC heap before
{Heap before GC invocations=10 (full 0):
 PSYoungGen      total 64512K, used 63311K [0x00000007d5c80000, 0x00000007de180000, 0x0000000800000000)
  eden space 59392K, 98% used [0x00000007d5c80000,0x00000007d95aee10,0x00000007d9680000)
  from space 5120K, 92% used [0x00000007dd680000,0x00000007ddb25050,0x00000007ddb80000)
  to   space 6144K, 0% used [0x00000007ddb80000,0x00000007ddb80000,0x00000007de180000)
 ParOldGen       total 86016K, used 9498K [0x0000000781600000, 0x0000000786a00000, 0x00000007d5c80000)
  object space 86016K, 11% used [0x0000000781600000,0x0000000781f46a28,0x0000000786a00000)
 PSPermGen       total 21504K, used 19042K [0x000000077c400000, 0x000000077d900000, 0x0000000781600000)
  object space 21504K, 88% used [0x000000077c400000,0x000000077d698a10,0x000000077d900000)
Event: 13.976 GC heap after
Heap after GC invocations=10 (full 0):
 PSYoungGen      total 64000K, used 6116K [0x00000007d5c80000, 0x00000007de180000, 0x0000000800000000)
  eden space 57856K, 0% used [0x00000007d5c80000,0x00000007d5c80000,0x00000007d9500000)
  from space 6144K, 99% used [0x00000007ddb80000,0x00000007de179010,0x00000007de180000)
  to   space 11776K, 0% used [0x00000007dca80000,0x00000007dca80000,0x00000007dd600000)
 ParOldGen       total 86016K, used 19595K [0x0000000781600000, 0x0000000786a00000, 0x00000007d5c80000)
  object space 86016K, 22% used [0x0000000781600000,0x0000000782922d20,0x0000000786a00000)
 PSPermGen       total 21504K, used 19042K [0x000000077c400000, 0x000000077d900000, 0x0000000781600000)
  object space 21504K, 88% used [0x000000077c400000,0x000000077d698a10,0x000000077d900000)
}
Event: 14.877 GC heap before
{Heap before GC invocations=11 (full 0):
 PSYoungGen      total 64000K, used 63967K [0x00000007d5c80000, 0x00000007de180000, 0x0000000800000000)
  eden space 57856K, 99% used [0x00000007d5c80000,0x00000007d94fee80,0x00000007d9500000)
  from space 6144K, 99% used [0x00000007ddb80000,0x00000007de179010,0x00000007de180000)
  to   space 11776K, 0% used [0x00000007dca80000,0x00000007dca80000,0x00000007dd600000)
 ParOldGen       total 86016K, used 53763K [0x0000000781600000, 0x0000000786a00000, 0x00000007d5c80000)
  object space 86016K, 62% used [0x0000000781600000,0x0000000784a80c70,0x0000000786a00000)
 PSPermGen       total 21504K, used 20078K [0x000000077c400000, 0x000000077d900000, 0x0000000781600000)
  object space 21504K, 93% used [0x000000077c400000,0x000000077d79bbb8,0x000000077d900000)
Event: 14.889 GC heap after
Heap after GC invocations=11 (full 0):
 PSYoungGen      total 58880K, used 2456K [0x00000007d5c80000, 0x00000007ddc00000, 0x0000000800000000)
  eden space 56320K, 0% used [0x00000007d5c80000,0x00000007d5c80000,0x00000007d9380000)
  from space 2560K, 95% used [0x00000007dca80000,0x00000007dcce6030,0x00000007dcd00000)
  to   space 11776K, 0% used [0x00000007dd080000,0x00000007dd080000,0x00000007ddc00000)
 ParOldGen       total 86016K, used 53878K [0x0000000781600000, 0x0000000786a00000, 0x00000007d5c80000)
  object space 86016K, 62% used [0x0000000781600000,0x0000000784a9dab0,0x0000000786a00000)
 PSPermGen       total 21504K, used 20078K [0x000000077c400000, 0x000000077d900000, 0x0000000781600000)
  object space 21504K, 93% used [0x000000077c400000,0x000000077d79bbb8,0x000000077d900000)
}

Deoptimization events (10 events):
Event: 13.639 Thread 0x000000000f0a0800 Uncommon trap: reason=intrinsic action=make_not_entrant pc=0x000000000510fed8 method=BLL.GaborFeature.computeMagnitudes([[I)[[D @ 129
Event: 13.815 Thread 0x000000000f0a0800 Uncommon trap: reason=intrinsic action=make_not_entrant pc=0x000000000511e6cc method=BLL.GaborFeature.getFeature(Ljava/awt/image/BufferedImage;)[D @ 298
Event: 13.838 Thread 0x000000000f0a0800 Uncommon trap: reason=intrinsic action=make_not_entrant pc=0x000000000511c7a0 method=BLL.GaborFeature.getFeature(Ljava/awt/image/BufferedImage;)[D @ 322
Event: 13.856 Thread 0x000000000f0a0800 Uncommon trap: reason=intrinsic action=make_not_entrant pc=0x000000000511ac38 method=BLL.GaborFeature.getFeature(Ljava/awt/image/BufferedImage;)[D @ 270
Event: 14.379 Thread 0x000000000f0a0800 Uncommon trap: reason=unreached action=reinterpret pc=0x000000000514921c method=java.lang.reflect.Constructor.newInstance([Ljava/lang/Object;)Ljava/lang/Object; @ 69
Event: 14.382 Thread 0x000000000f0a0800 Uncommon trap: reason=unreached action=reinterpret pc=0x000000000514384c method=java.io.ObjectStreamClass.getClassDataLayout()[Ljava/io/ObjectStreamClass$ClassDataSlot; @ 4
Event: 14.387 Thread 0x000000000f0a0800 Uncommon trap: reason=null_check action=make_not_entrant pc=0x0000000005150d0c method=java.io.ObjectInputStream.readClassDesc(Z)Ljava/io/ObjectStreamClass; @ 56
Event: 14.408 Thread 0x000000000f0a0800 Uncommon trap: reason=unreached action=reinterpret pc=0x000000000511331c method=java.io.ObjectStreamClass$FieldReflector.setObjFieldValues(Ljava/lang/Object;[Ljava/lang/Object;)V @ 92
Event: 14.502 Thread 0x000000000f0a0800 Uncommon trap: reason=predicate action=maybe_recompile pc=0x00000000051556e8 method=java.io.ObjectInputStream.readArray(Z)Ljava/lang/Object; @ 397
Event: 14.514 Thread 0x000000000f0a0800 Uncommon trap: reason=unreached action=reinterpret pc=0x000000000513f290 method=java.io.ObjectStreamClass.hasReadObjectMethod()Z @ 4

Internal exceptions (10 events):
Event: 14.527 Thread 0x000000000f0a0800 Threw 0x00000007d735ffd0 at C:\re\jdk7u55\869\hotspot\src\share\vm\prims\jni.cpp:1632
Event: 14.528 Thread 0x000000000f0a0800 Threw 0x00000007d7361f40 at C:\re\jdk7u55\869\hotspot\src\share\vm\prims\jvm.cpp:1244
Event: 14.529 Thread 0x000000000f0a0800 Threw 0x00000007d7372ca8 at C:\re\jdk7u55\869\hotspot\src\share\vm\prims\jni.cpp:1632
Event: 14.546 Thread 0x000000000f0a0800 Threw 0x00000007d739ed68 at C:\re\jdk7u55\869\hotspot\src\share\vm\prims\jvm.cpp:1244
Event: 14.572 Thread 0x000000000f0a0800 Threw 0x00000007d74a54a0 at C:\re\jdk7u55\869\hotspot\src\share\vm\prims\jvm.cpp:1244
Event: 14.572 Thread 0x000000000f0a0800 Threw 0x00000007d74ab018 at C:\re\jdk7u55\869\hotspot\src\share\vm\prims\jvm.cpp:1244
Event: 14.583 Thread 0x000000000f0a0800 Threw 0x00000007d74b0cb8 at C:\re\jdk7u55\869\hotspot\src\share\vm\prims\jvm.cpp:1244
Event: 14.594 Thread 0x000000000f0a0800 Threw 0x00000007d74b6878 at C:\re\jdk7u55\869\hotspot\src\share\vm\prims\jvm.cpp:1244
Event: 14.595 Thread 0x000000000f0a0800 Threw 0x00000007d74bc448 at C:\re\jdk7u55\869\hotspot\src\share\vm\prims\jvm.cpp:1244
Event: 14.973 Thread 0x000000000f0a0800 Threw 0x00000007d6831820 at C:\re\jdk7u55\869\hotspot\src\share\vm\prims\jvm.cpp:1244

Events (10 events):
Event: 14.934 Executing VM operation: RevokeBias
Event: 14.934 Executing VM operation: RevokeBias done
Event: 14.959 loading class 0x000000000ef97af0
Event: 14.960 loading class 0x000000000ef974f0
Event: 14.960 loading class 0x000000000ef974f0 done
Event: 14.960 loading class 0x000000000ef97af0 done
Event: 14.960 loading class 0x00000000136d10e0
Event: 14.960 loading class 0x00000000136d10e0 done
Event: 14.973 loading class 0x000000000f666f80
Event: 14.973 loading class 0x000000000f666f80 done


Dynamic libraries:
0x00007ff7ead00000 - 0x00007ff7ead33000 	C:\Program Files\Java\jdk1.7.0_55\bin\java.exe
0x00007ffc31960000 - 0x00007ffc31b40000 	C:\WINDOWS\SYSTEM32\ntdll.dll
0x00007ffc2ef10000 - 0x00007ffc2efbe000 	C:\WINDOWS\System32\KERNEL32.DLL
0x00007ffc2de60000 - 0x00007ffc2e0c6000 	C:\WINDOWS\System32\KERNELBASE.dll
0x00007ffc30d30000 - 0x00007ffc30dd1000 	C:\WINDOWS\System32\ADVAPI32.dll
0x00007ffc2f070000 - 0x00007ffc2f10d000 	C:\WINDOWS\System32\msvcrt.dll
0x00007ffc2f2c0000 - 0x00007ffc2f31b000 	C:\WINDOWS\System32\sechost.dll
0x00007ffc313b0000 - 0x00007ffc314cf000 	C:\WINDOWS\System32\RPCRT4.dll
0x00007ffc2f130000 - 0x00007ffc2f2bf000 	C:\WINDOWS\System32\USER32.dll
0x00007ffc2e0d0000 - 0x00007ffc2e0f0000 	C:\WINDOWS\System32\win32u.dll
0x00007ffc2f040000 - 0x00007ffc2f068000 	C:\WINDOWS\System32\GDI32.dll
0x00007ffc2e0f0000 - 0x00007ffc2e283000 	C:\WINDOWS\System32\gdi32full.dll
0x00007ffc2e360000 - 0x00007ffc2e3fb000 	C:\WINDOWS\System32\msvcp_win.dll
0x00007ffc2dd60000 - 0x00007ffc2de56000 	C:\WINDOWS\System32\ucrtbase.dll
0x00007ffc23080000 - 0x00007ffc232e9000 	C:\WINDOWS\WinSxS\amd64_microsoft.windows.common-controls_6595b64144ccf1df_6.0.16299.125_none_15cbcf8893620c09\COMCTL32.dll
0x00007ffc2f390000 - 0x00007ffc2f698000 	C:\WINDOWS\System32\combase.dll
0x00007ffc2e2e0000 - 0x00007ffc2e352000 	C:\WINDOWS\System32\bcryptPrimitives.dll
0x00007ffc30b90000 - 0x00007ffc30bbd000 	C:\WINDOWS\System32\IMM32.DLL
0x0000000052960000 - 0x0000000052a32000 	C:\Program Files\Java\jdk1.7.0_55\jre\bin\msvcr100.dll
0x0000000052a40000 - 0x0000000053209000 	C:\Program Files\Java\jdk1.7.0_55\jre\bin\server\jvm.dll
0x00007ffc2ef00000 - 0x00007ffc2ef08000 	C:\WINDOWS\System32\PSAPI.DLL
0x00007ffc21990000 - 0x00007ffc21999000 	C:\WINDOWS\SYSTEM32\WSOCK32.dll
0x00007ffc2f320000 - 0x00007ffc2f38c000 	C:\WINDOWS\System32\WS2_32.dll
0x00007ffc2bd60000 - 0x00007ffc2bd83000 	C:\WINDOWS\SYSTEM32\WINMM.dll
0x00007ffc2bc20000 - 0x00007ffc2bc4a000 	C:\WINDOWS\SYSTEM32\winmmbase.dll
0x00007ffc2e290000 - 0x00007ffc2e2da000 	C:\WINDOWS\System32\cfgmgr32.dll
0x0000000052910000 - 0x000000005291f000 	C:\Program Files\Java\jdk1.7.0_55\jre\bin\verify.dll
0x00000000528e0000 - 0x0000000052908000 	C:\Program Files\Java\jdk1.7.0_55\jre\bin\java.dll
0x00000000528c0000 - 0x00000000528d5000 	C:\Program Files\Java\jdk1.7.0_55\jre\bin\zip.dll
0x00000000526e0000 - 0x0000000052875000 	C:\Program Files\Java\jdk1.7.0_55\jre\bin\awt.dll
0x00007ffc2ee30000 - 0x00007ffc2eef5000 	C:\WINDOWS\System32\OLEAUT32.dll
0x00007ffc2be80000 - 0x00007ffc2bf08000 	C:\WINDOWS\SYSTEM32\apphelp.dll
0x00007ffc2c000000 - 0x00007ffc2c095000 	C:\WINDOWS\system32\uxtheme.dll
0x00007ffc30bc0000 - 0x00007ffc30d27000 	C:\WINDOWS\System32\MSCTF.dll
0x00007ffc2c270000 - 0x00007ffc2c29a000 	C:\WINDOWS\system32\dwmapi.dll
0x00007ffc30ea0000 - 0x00007ffc30fe9000 	C:\WINDOWS\System32\ole32.dll
0x00007ffc2dd00000 - 0x00007ffc2dd11000 	C:\WINDOWS\System32\kernel.appcore.dll
0x00007ffc2f750000 - 0x00007ffc30b86000 	C:\WINDOWS\System32\SHELL32.dll
0x00007ffc2f6a0000 - 0x00007ffc2f746000 	C:\WINDOWS\System32\shcore.dll
0x00007ffc2e630000 - 0x00007ffc2ed77000 	C:\WINDOWS\System32\windows.storage.dll
0x00007ffc30e40000 - 0x00007ffc30e91000 	C:\WINDOWS\System32\shlwapi.dll
0x00007ffc2dcb0000 - 0x00007ffc2dcfc000 	C:\WINDOWS\System32\powrprof.dll
0x00007ffc2dd40000 - 0x00007ffc2dd5b000 	C:\WINDOWS\System32\profapi.dll
0x0000000052690000 - 0x00000000526d7000 	C:\Program Files\Java\jdk1.7.0_55\jre\bin\fontmanager.dll
0x00007ffc31300000 - 0x00007ffc3139e000 	C:\WINDOWS\System32\clbcatq.dll
0x00007ffc2a560000 - 0x00007ffc2a70b000 	C:\WINDOWS\SYSTEM32\WindowsCodecs.dll
0x00007ffc20bc0000 - 0x00007ffc20c0f000 	C:\WINDOWS\system32\dataexchange.dll
0x00007ffc2b7d0000 - 0x00007ffc2b912000 	C:\WINDOWS\system32\dcomp.dll
0x00007ffc2b400000 - 0x00007ffc2b6e1000 	C:\WINDOWS\system32\d3d11.dll
0x00007ffc2cb20000 - 0x00007ffc2cbcf000 	C:\WINDOWS\system32\dxgi.dll
0x00007ffc2c3f0000 - 0x00007ffc2c56b000 	C:\WINDOWS\system32\twinapi.appcore.dll
0x00007ffc2c360000 - 0x00007ffc2c380000 	C:\WINDOWS\system32\RMCLIENT.dll
0x00007ffc2d810000 - 0x00007ffc2d835000 	C:\WINDOWS\system32\bcrypt.dll
0x00000000528a0000 - 0x00000000528b9000 	C:\Program Files\Java\jdk1.7.0_55\jre\bin\net.dll
0x00007ffc2d4e0000 - 0x00007ffc2d546000 	C:\WINDOWS\system32\mswsock.dll
0x0000000052880000 - 0x0000000052891000 	C:\Program Files\Java\jdk1.7.0_55\jre\bin\nio.dll
0x0000000052640000 - 0x0000000052681000 	C:\Program Files\Java\jdk1.7.0_55\jre\bin\t2k.dll
0x00007ffc07740000 - 0x00007ffc07791000 	C:\Users\User\.javacpp\cache\opencv-windows-x86_64.jar\org\bytedeco\javacpp\windows-x86_64\concrt140.dll
0x00007ffc05210000 - 0x00007ffc052ac000 	C:\WINDOWS\SYSTEM32\MSVCP140.dll
0x00007ffc22fb0000 - 0x00007ffc22fc6000 	C:\WINDOWS\SYSTEM32\VCRUNTIME140.dll
0x00007ffc008b0000 - 0x00007ffc0094d000 	C:\Users\User\.javacpp\cache\opencv-windows-x86_64.jar\org\bytedeco\javacpp\windows-x86_64\msvcp140.dll
0x00007ffc12ce0000 - 0x00007ffc12cf7000 	C:\Users\User\.javacpp\cache\opencv-windows-x86_64.jar\org\bytedeco\javacpp\windows-x86_64\vcruntime140.dll
0x0000000010f50000 - 0x0000000010f53000 	C:\Users\User\.javacpp\cache\opencv-windows-x86_64.jar\org\bytedeco\javacpp\windows-x86_64\api-ms-win-crt-locale-l1-1-0.dll
0x0000000010f60000 - 0x0000000010f64000 	C:\Users\User\.javacpp\cache\opencv-windows-x86_64.jar\org\bytedeco\javacpp\windows-x86_64\api-ms-win-crt-string-l1-1-0.dll
0x0000000010f70000 - 0x0000000010f74000 	C:\Users\User\.javacpp\cache\opencv-windows-x86_64.jar\org\bytedeco\javacpp\windows-x86_64\api-ms-win-crt-stdio-l1-1-0.dll
0x0000000010f80000 - 0x0000000010f85000 	C:\Users\User\.javacpp\cache\opencv-windows-x86_64.jar\org\bytedeco\javacpp\windows-x86_64\api-ms-win-crt-math-l1-1-0.dll
0x0000000010f90000 - 0x0000000010f93000 	C:\Users\User\.javacpp\cache\opencv-windows-x86_64.jar\org\bytedeco\javacpp\windows-x86_64\api-ms-win-crt-heap-l1-1-0.dll
0x0000000010fa0000 - 0x0000000010fa4000 	C:\Users\User\.javacpp\cache\opencv-windows-x86_64.jar\org\bytedeco\javacpp\windows-x86_64\api-ms-win-crt-runtime-l1-1-0.dll
0x0000000010fb0000 - 0x0000000010fb4000 	C:\Users\User\.javacpp\cache\opencv-windows-x86_64.jar\org\bytedeco\javacpp\windows-x86_64\api-ms-win-crt-convert-l1-1-0.dll
0x0000000010fc0000 - 0x0000000010fc3000 	C:\Users\User\.javacpp\cache\opencv-windows-x86_64.jar\org\bytedeco\javacpp\windows-x86_64\api-ms-win-crt-environment-l1-1-0.dll
0x0000000010fd0000 - 0x0000000010fd3000 	C:\Users\User\.javacpp\cache\opencv-windows-x86_64.jar\org\bytedeco\javacpp\windows-x86_64\api-ms-win-crt-time-l1-1-0.dll
0x0000000010fe0000 - 0x0000000010fe3000 	C:\Users\User\.javacpp\cache\opencv-windows-x86_64.jar\org\bytedeco\javacpp\windows-x86_64\api-ms-win-crt-filesystem-l1-1-0.dll
0x0000000010ff0000 - 0x0000000010ff3000 	C:\Users\User\.javacpp\cache\opencv-windows-x86_64.jar\org\bytedeco\javacpp\windows-x86_64\api-ms-win-crt-utility-l1-1-0.dll
0x0000000011000000 - 0x0000000011005000 	C:\Users\User\.javacpp\cache\opencv-windows-x86_64.jar\org\bytedeco\javacpp\windows-x86_64\api-ms-win-crt-multibyte-l1-1-0.dll
0x00007ffbe91b0000 - 0x00007ffbe94b6000 	C:\Users\User\.javacpp\cache\opencv-windows-x86_64.jar\org\bytedeco\javacpp\windows-x86_64\opencv_core340.dll
0x00007ffbe7ad0000 - 0x00007ffbe7edc000 	C:\Users\User\.javacpp\cache\opencv-windows-x86_64.jar\org\bytedeco\javacpp\windows-x86_64\opencv_imgproc340.dll
0x00007ffbe7750000 - 0x00007ffbe7acb000 	C:\Users\User\.javacpp\cache\opencv-windows-x86_64.jar\org\bytedeco\javacpp\windows-x86_64\jniopencv_core.dll
0x00007ffc2d2b0000 - 0x00007ffc2d366000 	C:\WINDOWS\SYSTEM32\DNSAPI.dll
0x00007ffc31920000 - 0x00007ffc31928000 	C:\WINDOWS\System32\NSI.dll
0x00007ffc2d270000 - 0x00007ffc2d2a9000 	C:\WINDOWS\SYSTEM32\IPHLPAPI.DLL
0x00000000535a0000 - 0x00000000535c6000 	C:\Program Files\Bonjour\mdnsNSP.dll
0x00007ffc23e60000 - 0x00007ffc23e6a000 	C:\Windows\System32\rasadhlp.dll
0x00007ffc24620000 - 0x00007ffc24690000 	C:\WINDOWS\System32\fwpuclnt.dll
0x00007ffc24450000 - 0x00007ffc244e8000 	C:\WINDOWS\System32\TextInputFramework.dll
0x00007ffc29f40000 - 0x00007ffc2a22e000 	C:\WINDOWS\System32\CoreUIComponents.dll
0x00007ffc2b6f0000 - 0x00007ffc2b7cd000 	C:\WINDOWS\System32\CoreMessaging.dll
0x00007ffc2cdf0000 - 0x00007ffc2ce21000 	C:\WINDOWS\SYSTEM32\ntmarta.dll
0x00007ffc29da0000 - 0x00007ffc29ed6000 	C:\WINDOWS\SYSTEM32\wintypes.dll
0x00000000525c0000 - 0x00000000525ea000 	C:\Program Files\Java\jdk1.7.0_55\jre\bin\dcpr.dll
0x00007ffbecc30000 - 0x00007ffbecd85000 	C:\Users\User\.javacpp\cache\opencv-windows-x86_64.jar\org\bytedeco\javacpp\windows-x86_64\jniopencv_imgproc.dll
0x00007ffbe7480000 - 0x00007ffbe774c000 	C:\Users\User\.javacpp\cache\opencv-windows-x86_64.jar\org\bytedeco\javacpp\windows-x86_64\opencv_imgcodecs340.dll
0x00007ffc0af00000 - 0x00007ffc0af34000 	C:\Users\User\.javacpp\cache\opencv-windows-x86_64.jar\org\bytedeco\javacpp\windows-x86_64\jniopencv_imgcodecs.dll
0x00007ffc07bb0000 - 0x00007ffc07bfb000 	C:\Users\User\.javacpp\cache\opencv-windows-x86_64.jar\org\bytedeco\javacpp\windows-x86_64\opencv_videoio340.dll
0x00007ffc12940000 - 0x00007ffc1295f000 	C:\WINDOWS\SYSTEM32\AVIFIL32.dll
0x00007ffc0ad80000 - 0x00007ffc0ada9000 	C:\WINDOWS\SYSTEM32\MSVFW32.dll
0x00007ffc0ae10000 - 0x00007ffc0ae28000 	C:\WINDOWS\SYSTEM32\AVICAP32.dll
0x00007ffc1de00000 - 0x00007ffc1de1c000 	C:\WINDOWS\SYSTEM32\MSACM32.dll
0x00007ffc08a30000 - 0x00007ffc08a4f000 	C:\Users\User\.javacpp\cache\opencv-windows-x86_64.jar\org\bytedeco\javacpp\windows-x86_64\jniopencv_videoio.dll
0x00007ffc07b40000 - 0x00007ffc07b58000 	C:\Windows\System32\devenum.dll
0x00007ffc314d0000 - 0x00007ffc3191e000 	C:\WINDOWS\System32\setupapi.dll
0x00007ffc2dac0000 - 0x00007ffc2dae7000 	C:\WINDOWS\SYSTEM32\DEVOBJ.dll
0x00007ffc2e5d0000 - 0x00007ffc2e628000 	C:\WINDOWS\System32\WINTRUST.dll
0x00007ffc2dd20000 - 0x00007ffc2dd32000 	C:\WINDOWS\System32\MSASN1.dll
0x00007ffc2e400000 - 0x00007ffc2e5ce000 	C:\WINDOWS\System32\CRYPT32.dll
0x00007ffc29630000 - 0x00007ffc2963a000 	C:\WINDOWS\SYSTEM32\msdmo.dll
0x00007ffc079c0000 - 0x00007ffc079f3000 	C:\Windows\System32\qcap.dll
0x00007ffbe8ff0000 - 0x00007ffbe91ac000 	C:\Windows\System32\quartz.dll
0x00007ffc076f0000 - 0x00007ffc0773e000 	C:\Windows\System32\mfksproxy.dll
0x00007ffc29500000 - 0x00007ffc2951d000 	C:\Windows\System32\ATL.DLL
0x00007ffc22700000 - 0x00007ffc22736000 	C:\Windows\System32\MFSENSORGROUP.dll
0x00007ffc13b80000 - 0x00007ffc13d31000 	C:\Windows\System32\MFPlat.DLL
0x00007ffc22fd0000 - 0x00007ffc23002000 	C:\Windows\System32\RTWorkQ.DLL
0x00007ffc054f0000 - 0x00007ffc05539000 	C:\Windows\System32\ksproxy.ax
0x00007ffc2bdc0000 - 0x00007ffc2bdc9000 	C:\Windows\System32\ksuser.dll
0x00007ffbe72e0000 - 0x00007ffbe7475000 	C:\Windows\System32\d3d9.dll
0x00007ffc258a0000 - 0x00007ffc2591b000 	C:\WINDOWS\SYSTEM32\policymanager.dll
0x00007ffc28ca0000 - 0x00007ffc28d30000 	C:\Windows\System32\msvcp110_win.dll
0x00007ffc23e70000 - 0x00007ffc23e7c000 	C:\Windows\System32\vidcap.ax
0x00007ffc07b10000 - 0x00007ffc07b36000 	C:\Windows\System32\kswdmcap.ax
0x00007ffbe7170000 - 0x00007ffbe72d5000 	C:\Windows\System32\MFC42.dll
0x00007ffbffc40000 - 0x00007ffbffce0000 	C:\Windows\System32\qedit.dll
0x00007ffc30ff0000 - 0x00007ffc310fa000 	C:\WINDOWS\System32\COMDLG32.dll
0x00007ffc27160000 - 0x00007ffc272fc000 	C:\WINDOWS\WinSxS\amd64_microsoft.windows.gdiplus_6595b64144ccf1df_1.1.16299.125_none_46b6c26dedf485d7\gdiplus.dll
0x00007ffbe7070000 - 0x00007ffbe7166000 	C:\Windows\System32\DDRAW.dll
0x00007ffc22260000 - 0x00007ffc22268000 	C:\Windows\System32\DCIMAN32.dll
0x00007ffc21980000 - 0x00007ffc2198c000 	C:\WINDOWS\SYSTEM32\msyuv.dll
0x00007ffbfefe0000 - 0x00007ffbff073000 	C:\Users\User\.javacpp\cache\opencv-windows-x86_64.jar\org\bytedeco\javacpp\windows-x86_64\opencv_objdetect340.dll
0x00007ffbef380000 - 0x00007ffbef3f9000 	C:\Users\User\.javacpp\cache\opencv-windows-x86_64.jar\org\bytedeco\javacpp\windows-x86_64\jniopencv_objdetect.dll

VM Arguments:
jvm_args: -Dfile.encoding=UTF-8 
java_command: UIL.FrameRecognizer
Launcher Type: SUN_STANDARD

Environment Variables:
PATH=C:\Program Files (x86)\Intel\iCLS Client\;C:\Program Files\Intel\iCLS Client\;C:\WINDOWS\system32;C:\WINDOWS;C:\WINDOWS\System32\Wbem;C:\WINDOWS\System32\WindowsPowerShell\v1.0\;C:\Program Files (x86)\Intel\Intel(R) Management Engine Components\DAL;C:\Program Files\Intel\Intel(R) Management Engine Components\DAL;C:\Program Files (x86)\Intel\Intel(R) Management Engine Components\IPT;C:\Program Files\Intel\Intel(R) Management Engine Components\IPT;C:\WINDOWS\system32\config\systemprofile\.dnx\bin;C:\Program Files\Microsoft DNX\Dnvm\;C:\Program Files (x86)\Microsoft SQL Server\Client SDK\ODBC\110\Tools\Binn\;C:\Program Files (x86)\Microsoft SQL Server\120\Tools\Binn\;C:\Program Files (x86)\Microsoft SQL Server\120\DTS\Binn\;C:\Program Files (x86)\Microsoft SQL Server\120\Tools\Binn\ManagementStudio\;C:\Users\User\AppData\Local\Microsoft\WindowsApps;
USERNAME=User
OS=Windows_NT
PROCESSOR_IDENTIFIER=Intel64 Family 6 Model 61 Stepping 4, GenuineIntel



---------------  S Y S T E M  ---------------

OS: Windows 8.1 , 64 bit Build 9600 

CPU:total 4 (2 cores per cpu, 2 threads per core) family 6 model 61 stepping 4, cmov, cx8, fxsr, mmx, sse, sse2, sse3, ssse3, sse4.1, sse4.2, popcnt, avx, avx2, aes, erms, ht, tsc, tscinvbit

Memory: 4k page, physical 8296436k(4325084k free), swap 9607156k(4730976k free)

vm_info: Java HotSpot(TM) 64-Bit Server VM (24.55-b03) for windows-amd64 JRE (1.7.0_55-b13), built on Mar 17 2014 19:45:30 by "java_re" with unknown MS VC++:1600

time: Sat Apr 07 14:37:33 2018
elapsed time: 15 seconds

