#
# A fatal error has been detected by the Java Runtime Environment:
#
#  EXCEPTION_ACCESS_VIOLATION (0xc0000005) at pc=0x00007ffc319abe4b, pid=32348, tid=34768
#
# JRE version: Java(TM) SE Runtime Environment (7.0_55-b13) (build 1.7.0_55-b13)
# Java VM: Java HotSpot(TM) 64-Bit Server VM (24.55-b03 mixed mode windows-amd64 compressed oops)
# Problematic frame:
# C  [ntdll.dll+0x4be4b]
#
# Failed to write core dump. Minidumps are not enabled by default on client versions of Windows
#
# If you would like to submit a bug report, please visit:
#   http://bugreport.sun.com/bugreport/crash.jsp
# The crash happened outside the Java Virtual Machine in native code.
# See problematic frame for where to report the bug.
#

---------------  T H R E A D  ---------------

Current thread (0x000000000eb56800):  JavaThread "Thread-8" daemon [_thread_in_native, id=34768, stack(0x0000000020c00000,0x0000000020d00000)]

siginfo: ExceptionCode=0xc0000005, writing address 0x0000000000000024

Registers:
RAX=0x0000000000000000, RBX=0x0000000013f9e748, RCX=0x0000000013f9e748, RDX=0xffffffffffffffff
RSP=0x0000000020cfee40, RBP=0x0000000020cfeeb0, RSI=0x0000000000000000, RDI=0x0000000000000000
R8 =0x0000000000000000, R9 =0x0000000000000000, R10=0x0000000000000000, R11=0x0000000000000246
R12=0x0000000000000000, R13=0x000000077d6bc840, R14=0x0000000000000000, R15=0x000000000eb56800
RIP=0x00007ffc319abe4b, EFLAGS=0x0000000000010213

Top of Stack: (sp=0x0000000020cfee40)
0x0000000020cfee40:   ffffffffffffffff 0000000013f9e748
0x0000000020cfee50:   0000000781885d38 000000078184a780
0x0000000020cfee60:   00000007d5d911c0 0000000000000000
0x0000000020cfee70:   0000000781f211b0 00000000005a3000
0x0000000020cfee80:   407fc00000000000 0000000020cfeed0
0x0000000020cfee90:   4094000000000000 00000007d5d90ff8
0x0000000020cfeea0:   4054000000000000 00007ffc2de73b2f
0x0000000020cfeeb0:   000000000eb56800 0000000000000001
0x0000000020cfeec0:   000000077d6bc840 0000000000000000
0x0000000020cfeed0:   0000000000000000 0000000020cff200
0x0000000020cfeee0:   0000000000000001 00007ffc31980c39
0x0000000020cfeef0:   0000000000000000 0000000013f9e748
0x0000000020cfef00:   00000000fffffffa 0000000000000000
0x0000000020cfef10:   000000001438f000 00007ffc31980b50
0x0000000020cfef20:   00007ffc1ff03e70 0000000000000000
0x0000000020cfef30:   0000000020cff200 00007ffc1ff03e70 

Instructions: (pc=0x00007ffc319abe4b)
0x00007ffc319abe2b:   0f 45 f6 48 39 73 18 0f 84 bb 01 00 00 48 83 3b
0x00007ffc319abe3b:   ff 0f 84 be 01 00 00 48 8b 03 48 83 f8 ff 74 03
0x00007ffc319abe4b:   ff 40 24 48 8b 7b 18 44 8b ee 48 89 7d c0 e8 12
0x00007ffc319abe5b:   ae fd ff 85 c0 0f 85 e2 13 07 00 b9 82 03 fe 7f 


Register to memory mapping:

RAX=0x0000000000000000 is an unknown value
RBX=0x0000000013f9e748 is an unknown value
RCX=0x0000000013f9e748 is an unknown value
RDX=0xffffffffffffffff is an unknown value
RSP=0x0000000020cfee40 is pointing into the stack for thread: 0x000000000eb56800
RBP=0x0000000020cfeeb0 is pointing into the stack for thread: 0x000000000eb56800
RSI=0x0000000000000000 is an unknown value
RDI=0x0000000000000000 is an unknown value
R8 =0x0000000000000000 is an unknown value
R9 =0x0000000000000000 is an unknown value
R10=0x0000000000000000 is an unknown value
R11=0x0000000000000246 is an unknown value
R12=0x0000000000000000 is an unknown value
R13=0x000000077d6bc840 is an oop
{method} 
 - klass: {other class}
R14=0x0000000000000000 is an unknown value
R15=0x000000000eb56800 is a thread


Stack: [0x0000000020c00000,0x0000000020d00000],  sp=0x0000000020cfee40,  free space=1019k
Native frames: (J=compiled Java code, j=interpreted, Vv=VM code, C=native code)
C  [ntdll.dll+0x4be4b]

Java frames: (J=compiled Java code, j=interpreted, Vv=VM code)
j  org.bytedeco.javacpp.opencv_videoio$VideoCapture.retrieve(Lorg/bytedeco/javacpp/opencv_core$Mat;)Z+0
j  org.bytedeco.javacv.OpenCVFrameGrabber.grab()Lorg/bytedeco/javacv/Frame;+8
j  UIL.FrameNewcustomer$captureImage.run()V+39
j  java.lang.Thread.run()V+11
v  ~StubRoutines::call_stub

---------------  P R O C E S S  ---------------

Java Threads: ( => current thread )
=>0x000000000eb56800 JavaThread "Thread-8" daemon [_thread_in_native, id=34768, stack(0x0000000020c00000,0x0000000020d00000)]
  0x000000000eb55800 JavaThread "JavaCPP Deallocator" daemon [_thread_blocked, id=28068, stack(0x00000000110e0000,0x00000000111e0000)]
  0x000000000e3d7000 JavaThread "TimerQueue" daemon [_thread_blocked, id=30428, stack(0x0000000010620000,0x0000000010720000)]
  0x000000000e3d5800 JavaThread "Abandoned connection cleanup thread" daemon [_thread_blocked, id=18024, stack(0x00000000104f0000,0x00000000105f0000)]
  0x000000000e3d8800 JavaThread "DestroyJavaVM" [_thread_blocked, id=11220, stack(0x0000000004410000,0x0000000004510000)]
  0x000000000e3d4000 JavaThread "AWT-EventQueue-0" [_thread_in_native, id=29500, stack(0x000000000fa10000,0x000000000fb10000)]
  0x000000000e3d3800 JavaThread "AWT-Windows" daemon [_thread_in_native, id=22924, stack(0x000000000f270000,0x000000000f370000)]
  0x000000000e3d2800 JavaThread "AWT-Shutdown" [_thread_blocked, id=28356, stack(0x000000000f170000,0x000000000f270000)]
  0x000000000e3d2000 JavaThread "Java2D Disposer" daemon [_thread_blocked, id=15204, stack(0x000000000f070000,0x000000000f170000)]
  0x000000000c9c4000 JavaThread "Service Thread" daemon [_thread_blocked, id=29420, stack(0x000000000e130000,0x000000000e230000)]
  0x000000000c9b7800 JavaThread "C2 CompilerThread1" daemon [_thread_blocked, id=9848, stack(0x000000000e030000,0x000000000e130000)]
  0x000000000c9b4800 JavaThread "C2 CompilerThread0" daemon [_thread_blocked, id=34356, stack(0x000000000df30000,0x000000000e030000)]
  0x000000000c9b3800 JavaThread "Attach Listener" daemon [_thread_blocked, id=31156, stack(0x000000000de30000,0x000000000df30000)]
  0x000000000c9b0000 JavaThread "Signal Dispatcher" daemon [_thread_blocked, id=23308, stack(0x000000000dd30000,0x000000000de30000)]
  0x000000000c97f800 JavaThread "Finalizer" daemon [_thread_blocked, id=8136, stack(0x000000000dc30000,0x000000000dd30000)]
  0x000000000c974000 JavaThread "Reference Handler" daemon [_thread_blocked, id=23316, stack(0x000000000db30000,0x000000000dc30000)]

Other Threads:
  0x000000000c972800 VMThread [stack: 0x000000000da30000,0x000000000db30000] [id=29856]
  0x000000000ca09000 WatcherThread [stack: 0x000000000e230000,0x000000000e330000] [id=31596]

VM state:not at safepoint (normal execution)

VM Mutex/Monitor currently owned by a thread: None

Heap
 PSYoungGen      total 29184K, used 6721K [0x00000007d5c80000, 0x00000007d7f00000, 0x0000000800000000)
  eden space 23040K, 29% used [0x00000007d5c80000,0x00000007d63106d0,0x00000007d7300000)
  from space 6144K, 0% used [0x00000007d7300000,0x00000007d7300000,0x00000007d7900000)
  to   space 6144K, 0% used [0x00000007d7900000,0x00000007d7900000,0x00000007d7f00000)
 ParOldGen       total 56320K, used 13375K [0x0000000781600000, 0x0000000784d00000, 0x00000007d5c80000)
  object space 56320K, 23% used [0x0000000781600000,0x000000078230fef0,0x0000000784d00000)
 PSPermGen       total 41472K, used 20592K [0x000000077c400000, 0x000000077ec80000, 0x0000000781600000)
  object space 41472K, 49% used [0x000000077c400000,0x000000077d81c340,0x000000077ec80000)

Card table byte_map: [0x0000000007700000,0x0000000007b20000] byte_map_base: 0x0000000003b1e000

Polling page: 0x00000000043d0000

Code Cache  [0x0000000004640000, 0x00000000048b0000, 0x0000000007640000)
 total_blobs=1016 nmethods=391 adapters=577 free_code_cache=47498Kb largest_free_block=48576320

Compilation events (10 events):
Event: 65.803 Thread 0x000000000c9b7800 nmethod 401 0x000000000475d150 code [0x000000000475d2c0, 0x000000000475d738]
Event: 65.803 Thread 0x000000000c9b7800  403             javax.swing.GroupLayout$ComponentSpring::setSize (24 bytes)
Event: 65.803 Thread 0x000000000c9b7800 nmethod 403 0x0000000004778890 code [0x00000000047789c0, 0x0000000004778a58]
Event: 65.820 Thread 0x000000000c9b7800  405             sun.reflect.Reflection::quickCheckMemberAccess (10 bytes)
Event: 65.821 Thread 0x000000000c9b7800 nmethod 405 0x0000000004762f50 code [0x0000000004763080, 0x00000000047630f8]
Event: 65.837 Thread 0x000000000c9b7800  407             java.text.MessageFormat::applyPattern (422 bytes)
Event: 65.893 Thread 0x000000000c9b7800 nmethod 407 0x00000000047db090 code [0x00000000047db2e0, 0x00000000047dc408]
Event: 65.893 Thread 0x000000000c9b7800  408             java.lang.StringBuilder::append (8 bytes)
Event: 65.895 Thread 0x000000000c9b7800 nmethod 408 0x0000000004762ad0 code [0x0000000004762c20, 0x0000000004762da8]
Event: 65.932 Thread 0x000000000c9b4800 nmethod 402 0x00000000047e1a90 code [0x00000000047e2040, 0x00000000047e4ea8]

GC Heap History (10 events):
Event: 56.483 GC heap before
{Heap before GC invocations=44 (full 0):
 PSYoungGen      total 28672K, used 24373K [0x00000007d5c80000, 0x00000007d7e00000, 0x0000000800000000)
  eden space 23040K, 92% used [0x00000007d5c80000,0x00000007d7169590,0x00000007d7300000)
  from space 5632K, 52% used [0x00000007d7300000,0x00000007d75e4000,0x00000007d7880000)
  to   space 5632K, 0% used [0x00000007d7880000,0x00000007d7880000,0x00000007d7e00000)
 ParOldGen       total 86016K, used 62199K [0x0000000781600000, 0x0000000786a00000, 0x00000007d5c80000)
  object space 86016K, 72% used [0x0000000781600000,0x00000007852bde90,0x0000000786a00000)
 PSPermGen       total 21504K, used 20542K [0x000000077c400000, 0x000000077d900000, 0x0000000781600000)
  object space 21504K, 95% used [0x000000077c400000,0x000000077d80fac0,0x000000077d900000)
Event: 56.487 GC heap after
Heap after GC invocations=44 (full 0):
 PSYoungGen      total 27648K, used 1652K [0x00000007d5c80000, 0x00000007d7d00000, 0x0000000800000000)
  eden space 23040K, 0% used [0x00000007d5c80000,0x00000007d5c80000,0x00000007d7300000)
  from space 4608K, 35% used [0x00000007d7880000,0x00000007d7a1d060,0x00000007d7d00000)
  to   space 5120K, 0% used [0x00000007d7300000,0x00000007d7300000,0x00000007d7800000)
 ParOldGen       total 86016K, used 67856K [0x0000000781600000, 0x0000000786a00000, 0x00000007d5c80000)
  object space 86016K, 78% used [0x0000000781600000,0x0000000785844060,0x0000000786a00000)
 PSPermGen       total 21504K, used 20542K [0x000000077c400000, 0x000000077d900000, 0x0000000781600000)
  object space 21504K, 95% used [0x000000077c400000,0x000000077d80fac0,0x000000077d900000)
}
Event: 60.267 GC heap before
{Heap before GC invocations=45 (full 0):
 PSYoungGen      total 27648K, used 23920K [0x00000007d5c80000, 0x00000007d7d00000, 0x0000000800000000)
  eden space 23040K, 96% used [0x00000007d5c80000,0x00000007d723f088,0x00000007d7300000)
  from space 4608K, 35% used [0x00000007d7880000,0x00000007d7a1d060,0x00000007d7d00000)
  to   space 5120K, 0% used [0x00000007d7300000,0x00000007d7300000,0x00000007d7800000)
 ParOldGen       total 86016K, used 67856K [0x0000000781600000, 0x0000000786a00000, 0x00000007d5c80000)
  object space 86016K, 78% used [0x0000000781600000,0x0000000785844060,0x0000000786a00000)
 PSPermGen       total 21504K, used 20554K [0x000000077c400000, 0x000000077d900000, 0x0000000781600000)
  object space 21504K, 95% used [0x000000077c400000,0x000000077d812ad0,0x000000077d900000)
Event: 60.272 GC heap after
Heap after GC invocations=45 (full 0):
 PSYoungGen      total 28160K, used 4969K [0x00000007d5c80000, 0x00000007d7f00000, 0x0000000800000000)
  eden space 23040K, 0% used [0x00000007d5c80000,0x00000007d5c80000,0x00000007d7300000)
  from space 5120K, 97% used [0x00000007d7300000,0x00000007d77da730,0x00000007d7800000)
  to   space 6144K, 0% used [0x00000007d7900000,0x00000007d7900000,0x00000007d7f00000)
 ParOldGen       total 86016K, used 69085K [0x0000000781600000, 0x0000000786a00000, 0x00000007d5c80000)
  object space 86016K, 80% used [0x0000000781600000,0x0000000785977440,0x0000000786a00000)
 PSPermGen       total 21504K, used 20554K [0x000000077c400000, 0x000000077d900000, 0x0000000781600000)
  object space 21504K, 95% used [0x000000077c400000,0x000000077d812ad0,0x000000077d900000)
}
Event: 64.747 GC heap before
{Heap before GC invocations=46 (full 0):
 PSYoungGen      total 28160K, used 27896K [0x00000007d5c80000, 0x00000007d7f00000, 0x0000000800000000)
  eden space 23040K, 99% used [0x00000007d5c80000,0x00000007d72e3b10,0x00000007d7300000)
  from space 5120K, 97% used [0x00000007d7300000,0x00000007d77da730,0x00000007d7800000)
  to   space 6144K, 0% used [0x00000007d7900000,0x00000007d7900000,0x00000007d7f00000)
 ParOldGen       total 86016K, used 69085K [0x0000000781600000, 0x0000000786a00000, 0x00000007d5c80000)
  object space 86016K, 80% used [0x0000000781600000,0x0000000785977440,0x0000000786a00000)
 PSPermGen       total 21504K, used 20588K [0x000000077c400000, 0x000000077d900000, 0x0000000781600000)
  object space 21504K, 95% used [0x000000077c400000,0x000000077d81b210,0x000000077d900000)
Event: 64.752 GC heap after
Heap after GC invocations=46 (full 0):
 PSYoungGen      total 29184K, used 4580K [0x00000007d5c80000, 0x00000007d7f00000, 0x0000000800000000)
  eden space 23040K, 0% used [0x00000007d5c80000,0x00000007d5c80000,0x00000007d7300000)
  from space 6144K, 74% used [0x00000007d7900000,0x00000007d7d79080,0x00000007d7f00000)
  to   space 6144K, 0% used [0x00000007d7300000,0x00000007d7300000,0x00000007d7900000)
 ParOldGen       total 86016K, used 76583K [0x0000000781600000, 0x0000000786a00000, 0x00000007d5c80000)
  object space 86016K, 89% used [0x0000000781600000,0x00000007860c9f00,0x0000000786a00000)
 PSPermGen       total 21504K, used 20588K [0x000000077c400000, 0x000000077d900000, 0x0000000781600000)
  object space 21504K, 95% used [0x000000077c400000,0x000000077d81b210,0x000000077d900000)
}
Event: 65.596 GC heap before
{Heap before GC invocations=47 (full 0):
 PSYoungGen      total 29184K, used 27510K [0x00000007d5c80000, 0x00000007d7f00000, 0x0000000800000000)
  eden space 23040K, 99% used [0x00000007d5c80000,0x00000007d72e4a28,0x00000007d7300000)
  from space 6144K, 74% used [0x00000007d7900000,0x00000007d7d79080,0x00000007d7f00000)
  to   space 6144K, 0% used [0x00000007d7300000,0x00000007d7300000,0x00000007d7900000)
 ParOldGen       total 86016K, used 76583K [0x0000000781600000, 0x0000000786a00000, 0x00000007d5c80000)
  object space 86016K, 89% used [0x0000000781600000,0x00000007860c9f00,0x0000000786a00000)
 PSPermGen       total 21504K, used 20589K [0x000000077c400000, 0x000000077d900000, 0x0000000781600000)
  object space 21504K, 95% used [0x000000077c400000,0x000000077d81b740,0x000000077d900000)
Event: 65.599 GC heap after
Heap after GC invocations=47 (full 0):
 PSYoungGen      total 29184K, used 1124K [0x00000007d5c80000, 0x00000007d7f00000, 0x0000000800000000)
  eden space 23040K, 0% used [0x00000007d5c80000,0x00000007d5c80000,0x00000007d7300000)
  from space 6144K, 18% used [0x00000007d7300000,0x00000007d7419010,0x00000007d7900000)
  to   space 6144K, 0% used [0x00000007d7900000,0x00000007d7900000,0x00000007d7f00000)
 ParOldGen       total 86016K, used 83476K [0x0000000781600000, 0x0000000786a00000, 0x00000007d5c80000)
  object space 86016K, 97% used [0x0000000781600000,0x00000007867853c0,0x0000000786a00000)
 PSPermGen       total 21504K, used 20589K [0x000000077c400000, 0x000000077d900000, 0x0000000781600000)
  object space 21504K, 95% used [0x000000077c400000,0x000000077d81b740,0x000000077d900000)
}
Event: 65.599 GC heap before
{Heap before GC invocations=48 (full 1):
 PSYoungGen      total 29184K, used 1124K [0x00000007d5c80000, 0x00000007d7f00000, 0x0000000800000000)
  eden space 23040K, 0% used [0x00000007d5c80000,0x00000007d5c80000,0x00000007d7300000)
  from space 6144K, 18% used [0x00000007d7300000,0x00000007d7419010,0x00000007d7900000)
  to   space 6144K, 0% used [0x00000007d7900000,0x00000007d7900000,0x00000007d7f00000)
 ParOldGen       total 86016K, used 83476K [0x0000000781600000, 0x0000000786a00000, 0x00000007d5c80000)
  object space 86016K, 97% used [0x0000000781600000,0x00000007867853c0,0x0000000786a00000)
 PSPermGen       total 21504K, used 20589K [0x000000077c400000, 0x000000077d900000, 0x0000000781600000)
  object space 21504K, 95% used [0x000000077c400000,0x000000077d81b740,0x000000077d900000)
Event: 65.735 GC heap after
Heap after GC invocations=48 (full 1):
 PSYoungGen      total 29184K, used 0K [0x00000007d5c80000, 0x00000007d7f00000, 0x0000000800000000)
  eden space 23040K, 0% used [0x00000007d5c80000,0x00000007d5c80000,0x00000007d7300000)
  from space 6144K, 0% used [0x00000007d7300000,0x00000007d7300000,0x00000007d7900000)
  to   space 6144K, 0% used [0x00000007d7900000,0x00000007d7900000,0x00000007d7f00000)
 ParOldGen       total 56320K, used 13375K [0x0000000781600000, 0x0000000784d00000, 0x00000007d5c80000)
  object space 56320K, 23% used [0x0000000781600000,0x000000078230fef0,0x0000000784d00000)
 PSPermGen       total 41472K, used 20583K [0x000000077c400000, 0x000000077ec80000, 0x0000000781600000)
  object space 41472K, 49% used [0x000000077c400000,0x000000077d819d38,0x000000077ec80000)
}

Deoptimization events (10 events):
Event: 35.949 Thread 0x000000000e3d4000 Uncommon trap: reason=class_check action=maybe_recompile pc=0x000000000471a6b8 method=java.lang.AbstractStringBuilder.append(Ljava/lang/CharSequence;II)Ljava/lang/AbstractStringBuilder; @ 18
Event: 35.949 Thread 0x000000000e3d4000 Uncommon trap: reason=class_check action=maybe_recompile pc=0x000000000471a6b8 method=java.lang.AbstractStringBuilder.append(Ljava/lang/CharSequence;II)Ljava/lang/AbstractStringBuilder; @ 18
Event: 40.862 Thread 0x000000000e3d4000 Uncommon trap: reason=bimorphic action=maybe_recompile pc=0x00000000047bae80 method=java.util.Hashtable.put(Ljava/lang/Object;Ljava/lang/Object;)Ljava/lang/Object; @ 61
Event: 40.862 Thread 0x000000000e3d4000 Uncommon trap: reason=bimorphic action=maybe_recompile pc=0x00000000047bae80 method=java.util.Hashtable.put(Ljava/lang/Object;Ljava/lang/Object;)Ljava/lang/Object; @ 61
Event: 40.862 Thread 0x000000000e3d4000 Uncommon trap: reason=bimorphic action=maybe_recompile pc=0x00000000047bae80 method=java.util.Hashtable.put(Ljava/lang/Object;Ljava/lang/Object;)Ljava/lang/Object; @ 61
Event: 40.862 Thread 0x000000000e3d4000 Uncommon trap: reason=bimorphic action=maybe_recompile pc=0x00000000047bae80 method=java.util.Hashtable.put(Ljava/lang/Object;Ljava/lang/Object;)Ljava/lang/Object; @ 61
Event: 42.684 Thread 0x000000000e3d4000 Uncommon trap: reason=class_check action=maybe_recompile pc=0x000000000471a6b8 method=java.lang.AbstractStringBuilder.append(Ljava/lang/CharSequence;II)Ljava/lang/AbstractStringBuilder; @ 18
Event: 42.684 Thread 0x000000000e3d4000 Uncommon trap: reason=class_check action=maybe_recompile pc=0x000000000471a6b8 method=java.lang.AbstractStringBuilder.append(Ljava/lang/CharSequence;II)Ljava/lang/AbstractStringBuilder; @ 18
Event: 57.588 Thread 0x000000000e3d4000 Uncommon trap: reason=null_check action=make_not_entrant pc=0x000000000476dddc method=javax.swing.plaf.nimbus.NimbusDefaults$LazyStyle.matches(Ljava/awt/Component;I)Z @ 39
Event: 65.799 Thread 0x000000000e3d4000 Uncommon trap: reason=null_check action=make_not_entrant pc=0x000000000477ee64 method=javax.swing.RepaintManager.extendDirtyRegion(Ljava/awt/Component;IIII)Z @ 10

Internal exceptions (10 events):
Event: 18.014 Thread 0x000000000e3d4000 Threw 0x00000007d7752bc0 at C:\re\jdk7u55\869\hotspot\src\share\vm\prims\jvm.cpp:1244
Event: 18.353 Thread 0x000000000e3d4000 Implicit null exception at 0x0000000004795beb to 0x000000000479b309
Event: 22.912 Thread 0x000000000e3d4000 Implicit null exception at 0x00000000047acfb2 to 0x00000000047ae73d
Event: 25.656 Thread 0x000000000e3d4000 Implicit null exception at 0x0000000004785be0 to 0x0000000004786b25
Event: 28.646 Thread 0x000000000e3d6800 Threw 0x00000007d69b51c0 at C:\re\jdk7u55\869\hotspot\src\share\vm\prims\jvm.cpp:1244
Event: 28.647 Thread 0x000000000e3d6800 Threw 0x00000007d69bddf8 at C:\re\jdk7u55\869\hotspot\src\share\vm\prims\jvm.cpp:1244
Event: 28.647 Thread 0x000000000e3d6800 Threw 0x00000007d69c7850 at C:\re\jdk7u55\869\hotspot\src\share\vm\prims\jvm.cpp:1244
Event: 28.648 Thread 0x000000000e3d6800 Threw 0x00000007d69d0880 at C:\re\jdk7u55\869\hotspot\src\share\vm\prims\jvm.cpp:1244
Event: 57.588 Thread 0x000000000e3d4000 Implicit null exception at 0x000000000476b665 to 0x000000000476dd79
Event: 65.799 Thread 0x000000000e3d4000 Implicit null exception at 0x000000000477eb74 to 0x000000000477ee58

Events (10 events):
Event: 64.754 Executing VM operation: RevokeBias
Event: 64.754 Executing VM operation: RevokeBias done
Event: 65.596 Executing VM operation: ParallelGCFailedAllocation
Event: 65.735 Executing VM operation: ParallelGCFailedAllocation done
Event: 65.777 Executing VM operation: RevokeBias
Event: 65.777 Executing VM operation: RevokeBias done
Event: 65.799 Thread 0x000000000e3d4000 Uncommon trap: trap_request=0xfffffff4 fr.pc=0x000000000477ee64
Event: 65.799 Thread 0x000000000e3d4000 DEOPT PACKING pc=0x000000000477ee64 sp=0x000000000fb0c080
Event: 65.799 Thread 0x000000000e3d4000 DEOPT UNPACKING pc=0x00000000046775a4 sp=0x000000000fb0bfc8 mode 2
Event: 65.893 Thread 0x000000000c9b7800 flushing nmethod 0x000000000471a150


Dynamic libraries:
0x00007ff7d1020000 - 0x00007ff7d1053000 	C:\Program Files\Java\jdk1.7.0_55\bin\java.exe
0x00007ffc31960000 - 0x00007ffc31b40000 	C:\WINDOWS\SYSTEM32\ntdll.dll
0x00007ffc2ef10000 - 0x00007ffc2efbe000 	C:\WINDOWS\System32\KERNEL32.DLL
0x00007ffc2de60000 - 0x00007ffc2e0c6000 	C:\WINDOWS\System32\KERNELBASE.dll
0x00007ffc30d30000 - 0x00007ffc30dd1000 	C:\WINDOWS\System32\ADVAPI32.dll
0x00007ffc2f070000 - 0x00007ffc2f10d000 	C:\WINDOWS\System32\msvcrt.dll
0x00007ffc2f2c0000 - 0x00007ffc2f31b000 	C:\WINDOWS\System32\sechost.dll
0x00007ffc313b0000 - 0x00007ffc314cf000 	C:\WINDOWS\System32\RPCRT4.dll
0x00007ffc2f130000 - 0x00007ffc2f2bf000 	C:\WINDOWS\System32\USER32.dll
0x00007ffc2e0d0000 - 0x00007ffc2e0f0000 	C:\WINDOWS\System32\win32u.dll
0x00007ffc2f040000 - 0x00007ffc2f068000 	C:\WINDOWS\System32\GDI32.dll
0x00007ffc2e0f0000 - 0x00007ffc2e283000 	C:\WINDOWS\System32\gdi32full.dll
0x00007ffc2e360000 - 0x00007ffc2e3fb000 	C:\WINDOWS\System32\msvcp_win.dll
0x00007ffc2dd60000 - 0x00007ffc2de56000 	C:\WINDOWS\System32\ucrtbase.dll
0x00007ffc23080000 - 0x00007ffc232e9000 	C:\WINDOWS\WinSxS\amd64_microsoft.windows.common-controls_6595b64144ccf1df_6.0.16299.125_none_15cbcf8893620c09\COMCTL32.dll
0x00007ffc2f390000 - 0x00007ffc2f698000 	C:\WINDOWS\System32\combase.dll
0x00007ffc2e2e0000 - 0x00007ffc2e352000 	C:\WINDOWS\System32\bcryptPrimitives.dll
0x00007ffc30b90000 - 0x00007ffc30bbd000 	C:\WINDOWS\System32\IMM32.DLL
0x0000000053a20000 - 0x0000000053af2000 	C:\Program Files\Java\jdk1.7.0_55\jre\bin\msvcr100.dll
0x0000000052680000 - 0x0000000052e49000 	C:\Program Files\Java\jdk1.7.0_55\jre\bin\server\jvm.dll
0x00007ffc2ef00000 - 0x00007ffc2ef08000 	C:\WINDOWS\System32\PSAPI.DLL
0x00007ffc2bd60000 - 0x00007ffc2bd83000 	C:\WINDOWS\SYSTEM32\WINMM.dll
0x00007ffc21990000 - 0x00007ffc21999000 	C:\WINDOWS\SYSTEM32\WSOCK32.dll
0x00007ffc2f320000 - 0x00007ffc2f38c000 	C:\WINDOWS\System32\WS2_32.dll
0x00007ffc2bc20000 - 0x00007ffc2bc4a000 	C:\WINDOWS\SYSTEM32\WINMMBASE.dll
0x00007ffc2e290000 - 0x00007ffc2e2da000 	C:\WINDOWS\System32\cfgmgr32.dll
0x00000000539d0000 - 0x00000000539df000 	C:\Program Files\Java\jdk1.7.0_55\jre\bin\verify.dll
0x00000000539a0000 - 0x00000000539c8000 	C:\Program Files\Java\jdk1.7.0_55\jre\bin\java.dll
0x0000000053980000 - 0x0000000053995000 	C:\Program Files\Java\jdk1.7.0_55\jre\bin\zip.dll
0x00000000537a0000 - 0x0000000053935000 	C:\Program Files\Java\jdk1.7.0_55\jre\bin\awt.dll
0x00007ffc2ee30000 - 0x00007ffc2eef5000 	C:\WINDOWS\System32\OLEAUT32.dll
0x00007ffc2be80000 - 0x00007ffc2bf08000 	C:\WINDOWS\SYSTEM32\apphelp.dll
0x00007ffc2c000000 - 0x00007ffc2c095000 	C:\WINDOWS\system32\uxtheme.dll
0x00007ffc30bc0000 - 0x00007ffc30d27000 	C:\WINDOWS\System32\MSCTF.dll
0x00007ffc2c270000 - 0x00007ffc2c29a000 	C:\WINDOWS\system32\dwmapi.dll
0x00007ffc30ea0000 - 0x00007ffc30fe9000 	C:\WINDOWS\System32\ole32.dll
0x00007ffc2dd00000 - 0x00007ffc2dd11000 	C:\WINDOWS\System32\kernel.appcore.dll
0x00007ffc2f750000 - 0x00007ffc30b86000 	C:\WINDOWS\System32\SHELL32.dll
0x00007ffc2f6a0000 - 0x00007ffc2f746000 	C:\WINDOWS\System32\shcore.dll
0x00007ffc2e630000 - 0x00007ffc2ed77000 	C:\WINDOWS\System32\windows.storage.dll
0x00007ffc30e40000 - 0x00007ffc30e91000 	C:\WINDOWS\System32\shlwapi.dll
0x00007ffc2dcb0000 - 0x00007ffc2dcfc000 	C:\WINDOWS\System32\powrprof.dll
0x00007ffc2dd40000 - 0x00007ffc2dd5b000 	C:\WINDOWS\System32\profapi.dll
0x0000000053550000 - 0x0000000053597000 	C:\Program Files\Java\jdk1.7.0_55\jre\bin\fontmanager.dll
0x0000000053960000 - 0x0000000053979000 	C:\Program Files\Java\jdk1.7.0_55\jre\bin\net.dll
0x00007ffc2d4e0000 - 0x00007ffc2d546000 	C:\WINDOWS\system32\mswsock.dll
0x0000000053940000 - 0x0000000053951000 	C:\Program Files\Java\jdk1.7.0_55\jre\bin\nio.dll
0x00007ffc31300000 - 0x00007ffc3139e000 	C:\WINDOWS\System32\clbcatq.dll
0x00007ffc2a560000 - 0x00007ffc2a70b000 	C:\WINDOWS\SYSTEM32\WindowsCodecs.dll
0x00007ffc226f0000 - 0x00007ffc2273f000 	C:\WINDOWS\system32\dataexchange.dll
0x00007ffc2b400000 - 0x00007ffc2b6e1000 	C:\WINDOWS\system32\d3d11.dll
0x00007ffc2b7d0000 - 0x00007ffc2b912000 	C:\WINDOWS\system32\dcomp.dll
0x00007ffc2cb20000 - 0x00007ffc2cbcf000 	C:\WINDOWS\system32\dxgi.dll
0x00007ffc2c3f0000 - 0x00007ffc2c56b000 	C:\WINDOWS\system32\twinapi.appcore.dll
0x00007ffc2c360000 - 0x00007ffc2c380000 	C:\WINDOWS\system32\RMCLIENT.dll
0x00007ffc2d810000 - 0x00007ffc2d835000 	C:\WINDOWS\system32\bcrypt.dll
0x0000000052630000 - 0x0000000052671000 	C:\Program Files\Java\jdk1.7.0_55\jre\bin\t2k.dll
0x00007ffc2d2b0000 - 0x00007ffc2d366000 	C:\WINDOWS\SYSTEM32\DNSAPI.dll
0x00007ffc31920000 - 0x00007ffc31928000 	C:\WINDOWS\System32\NSI.dll
0x00007ffc2d270000 - 0x00007ffc2d2a9000 	C:\WINDOWS\SYSTEM32\IPHLPAPI.DLL
0x00000000535a0000 - 0x00000000535c6000 	C:\Program Files\Bonjour\mdnsNSP.dll
0x00007ffc23e60000 - 0x00007ffc23e6a000 	C:\Windows\System32\rasadhlp.dll
0x00007ffc24620000 - 0x00007ffc24690000 	C:\WINDOWS\System32\fwpuclnt.dll
0x00007ffc24450000 - 0x00007ffc244e8000 	C:\WINDOWS\System32\TextInputFramework.dll
0x00007ffc2b6f0000 - 0x00007ffc2b7cd000 	C:\WINDOWS\System32\CoreMessaging.dll
0x00007ffc29f40000 - 0x00007ffc2a22e000 	C:\WINDOWS\System32\CoreUIComponents.dll
0x00007ffc2cdf0000 - 0x00007ffc2ce21000 	C:\WINDOWS\SYSTEM32\ntmarta.dll
0x00007ffc29da0000 - 0x00007ffc29ed6000 	C:\WINDOWS\SYSTEM32\wintypes.dll
0x00000000525c0000 - 0x00000000525ea000 	C:\Program Files\Java\jdk1.7.0_55\jre\bin\dcpr.dll
0x00007ffc27950000 - 0x00007ffc279a1000 	C:\Users\User\.javacpp\cache\opencv-windows-x86_64.jar\org\bytedeco\javacpp\windows-x86_64\concrt140.dll
0x00007ffc05210000 - 0x00007ffc052ac000 	C:\WINDOWS\SYSTEM32\MSVCP140.dll
0x00007ffc22fb0000 - 0x00007ffc22fc6000 	C:\WINDOWS\SYSTEM32\VCRUNTIME140.dll
0x00007ffc07e50000 - 0x00007ffc07eed000 	C:\Users\User\.javacpp\cache\opencv-windows-x86_64.jar\org\bytedeco\javacpp\windows-x86_64\msvcp140.dll
0x00007ffc278e0000 - 0x00007ffc278f7000 	C:\Users\User\.javacpp\cache\opencv-windows-x86_64.jar\org\bytedeco\javacpp\windows-x86_64\vcruntime140.dll
0x0000000010720000 - 0x0000000010723000 	C:\Users\User\.javacpp\cache\opencv-windows-x86_64.jar\org\bytedeco\javacpp\windows-x86_64\api-ms-win-crt-locale-l1-1-0.dll
0x0000000010730000 - 0x0000000010734000 	C:\Users\User\.javacpp\cache\opencv-windows-x86_64.jar\org\bytedeco\javacpp\windows-x86_64\api-ms-win-crt-string-l1-1-0.dll
0x0000000010740000 - 0x0000000010744000 	C:\Users\User\.javacpp\cache\opencv-windows-x86_64.jar\org\bytedeco\javacpp\windows-x86_64\api-ms-win-crt-stdio-l1-1-0.dll
0x0000000010750000 - 0x0000000010755000 	C:\Users\User\.javacpp\cache\opencv-windows-x86_64.jar\org\bytedeco\javacpp\windows-x86_64\api-ms-win-crt-math-l1-1-0.dll
0x0000000010760000 - 0x0000000010763000 	C:\Users\User\.javacpp\cache\opencv-windows-x86_64.jar\org\bytedeco\javacpp\windows-x86_64\api-ms-win-crt-heap-l1-1-0.dll
0x0000000010770000 - 0x0000000010774000 	C:\Users\User\.javacpp\cache\opencv-windows-x86_64.jar\org\bytedeco\javacpp\windows-x86_64\api-ms-win-crt-runtime-l1-1-0.dll
0x0000000010780000 - 0x0000000010784000 	C:\Users\User\.javacpp\cache\opencv-windows-x86_64.jar\org\bytedeco\javacpp\windows-x86_64\api-ms-win-crt-convert-l1-1-0.dll
0x0000000010790000 - 0x0000000010793000 	C:\Users\User\.javacpp\cache\opencv-windows-x86_64.jar\org\bytedeco\javacpp\windows-x86_64\api-ms-win-crt-environment-l1-1-0.dll
0x00000000107a0000 - 0x00000000107a3000 	C:\Users\User\.javacpp\cache\opencv-windows-x86_64.jar\org\bytedeco\javacpp\windows-x86_64\api-ms-win-crt-time-l1-1-0.dll
0x00000000107b0000 - 0x00000000107b3000 	C:\Users\User\.javacpp\cache\opencv-windows-x86_64.jar\org\bytedeco\javacpp\windows-x86_64\api-ms-win-crt-filesystem-l1-1-0.dll
0x00000000107c0000 - 0x00000000107c3000 	C:\Users\User\.javacpp\cache\opencv-windows-x86_64.jar\org\bytedeco\javacpp\windows-x86_64\api-ms-win-crt-utility-l1-1-0.dll
0x00000000111e0000 - 0x00000000111e5000 	C:\Users\User\.javacpp\cache\opencv-windows-x86_64.jar\org\bytedeco\javacpp\windows-x86_64\api-ms-win-crt-multibyte-l1-1-0.dll
0x00007ffc016b0000 - 0x00007ffc019b6000 	C:\Users\User\.javacpp\cache\opencv-windows-x86_64.jar\org\bytedeco\javacpp\windows-x86_64\opencv_core340.dll
0x00007ffbfcb60000 - 0x00007ffbfcf6c000 	C:\Users\User\.javacpp\cache\opencv-windows-x86_64.jar\org\bytedeco\javacpp\windows-x86_64\opencv_imgproc340.dll
0x00007ffbfc7e0000 - 0x00007ffbfcb5b000 	C:\Users\User\.javacpp\cache\opencv-windows-x86_64.jar\org\bytedeco\javacpp\windows-x86_64\jniopencv_core.dll
0x00007ffbfc680000 - 0x00007ffbfc7d5000 	C:\Users\User\.javacpp\cache\opencv-windows-x86_64.jar\org\bytedeco\javacpp\windows-x86_64\jniopencv_imgproc.dll
0x00007ffbfc3b0000 - 0x00007ffbfc67c000 	C:\Users\User\.javacpp\cache\opencv-windows-x86_64.jar\org\bytedeco\javacpp\windows-x86_64\opencv_imgcodecs340.dll
0x00007ffc266c0000 - 0x00007ffc266f4000 	C:\Users\User\.javacpp\cache\opencv-windows-x86_64.jar\org\bytedeco\javacpp\windows-x86_64\jniopencv_imgcodecs.dll
0x00007ffc1fec0000 - 0x00007ffc1ff0b000 	C:\Users\User\.javacpp\cache\opencv-windows-x86_64.jar\org\bytedeco\javacpp\windows-x86_64\opencv_videoio340.dll
0x00007ffc27870000 - 0x00007ffc2788f000 	C:\WINDOWS\SYSTEM32\AVIFIL32.dll
0x00007ffc13510000 - 0x00007ffc13539000 	C:\WINDOWS\SYSTEM32\MSVFW32.dll
0x00007ffc27ff0000 - 0x00007ffc2800c000 	C:\WINDOWS\SYSTEM32\MSACM32.dll
0x00007ffc26fa0000 - 0x00007ffc26fb8000 	C:\WINDOWS\SYSTEM32\AVICAP32.dll
0x00007ffc26f40000 - 0x00007ffc26f5f000 	C:\Users\User\.javacpp\cache\opencv-windows-x86_64.jar\org\bytedeco\javacpp\windows-x86_64\jniopencv_videoio.dll
0x00007ffc1fea0000 - 0x00007ffc1feb8000 	C:\Windows\System32\devenum.dll
0x00007ffc314d0000 - 0x00007ffc3191e000 	C:\WINDOWS\System32\setupapi.dll
0x00007ffc2dac0000 - 0x00007ffc2dae7000 	C:\WINDOWS\SYSTEM32\DEVOBJ.dll
0x00007ffc2e5d0000 - 0x00007ffc2e628000 	C:\WINDOWS\System32\WINTRUST.dll
0x00007ffc2dd20000 - 0x00007ffc2dd32000 	C:\WINDOWS\System32\MSASN1.dll
0x00007ffc2e400000 - 0x00007ffc2e5ce000 	C:\WINDOWS\System32\CRYPT32.dll
0x00007ffc27860000 - 0x00007ffc2786a000 	C:\WINDOWS\SYSTEM32\msdmo.dll
0x00007ffc10930000 - 0x00007ffc10963000 	C:\Windows\System32\qcap.dll
0x00007ffbf7030000 - 0x00007ffbf71ec000 	C:\Windows\System32\quartz.dll
0x00007ffc09d80000 - 0x00007ffc09dce000 	C:\Windows\System32\mfksproxy.dll
0x00007ffc29500000 - 0x00007ffc2951d000 	C:\Windows\System32\ATL.DLL
0x00007ffc1da60000 - 0x00007ffc1da96000 	C:\Windows\System32\MFSENSORGROUP.dll
0x00007ffc20800000 - 0x00007ffc209b1000 	C:\Windows\System32\MFPlat.DLL
0x00007ffc273c0000 - 0x00007ffc273f2000 	C:\Windows\System32\RTWorkQ.DLL
0x00007ffc08590000 - 0x00007ffc085d9000 	C:\Windows\System32\ksproxy.ax
0x00007ffc06080000 - 0x00007ffc06215000 	C:\Windows\System32\d3d9.dll
0x00007ffc2be00000 - 0x00007ffc2be09000 	C:\Windows\System32\ksuser.dll
0x00007ffc258a0000 - 0x00007ffc2591b000 	C:\WINDOWS\SYSTEM32\policymanager.dll
0x00007ffc28ca0000 - 0x00007ffc28d30000 	C:\Windows\System32\msvcp110_win.dll
0x00007ffc29650000 - 0x00007ffc2965c000 	C:\Windows\System32\vidcap.ax
0x00007ffc11a10000 - 0x00007ffc11a36000 	C:\Windows\System32\kswdmcap.ax
0x00007ffbf6ec0000 - 0x00007ffbf7025000 	C:\Windows\System32\MFC42.dll
0x00007ffc07db0000 - 0x00007ffc07e50000 	C:\Windows\System32\qedit.dll
0x00007ffc30ff0000 - 0x00007ffc310fa000 	C:\WINDOWS\System32\COMDLG32.dll
0x00007ffc1f570000 - 0x00007ffc1f70c000 	C:\WINDOWS\WinSxS\amd64_microsoft.windows.gdiplus_6595b64144ccf1df_1.1.16299.125_none_46b6c26dedf485d7\gdiplus.dll
0x00007ffbfec80000 - 0x00007ffbfed76000 	C:\Windows\System32\DDRAW.dll
0x00007ffc28260000 - 0x00007ffc28268000 	C:\Windows\System32\DCIMAN32.dll
0x00007ffc05400000 - 0x00007ffc05493000 	C:\Users\User\.javacpp\cache\opencv-windows-x86_64.jar\org\bytedeco\javacpp\windows-x86_64\opencv_objdetect340.dll
0x00007ffc06320000 - 0x00007ffc06399000 	C:\Users\User\.javacpp\cache\opencv-windows-x86_64.jar\org\bytedeco\javacpp\windows-x86_64\jniopencv_objdetect.dll
0x00007ffc27ce0000 - 0x00007ffc27cec000 	C:\WINDOWS\SYSTEM32\msyuv.dll

VM Arguments:
jvm_args: -Dfile.encoding=UTF-8 
java_command: UIL.FrameAdministrator
Launcher Type: SUN_STANDARD

Environment Variables:
PATH=C:\Program Files (x86)\Intel\iCLS Client\;C:\Program Files\Intel\iCLS Client\;C:\WINDOWS\system32;C:\WINDOWS;C:\WINDOWS\System32\Wbem;C:\WINDOWS\System32\WindowsPowerShell\v1.0\;C:\Program Files (x86)\Intel\Intel(R) Management Engine Components\DAL;C:\Program Files\Intel\Intel(R) Management Engine Components\DAL;C:\Program Files (x86)\Intel\Intel(R) Management Engine Components\IPT;C:\Program Files\Intel\Intel(R) Management Engine Components\IPT;C:\WINDOWS\system32\config\systemprofile\.dnx\bin;C:\Program Files\Microsoft DNX\Dnvm\;C:\Program Files (x86)\Microsoft SQL Server\Client SDK\ODBC\110\Tools\Binn\;C:\Program Files (x86)\Microsoft SQL Server\120\Tools\Binn\;C:\Program Files (x86)\Microsoft SQL Server\120\DTS\Binn\;C:\Program Files (x86)\Microsoft SQL Server\120\Tools\Binn\ManagementStudio\;C:\Users\User\AppData\Local\Microsoft\WindowsApps;
USERNAME=User
OS=Windows_NT
PROCESSOR_IDENTIFIER=Intel64 Family 6 Model 61 Stepping 4, GenuineIntel



---------------  S Y S T E M  ---------------

OS: Windows 8.1 , 64 bit Build 9600 

CPU:total 4 (2 cores per cpu, 2 threads per core) family 6 model 61 stepping 4, cmov, cx8, fxsr, mmx, sse, sse2, sse3, ssse3, sse4.1, sse4.2, popcnt, avx, avx2, aes, erms, ht, tsc, tscinvbit

Memory: 4k page, physical 8296436k(4065888k free), swap 9607156k(4267344k free)

vm_info: Java HotSpot(TM) 64-Bit Server VM (24.55-b03) for windows-amd64 JRE (1.7.0_55-b13), built on Mar 17 2014 19:45:30 by "java_re" with unknown MS VC++:1600

time: Thu Apr 05 13:25:30 2018
elapsed time: 66 seconds

