#
# A fatal error has been detected by the Java Runtime Environment:
#
#  EXCEPTION_ACCESS_VIOLATION (0xc0000005) at pc=0x00007ffc319abe4b, pid=29040, tid=34976
#
# JRE version: Java(TM) SE Runtime Environment (7.0_55-b13) (build 1.7.0_55-b13)
# Java VM: Java HotSpot(TM) 64-Bit Server VM (24.55-b03 mixed mode windows-amd64 compressed oops)
# Problematic frame:
# C  [ntdll.dll+0x4be4b]
#
# Failed to write core dump. Minidumps are not enabled by default on client versions of Windows
#
# If you would like to submit a bug report, please visit:
#   http://bugreport.sun.com/bugreport/crash.jsp
# The crash happened outside the Java Virtual Machine in native code.
# See problematic frame for where to report the bug.
#

---------------  T H R E A D  ---------------

Current thread (0x000000001c432800):  JavaThread "Thread-5" daemon [_thread_in_native, id=34976, stack(0x000000001ea00000,0x000000001eb00000)]

siginfo: ExceptionCode=0xc0000005, writing address 0x0000000000000024

Registers:
RAX=0x0000000000000000, RBX=0x0000000002f08928, RCX=0x0000000002f08928, RDX=0xffffffffffffffff
RSP=0x000000001eafeba0, RBP=0x000000001eafec10, RSI=0x0000000000000000, RDI=0x0000000000000000
R8 =0x0000000000000000, R9 =0x0000000000000000, R10=0x0000000000000000, R11=0x0000000000000246
R12=0x0000000000000000, R13=0x000000077d4db570, R14=0x0000000000000000, R15=0x000000001c432800
RIP=0x00007ffc319abe4b, EFLAGS=0x0000000000010213

Top of Stack: (sp=0x000000001eafeba0)
0x000000001eafeba0:   ffffffffffffffff 0000000002f08928
0x000000001eafebb0:   00000007838a22e8 000000078391dca0
0x000000001eafebc0:   00000007d5d6ada8 0000000000000000
0x000000001eafebd0:   0000000785eca800 0000000000c91000
0x000000001eafebe0:   4081800000000000 000000001eafec30
0x000000001eafebf0:   4084700000000000 00000007d5d6abe0
0x000000001eafec00:   4060600000000000 00007ffc2de73b2f
0x000000001eafec10:   000000001c432800 0000000000000001
0x000000001eafec20:   000000077d4db570 0000000000000000
0x000000001eafec30:   0000000000000000 000000001eafef00
0x000000001eafec40:   0000000000000001 00007ffc31980c39
0x000000001eafec50:   0000000000000000 0000000002f08928
0x000000001eafec60:   00000000fffffffa 0000000000000000
0x000000001eafec70:   000000001dce2dc0 00007ffc31980b50
0x000000001eafec80:   00007ffc120e3e70 0000000000000000
0x000000001eafec90:   000000001eafef00 00007ffc120e3e70 

Instructions: (pc=0x00007ffc319abe4b)
0x00007ffc319abe2b:   0f 45 f6 48 39 73 18 0f 84 bb 01 00 00 48 83 3b
0x00007ffc319abe3b:   ff 0f 84 be 01 00 00 48 8b 03 48 83 f8 ff 74 03
0x00007ffc319abe4b:   ff 40 24 48 8b 7b 18 44 8b ee 48 89 7d c0 e8 12
0x00007ffc319abe5b:   ae fd ff 85 c0 0f 85 e2 13 07 00 b9 82 03 fe 7f 


Register to memory mapping:

RAX=0x0000000000000000 is an unknown value
RBX=0x0000000002f08928 is an unknown value
RCX=0x0000000002f08928 is an unknown value
RDX=0xffffffffffffffff is an unknown value
RSP=0x000000001eafeba0 is pointing into the stack for thread: 0x000000001c432800
RBP=0x000000001eafec10 is pointing into the stack for thread: 0x000000001c432800
RSI=0x0000000000000000 is an unknown value
RDI=0x0000000000000000 is an unknown value
R8 =0x0000000000000000 is an unknown value
R9 =0x0000000000000000 is an unknown value
R10=0x0000000000000000 is an unknown value
R11=0x0000000000000246 is an unknown value
R12=0x0000000000000000 is an unknown value
R13=0x000000077d4db570 is an oop
{method} 
 - klass: {other class}
R14=0x0000000000000000 is an unknown value
R15=0x000000001c432800 is a thread


Stack: [0x000000001ea00000,0x000000001eb00000],  sp=0x000000001eafeba0,  free space=1018k
Native frames: (J=compiled Java code, j=interpreted, Vv=VM code, C=native code)
C  [ntdll.dll+0x4be4b]

Java frames: (J=compiled Java code, j=interpreted, Vv=VM code)
j  org.bytedeco.javacpp.opencv_videoio$VideoCapture.retrieve(Lorg/bytedeco/javacpp/opencv_core$Mat;)Z+0
j  org.bytedeco.javacv.OpenCVFrameGrabber.grab()Lorg/bytedeco/javacv/Frame;+8
j  UIL.FrameRecognizer$captureImage.run()V+39
j  java.lang.Thread.run()V+11
v  ~StubRoutines::call_stub

---------------  P R O C E S S  ---------------

Java Threads: ( => current thread )
=>0x000000001c432800 JavaThread "Thread-5" daemon [_thread_in_native, id=34976, stack(0x000000001ea00000,0x000000001eb00000)]
  0x000000000f2c7800 JavaThread "TimerQueue" daemon [_thread_blocked, id=38044, stack(0x0000000010f30000,0x0000000011030000)]
  0x000000000ecce800 JavaThread "JavaCPP Deallocator" daemon [_thread_blocked, id=38008, stack(0x0000000010d20000,0x0000000010e20000)]
  0x000000000ed0a800 JavaThread "Abandoned connection cleanup thread" daemon [_thread_blocked, id=24060, stack(0x0000000010c20000,0x0000000010d20000)]
  0x0000000004ce2800 JavaThread "DestroyJavaVM" [_thread_blocked, id=30552, stack(0x0000000004be0000,0x0000000004ce0000)]
  0x000000000ec59000 JavaThread "AWT-EventQueue-0" [_thread_in_native, id=33412, stack(0x0000000010170000,0x0000000010270000)]
  0x000000000eba0000 JavaThread "AWT-Windows" daemon [_thread_in_native, id=34344, stack(0x000000000f9b0000,0x000000000fab0000)]
  0x000000000ed62800 JavaThread "AWT-Shutdown" [_thread_blocked, id=33176, stack(0x000000000f8b0000,0x000000000f9b0000)]
  0x000000000ed62000 JavaThread "Java2D Disposer" daemon [_thread_blocked, id=34944, stack(0x000000000f7b0000,0x000000000f8b0000)]
  0x000000000d106000 JavaThread "Service Thread" daemon [_thread_blocked, id=31148, stack(0x000000000e870000,0x000000000e970000)]
  0x000000000d103000 JavaThread "C2 CompilerThread1" daemon [_thread_blocked, id=7480, stack(0x000000000e770000,0x000000000e870000)]
  0x000000000d0f4800 JavaThread "C2 CompilerThread0" daemon [_thread_blocked, id=15888, stack(0x000000000e670000,0x000000000e770000)]
  0x000000000d0f3800 JavaThread "Attach Listener" daemon [_thread_blocked, id=38536, stack(0x000000000e570000,0x000000000e670000)]
  0x000000000d0f0000 JavaThread "Signal Dispatcher" daemon [_thread_blocked, id=36036, stack(0x000000000e470000,0x000000000e570000)]
  0x000000000d0bf800 JavaThread "Finalizer" daemon [_thread_blocked, id=37208, stack(0x000000000e370000,0x000000000e470000)]
  0x000000000d0b4000 JavaThread "Reference Handler" daemon [_thread_blocked, id=25348, stack(0x000000000e270000,0x000000000e370000)]

Other Threads:
  0x000000000d0b2800 VMThread [stack: 0x000000000e170000,0x000000000e270000] [id=25124]
  0x000000000d147000 WatcherThread [stack: 0x000000000e970000,0x000000000ea70000] [id=34204]

VM state:not at safepoint (normal execution)

VM Mutex/Monitor currently owned by a thread: None

Heap
 PSYoungGen      total 60928K, used 19858K [0x00000007d5c80000, 0x00000007ddc00000, 0x0000000800000000)
  eden space 57856K, 29% used [0x00000007d5c80000,0x00000007d6cf1a48,0x00000007d9500000)
  from space 3072K, 98% used [0x00000007dd900000,0x00000007ddbf3030,0x00000007ddc00000)
  to   space 9216K, 0% used [0x00000007dca00000,0x00000007dca00000,0x00000007dd300000)
 ParOldGen       total 86016K, used 79598K [0x0000000781600000, 0x0000000786a00000, 0x00000007d5c80000)
  object space 86016K, 92% used [0x0000000781600000,0x00000007863bbb48,0x0000000786a00000)
 PSPermGen       total 21504K, used 20321K [0x000000077c400000, 0x000000077d900000, 0x0000000781600000)
  object space 21504K, 94% used [0x000000077c400000,0x000000077d7d8600,0x000000077d900000)

Card table byte_map: [0x0000000007ea0000,0x00000000082c0000] byte_map_base: 0x00000000042be000

Polling page: 0x0000000004b20000

Code Cache  [0x0000000004de0000, 0x0000000005050000, 0x0000000007de0000)
 total_blobs=937 nmethods=318 adapters=571 free_code_cache=47570Kb largest_free_block=48536128

Compilation events (10 events):
Event: 28.743 Thread 0x000000000d0f4800  317             javax.swing.JComponent::contains (27 bytes)
Event: 28.745 Thread 0x000000000d0f4800 nmethod 317 0x0000000004f12d90 code [0x0000000004f12ec0, 0x0000000004f12f58]
Event: 29.235 Thread 0x000000000d103000  318             java.awt.Component::getTreeLock (4 bytes)
Event: 29.235 Thread 0x000000000d103000 nmethod 318 0x0000000004f12b90 code [0x0000000004f12cc0, 0x0000000004f12d38]
Event: 29.482 Thread 0x000000000d0f4800  319             java.util.concurrent.locks.AbstractQueuedSynchronizer::compareAndSetState (13 bytes)
Event: 29.482 Thread 0x000000000d0f4800 nmethod 319 0x0000000004f12990 code [0x0000000004f12ac0, 0x0000000004f12b38]
Event: 29.984 Thread 0x000000000d103000  320             java.util.concurrent.locks.AbstractQueuedSynchronizer::release (33 bytes)
Event: 29.988 Thread 0x000000000d103000 nmethod 320 0x0000000004f0fbd0 code [0x0000000004f0fd20, 0x0000000004f0ff28]
Event: 30.484 Thread 0x000000000d0f4800  321             java.awt.AWTEvent::getID (5 bytes)
Event: 30.485 Thread 0x000000000d0f4800 nmethod 321 0x0000000004f12790 code [0x0000000004f128c0, 0x0000000004f12918]

GC Heap History (10 events):
Event: 10.336 GC heap before
{Heap before GC invocations=8 (full 0):
 PSYoungGen      total 75264K, used 69238K [0x00000007d5c80000, 0x00000007df080000, 0x0000000800000000)
  eden space 66560K, 100% used [0x00000007d5c80000,0x00000007d9d80000,0x00000007d9d80000)
  from space 8704K, 30% used [0x00000007d9d80000,0x00000007da01dab0,0x00000007da600000)
  to   space 9216K, 0% used [0x00000007de780000,0x00000007de780000,0x00000007df080000)
 ParOldGen       total 86016K, used 71709K [0x0000000781600000, 0x0000000786a00000, 0x00000007d5c80000)
  object space 86016K, 83% used [0x0000000781600000,0x0000000785c07408,0x0000000786a00000)
 PSPermGen       total 21504K, used 20049K [0x000000077c400000, 0x000000077d900000, 0x0000000781600000)
  object space 21504K, 93% used [0x000000077c400000,0x000000077d7946c0,0x000000077d900000)
Event: 10.340 GC heap after
Heap after GC invocations=8 (full 0):
 PSYoungGen      total 69120K, used 4512K [0x00000007d5c80000, 0x00000007dec00000, 0x0000000800000000)
  eden space 64512K, 0% used [0x00000007d5c80000,0x00000007d5c80000,0x00000007d9b80000)
  from space 4608K, 97% used [0x00000007de780000,0x00000007debe8050,0x00000007dec00000)
  to   space 8704K, 0% used [0x00000007ddb00000,0x00000007ddb00000,0x00000007de380000)
 ParOldGen       total 86016K, used 72165K [0x0000000781600000, 0x0000000786a00000, 0x00000007d5c80000)
  object space 86016K, 83% used [0x0000000781600000,0x0000000785c795e8,0x0000000786a00000)
 PSPermGen       total 21504K, used 20049K [0x000000077c400000, 0x000000077d900000, 0x0000000781600000)
  object space 21504K, 93% used [0x000000077c400000,0x000000077d7946c0,0x000000077d900000)
}
Event: 16.812 GC heap before
{Heap before GC invocations=9 (full 0):
 PSYoungGen      total 69120K, used 68624K [0x00000007d5c80000, 0x00000007dec00000, 0x0000000800000000)
  eden space 64512K, 99% used [0x00000007d5c80000,0x00000007d9b1c100,0x00000007d9b80000)
  from space 4608K, 97% used [0x00000007de780000,0x00000007debe8050,0x00000007dec00000)
  to   space 8704K, 0% used [0x00000007ddb00000,0x00000007ddb00000,0x00000007de380000)
 ParOldGen       total 86016K, used 72165K [0x0000000781600000, 0x0000000786a00000, 0x00000007d5c80000)
  object space 86016K, 83% used [0x0000000781600000,0x0000000785c795e8,0x0000000786a00000)
 PSPermGen       total 21504K, used 20260K [0x000000077c400000, 0x000000077d900000, 0x0000000781600000)
  object space 21504K, 94% used [0x000000077c400000,0x000000077d7c9268,0x000000077d900000)
Event: 16.824 GC heap after
Heap after GC invocations=9 (full 0):
 PSYoungGen      total 69120K, used 6575K [0x00000007d5c80000, 0x00000007de800000, 0x0000000800000000)
  eden space 62464K, 0% used [0x00000007d5c80000,0x00000007d5c80000,0x00000007d9980000)
  from space 6656K, 98% used [0x00000007ddb00000,0x00000007de16bce0,0x00000007de180000)
  to   space 6656K, 0% used [0x00000007de180000,0x00000007de180000,0x00000007de800000)
 ParOldGen       total 86016K, used 74074K [0x0000000781600000, 0x0000000786a00000, 0x00000007d5c80000)
  object space 86016K, 86% used [0x0000000781600000,0x0000000785e56ad8,0x0000000786a00000)
 PSPermGen       total 21504K, used 20260K [0x000000077c400000, 0x000000077d900000, 0x0000000781600000)
  object space 21504K, 94% used [0x000000077c400000,0x000000077d7c9268,0x000000077d900000)
}
Event: 21.132 GC heap before
{Heap before GC invocations=10 (full 0):
 PSYoungGen      total 69120K, used 68328K [0x00000007d5c80000, 0x00000007de800000, 0x0000000800000000)
  eden space 62464K, 98% used [0x00000007d5c80000,0x00000007d98ce3a8,0x00000007d9980000)
  from space 6656K, 98% used [0x00000007ddb00000,0x00000007de16bce0,0x00000007de180000)
  to   space 6656K, 0% used [0x00000007de180000,0x00000007de180000,0x00000007de800000)
 ParOldGen       total 86016K, used 74074K [0x0000000781600000, 0x0000000786a00000, 0x00000007d5c80000)
  object space 86016K, 86% used [0x0000000781600000,0x0000000785e56ad8,0x0000000786a00000)
 PSPermGen       total 21504K, used 20265K [0x000000077c400000, 0x000000077d900000, 0x0000000781600000)
  object space 21504K, 94% used [0x000000077c400000,0x000000077d7ca798,0x000000077d900000)
Event: 21.140 GC heap after
Heap after GC invocations=10 (full 0):
 PSYoungGen      total 67072K, used 5823K [0x00000007d5c80000, 0x00000007de780000, 0x0000000800000000)
  eden space 60928K, 0% used [0x00000007d5c80000,0x00000007d5c80000,0x00000007d9800000)
  from space 6144K, 94% used [0x00000007de180000,0x00000007de72fc70,0x00000007de780000)
  to   space 8704K, 0% used [0x00000007dd680000,0x00000007dd680000,0x00000007ddf00000)
 ParOldGen       total 86016K, used 74534K [0x0000000781600000, 0x0000000786a00000, 0x00000007d5c80000)
  object space 86016K, 86% used [0x0000000781600000,0x0000000785ec9918,0x0000000786a00000)
 PSPermGen       total 21504K, used 20265K [0x000000077c400000, 0x000000077d900000, 0x0000000781600000)
  object space 21504K, 94% used [0x000000077c400000,0x000000077d7ca798,0x000000077d900000)
}
Event: 25.464 GC heap before
{Heap before GC invocations=11 (full 0):
 PSYoungGen      total 67072K, used 66662K [0x00000007d5c80000, 0x00000007de780000, 0x0000000800000000)
  eden space 60928K, 99% used [0x00000007d5c80000,0x00000007d97e9c48,0x00000007d9800000)
  from space 6144K, 94% used [0x00000007de180000,0x00000007de72fc70,0x00000007de780000)
  to   space 8704K, 0% used [0x00000007dd680000,0x00000007dd680000,0x00000007ddf00000)
 ParOldGen       total 86016K, used 74534K [0x0000000781600000, 0x0000000786a00000, 0x00000007d5c80000)
  object space 86016K, 86% used [0x0000000781600000,0x0000000785ec9918,0x0000000786a00000)
 PSPermGen       total 21504K, used 20292K [0x000000077c400000, 0x000000077d900000, 0x0000000781600000)
  object space 21504K, 94% used [0x000000077c400000,0x000000077d7d12b8,0x000000077d900000)
Event: 25.468 GC heap after
Heap after GC invocations=11 (full 0):
 PSYoungGen      total 60928K, used 1284K [0x00000007d5c80000, 0x00000007de200000, 0x0000000800000000)
  eden space 59392K, 0% used [0x00000007d5c80000,0x00000007d5c80000,0x00000007d9680000)
  from space 1536K, 83% used [0x00000007dd680000,0x00000007dd7c1010,0x00000007dd800000)
  to   space 9216K, 0% used [0x00000007dd900000,0x00000007dd900000,0x00000007de200000)
 ParOldGen       total 86016K, used 79362K [0x0000000781600000, 0x0000000786a00000, 0x00000007d5c80000)
  object space 86016K, 92% used [0x0000000781600000,0x0000000786380898,0x0000000786a00000)
 PSPermGen       total 21504K, used 20292K [0x000000077c400000, 0x000000077d900000, 0x0000000781600000)
  object space 21504K, 94% used [0x000000077c400000,0x000000077d7d12b8,0x000000077d900000)
}
Event: 29.656 GC heap before
{Heap before GC invocations=12 (full 0):
 PSYoungGen      total 60928K, used 59852K [0x00000007d5c80000, 0x00000007de200000, 0x0000000800000000)
  eden space 59392K, 98% used [0x00000007d5c80000,0x00000007d95b2218,0x00000007d9680000)
  from space 1536K, 83% used [0x00000007dd680000,0x00000007dd7c1010,0x00000007dd800000)
  to   space 9216K, 0% used [0x00000007dd900000,0x00000007dd900000,0x00000007de200000)
 ParOldGen       total 86016K, used 79362K [0x0000000781600000, 0x0000000786a00000, 0x00000007d5c80000)
  object space 86016K, 92% used [0x0000000781600000,0x0000000786380898,0x0000000786a00000)
 PSPermGen       total 21504K, used 20296K [0x000000077c400000, 0x000000077d900000, 0x0000000781600000)
  object space 21504K, 94% used [0x000000077c400000,0x000000077d7d21c8,0x000000077d900000)
Event: 29.658 GC heap after
Heap after GC invocations=12 (full 0):
 PSYoungGen      total 60928K, used 3020K [0x00000007d5c80000, 0x00000007ddc00000, 0x0000000800000000)
  eden space 57856K, 0% used [0x00000007d5c80000,0x00000007d5c80000,0x00000007d9500000)
  from space 3072K, 98% used [0x00000007dd900000,0x00000007ddbf3030,0x00000007ddc00000)
  to   space 9216K, 0% used [0x00000007dca00000,0x00000007dca00000,0x00000007dd300000)
 ParOldGen       total 86016K, used 79598K [0x0000000781600000, 0x0000000786a00000, 0x00000007d5c80000)
  object space 86016K, 92% used [0x0000000781600000,0x00000007863bbb48,0x0000000786a00000)
 PSPermGen       total 21504K, used 20296K [0x000000077c400000, 0x000000077d900000, 0x0000000781600000)
  object space 21504K, 94% used [0x000000077c400000,0x000000077d7d21c8,0x000000077d900000)
}

Deoptimization events (10 events):
Event: 10.907 Thread 0x000000000ec59000 Uncommon trap: reason=class_check action=maybe_recompile pc=0x0000000004ec159c method=java.awt.Color.getRed()I @ 1
Event: 10.907 Thread 0x000000000ec59000 Uncommon trap: reason=class_check action=maybe_recompile pc=0x0000000004ec135c method=java.awt.Color.getGreen()I @ 1
Event: 10.907 Thread 0x000000000ec59000 Uncommon trap: reason=class_check action=maybe_recompile pc=0x0000000004ec135c method=java.awt.Color.getGreen()I @ 1
Event: 10.907 Thread 0x000000000ec59000 Uncommon trap: reason=class_check action=maybe_recompile pc=0x0000000004ec135c method=java.awt.Color.getGreen()I @ 1
Event: 10.907 Thread 0x000000000ec59000 Uncommon trap: reason=class_check action=maybe_recompile pc=0x0000000004ec1118 method=java.awt.Color.getBlue()I @ 1
Event: 10.907 Thread 0x000000000ec59000 Uncommon trap: reason=class_check action=maybe_recompile pc=0x0000000004ec1118 method=java.awt.Color.getBlue()I @ 1
Event: 10.907 Thread 0x000000000ec59000 Uncommon trap: reason=class_check action=maybe_recompile pc=0x0000000004ec1118 method=java.awt.Color.getBlue()I @ 1
Event: 10.908 Thread 0x000000000ec59000 Uncommon trap: reason=class_check action=maybe_recompile pc=0x0000000004ec159c method=java.awt.Color.getRed()I @ 1
Event: 10.908 Thread 0x000000000ec59000 Uncommon trap: reason=class_check action=maybe_recompile pc=0x0000000004ec135c method=java.awt.Color.getGreen()I @ 1
Event: 10.908 Thread 0x000000000ec59000 Uncommon trap: reason=class_check action=maybe_recompile pc=0x0000000004ec1118 method=java.awt.Color.getBlue()I @ 1

Internal exceptions (10 events):
Event: 10.252 Thread 0x000000000ec59000 Threw 0x00000007d9153830 at C:\re\jdk7u55\869\hotspot\src\share\vm\prims\jvm.cpp:1244
Event: 10.253 Thread 0x000000000ec59000 Threw 0x00000007d91593f0 at C:\re\jdk7u55\869\hotspot\src\share\vm\prims\jvm.cpp:1244
Event: 10.254 Thread 0x000000000ec59000 Threw 0x00000007d915efc0 at C:\re\jdk7u55\869\hotspot\src\share\vm\prims\jvm.cpp:1244
Event: 10.456 Thread 0x000000000ec59000 Threw 0x00000007d7680f78 at C:\re\jdk7u55\869\hotspot\src\share\vm\prims\jvm.cpp:1244
Event: 11.485 Thread 0x000000000ecb5800 Threw 0x00000007d5c888d8 at C:\re\jdk7u55\869\hotspot\src\share\vm\prims\jvm.cpp:1244
Event: 11.486 Thread 0x000000000ecb5800 Threw 0x00000007d5c910f0 at C:\re\jdk7u55\869\hotspot\src\share\vm\prims\jvm.cpp:1244
Event: 11.486 Thread 0x000000000ecb5800 Threw 0x00000007d5c9a860 at C:\re\jdk7u55\869\hotspot\src\share\vm\prims\jvm.cpp:1244
Event: 11.486 Thread 0x000000000ecb5800 Threw 0x00000007d5ca36a8 at C:\re\jdk7u55\869\hotspot\src\share\vm\prims\jvm.cpp:1244
Event: 30.747 Thread 0x000000000ec59000 Threw 0x00000007d6682a40 at C:\re\jdk7u55\869\hotspot\src\share\vm\prims\jvm.cpp:1244
Event: 30.752 Thread 0x000000000ec59000 Threw 0x00000007d6bdd990 at C:\re\jdk7u55\869\hotspot\src\share\vm\prims\jvm.cpp:1244

Events (10 events):
Event: 30.752 loading class 0x000000000f540470
Event: 30.752 loading class 0x000000000f540470 done
Event: 30.754 Executing VM operation: RevokeBias
Event: 30.754 Executing VM operation: RevokeBias done
Event: 30.755 Executing VM operation: RevokeBias
Event: 30.755 Executing VM operation: RevokeBias done
Event: 30.755 Executing VM operation: RevokeBias
Event: 30.755 Executing VM operation: RevokeBias done
Event: 30.769 loading class 0x000000000ed27870
Event: 30.769 loading class 0x000000000ed27870 done


Dynamic libraries:
0x00007ff7ead00000 - 0x00007ff7ead33000 	C:\Program Files\Java\jdk1.7.0_55\bin\java.exe
0x00007ffc31960000 - 0x00007ffc31b40000 	C:\WINDOWS\SYSTEM32\ntdll.dll
0x00007ffc2ef10000 - 0x00007ffc2efbe000 	C:\WINDOWS\System32\KERNEL32.DLL
0x00007ffc2de60000 - 0x00007ffc2e0c6000 	C:\WINDOWS\System32\KERNELBASE.dll
0x00007ffc30d30000 - 0x00007ffc30dd1000 	C:\WINDOWS\System32\ADVAPI32.dll
0x00007ffc2f070000 - 0x00007ffc2f10d000 	C:\WINDOWS\System32\msvcrt.dll
0x00007ffc2f2c0000 - 0x00007ffc2f31b000 	C:\WINDOWS\System32\sechost.dll
0x00007ffc313b0000 - 0x00007ffc314cf000 	C:\WINDOWS\System32\RPCRT4.dll
0x00007ffc2f130000 - 0x00007ffc2f2bf000 	C:\WINDOWS\System32\USER32.dll
0x00007ffc2e0d0000 - 0x00007ffc2e0f0000 	C:\WINDOWS\System32\win32u.dll
0x00007ffc2f040000 - 0x00007ffc2f068000 	C:\WINDOWS\System32\GDI32.dll
0x00007ffc2e0f0000 - 0x00007ffc2e283000 	C:\WINDOWS\System32\gdi32full.dll
0x00007ffc2e360000 - 0x00007ffc2e3fb000 	C:\WINDOWS\System32\msvcp_win.dll
0x00007ffc2dd60000 - 0x00007ffc2de56000 	C:\WINDOWS\System32\ucrtbase.dll
0x00007ffc23080000 - 0x00007ffc232e9000 	C:\WINDOWS\WinSxS\amd64_microsoft.windows.common-controls_6595b64144ccf1df_6.0.16299.125_none_15cbcf8893620c09\COMCTL32.dll
0x00007ffc2f390000 - 0x00007ffc2f698000 	C:\WINDOWS\System32\combase.dll
0x00007ffc2e2e0000 - 0x00007ffc2e352000 	C:\WINDOWS\System32\bcryptPrimitives.dll
0x00007ffc30b90000 - 0x00007ffc30bbd000 	C:\WINDOWS\System32\IMM32.DLL
0x0000000052960000 - 0x0000000052a32000 	C:\Program Files\Java\jdk1.7.0_55\jre\bin\msvcr100.dll
0x0000000052a40000 - 0x0000000053209000 	C:\Program Files\Java\jdk1.7.0_55\jre\bin\server\jvm.dll
0x00007ffc2ef00000 - 0x00007ffc2ef08000 	C:\WINDOWS\System32\PSAPI.DLL
0x00007ffc2bd60000 - 0x00007ffc2bd83000 	C:\WINDOWS\SYSTEM32\WINMM.dll
0x00007ffc21990000 - 0x00007ffc21999000 	C:\WINDOWS\SYSTEM32\WSOCK32.dll
0x00007ffc2f320000 - 0x00007ffc2f38c000 	C:\WINDOWS\System32\WS2_32.dll
0x00007ffc2bc20000 - 0x00007ffc2bc4a000 	C:\WINDOWS\SYSTEM32\winmmbase.dll
0x00007ffc2e290000 - 0x00007ffc2e2da000 	C:\WINDOWS\System32\cfgmgr32.dll
0x0000000052910000 - 0x000000005291f000 	C:\Program Files\Java\jdk1.7.0_55\jre\bin\verify.dll
0x00000000528e0000 - 0x0000000052908000 	C:\Program Files\Java\jdk1.7.0_55\jre\bin\java.dll
0x00000000528c0000 - 0x00000000528d5000 	C:\Program Files\Java\jdk1.7.0_55\jre\bin\zip.dll
0x00000000526e0000 - 0x0000000052875000 	C:\Program Files\Java\jdk1.7.0_55\jre\bin\awt.dll
0x00007ffc2ee30000 - 0x00007ffc2eef5000 	C:\WINDOWS\System32\OLEAUT32.dll
0x00007ffc2be80000 - 0x00007ffc2bf08000 	C:\WINDOWS\SYSTEM32\apphelp.dll
0x00007ffc2c000000 - 0x00007ffc2c095000 	C:\WINDOWS\system32\uxtheme.dll
0x00007ffc30bc0000 - 0x00007ffc30d27000 	C:\WINDOWS\System32\MSCTF.dll
0x00007ffc2c270000 - 0x00007ffc2c29a000 	C:\WINDOWS\system32\dwmapi.dll
0x00007ffc30ea0000 - 0x00007ffc30fe9000 	C:\WINDOWS\System32\ole32.dll
0x00007ffc2dd00000 - 0x00007ffc2dd11000 	C:\WINDOWS\System32\kernel.appcore.dll
0x00007ffc2f750000 - 0x00007ffc30b86000 	C:\WINDOWS\System32\SHELL32.dll
0x00007ffc2f6a0000 - 0x00007ffc2f746000 	C:\WINDOWS\System32\shcore.dll
0x00007ffc2e630000 - 0x00007ffc2ed77000 	C:\WINDOWS\System32\windows.storage.dll
0x00007ffc30e40000 - 0x00007ffc30e91000 	C:\WINDOWS\System32\shlwapi.dll
0x00007ffc2dcb0000 - 0x00007ffc2dcfc000 	C:\WINDOWS\System32\powrprof.dll
0x00007ffc2dd40000 - 0x00007ffc2dd5b000 	C:\WINDOWS\System32\profapi.dll
0x0000000052690000 - 0x00000000526d7000 	C:\Program Files\Java\jdk1.7.0_55\jre\bin\fontmanager.dll
0x00007ffc31300000 - 0x00007ffc3139e000 	C:\WINDOWS\System32\clbcatq.dll
0x00007ffc2a560000 - 0x00007ffc2a70b000 	C:\WINDOWS\SYSTEM32\WindowsCodecs.dll
0x00007ffc1f780000 - 0x00007ffc1f7cf000 	C:\WINDOWS\system32\dataexchange.dll
0x00007ffc2b7d0000 - 0x00007ffc2b912000 	C:\WINDOWS\system32\dcomp.dll
0x00007ffc2b400000 - 0x00007ffc2b6e1000 	C:\WINDOWS\system32\d3d11.dll
0x00007ffc2cb20000 - 0x00007ffc2cbcf000 	C:\WINDOWS\system32\dxgi.dll
0x00007ffc2c3f0000 - 0x00007ffc2c56b000 	C:\WINDOWS\system32\twinapi.appcore.dll
0x00007ffc2c360000 - 0x00007ffc2c380000 	C:\WINDOWS\system32\RMCLIENT.dll
0x00007ffc2d810000 - 0x00007ffc2d835000 	C:\WINDOWS\system32\bcrypt.dll
0x00000000528a0000 - 0x00000000528b9000 	C:\Program Files\Java\jdk1.7.0_55\jre\bin\net.dll
0x00007ffc2d4e0000 - 0x00007ffc2d546000 	C:\WINDOWS\system32\mswsock.dll
0x0000000052880000 - 0x0000000052891000 	C:\Program Files\Java\jdk1.7.0_55\jre\bin\nio.dll
0x0000000052640000 - 0x0000000052681000 	C:\Program Files\Java\jdk1.7.0_55\jre\bin\t2k.dll
0x00007ffc27050000 - 0x00007ffc270a1000 	C:\Users\User\.javacpp\cache\opencv-windows-x86_64.jar\org\bytedeco\javacpp\windows-x86_64\concrt140.dll
0x00007ffc05210000 - 0x00007ffc052ac000 	C:\WINDOWS\SYSTEM32\MSVCP140.dll
0x00007ffc22fb0000 - 0x00007ffc22fc6000 	C:\WINDOWS\SYSTEM32\VCRUNTIME140.dll
0x00007ffc12130000 - 0x00007ffc121cd000 	C:\Users\User\.javacpp\cache\opencv-windows-x86_64.jar\org\bytedeco\javacpp\windows-x86_64\msvcp140.dll
0x00007ffc27150000 - 0x00007ffc27167000 	C:\Users\User\.javacpp\cache\opencv-windows-x86_64.jar\org\bytedeco\javacpp\windows-x86_64\vcruntime140.dll
0x0000000010e20000 - 0x0000000010e23000 	C:\Users\User\.javacpp\cache\opencv-windows-x86_64.jar\org\bytedeco\javacpp\windows-x86_64\api-ms-win-crt-locale-l1-1-0.dll
0x0000000010e30000 - 0x0000000010e34000 	C:\Users\User\.javacpp\cache\opencv-windows-x86_64.jar\org\bytedeco\javacpp\windows-x86_64\api-ms-win-crt-string-l1-1-0.dll
0x0000000010e40000 - 0x0000000010e44000 	C:\Users\User\.javacpp\cache\opencv-windows-x86_64.jar\org\bytedeco\javacpp\windows-x86_64\api-ms-win-crt-stdio-l1-1-0.dll
0x0000000010e50000 - 0x0000000010e55000 	C:\Users\User\.javacpp\cache\opencv-windows-x86_64.jar\org\bytedeco\javacpp\windows-x86_64\api-ms-win-crt-math-l1-1-0.dll
0x0000000010e60000 - 0x0000000010e63000 	C:\Users\User\.javacpp\cache\opencv-windows-x86_64.jar\org\bytedeco\javacpp\windows-x86_64\api-ms-win-crt-heap-l1-1-0.dll
0x0000000010e70000 - 0x0000000010e74000 	C:\Users\User\.javacpp\cache\opencv-windows-x86_64.jar\org\bytedeco\javacpp\windows-x86_64\api-ms-win-crt-runtime-l1-1-0.dll
0x0000000010e80000 - 0x0000000010e84000 	C:\Users\User\.javacpp\cache\opencv-windows-x86_64.jar\org\bytedeco\javacpp\windows-x86_64\api-ms-win-crt-convert-l1-1-0.dll
0x0000000010e90000 - 0x0000000010e93000 	C:\Users\User\.javacpp\cache\opencv-windows-x86_64.jar\org\bytedeco\javacpp\windows-x86_64\api-ms-win-crt-environment-l1-1-0.dll
0x0000000010ea0000 - 0x0000000010ea3000 	C:\Users\User\.javacpp\cache\opencv-windows-x86_64.jar\org\bytedeco\javacpp\windows-x86_64\api-ms-win-crt-time-l1-1-0.dll
0x0000000010eb0000 - 0x0000000010eb3000 	C:\Users\User\.javacpp\cache\opencv-windows-x86_64.jar\org\bytedeco\javacpp\windows-x86_64\api-ms-win-crt-filesystem-l1-1-0.dll
0x0000000010ec0000 - 0x0000000010ec3000 	C:\Users\User\.javacpp\cache\opencv-windows-x86_64.jar\org\bytedeco\javacpp\windows-x86_64\api-ms-win-crt-utility-l1-1-0.dll
0x0000000010ed0000 - 0x0000000010ed5000 	C:\Users\User\.javacpp\cache\opencv-windows-x86_64.jar\org\bytedeco\javacpp\windows-x86_64\api-ms-win-crt-multibyte-l1-1-0.dll
0x00007ffbffe00000 - 0x00007ffc00106000 	C:\Users\User\.javacpp\cache\opencv-windows-x86_64.jar\org\bytedeco\javacpp\windows-x86_64\opencv_core340.dll
0x00007ffbf6800000 - 0x00007ffbf6c0c000 	C:\Users\User\.javacpp\cache\opencv-windows-x86_64.jar\org\bytedeco\javacpp\windows-x86_64\opencv_imgproc340.dll
0x00007ffbfeff0000 - 0x00007ffbff36b000 	C:\Users\User\.javacpp\cache\opencv-windows-x86_64.jar\org\bytedeco\javacpp\windows-x86_64\jniopencv_core.dll
0x00007ffc2d2b0000 - 0x00007ffc2d366000 	C:\WINDOWS\SYSTEM32\DNSAPI.dll
0x00007ffc31920000 - 0x00007ffc31928000 	C:\WINDOWS\System32\NSI.dll
0x00007ffc2d270000 - 0x00007ffc2d2a9000 	C:\WINDOWS\SYSTEM32\IPHLPAPI.DLL
0x00000000535a0000 - 0x00000000535c6000 	C:\Program Files\Bonjour\mdnsNSP.dll
0x00007ffc23e60000 - 0x00007ffc23e6a000 	C:\Windows\System32\rasadhlp.dll
0x00007ffc24620000 - 0x00007ffc24690000 	C:\WINDOWS\System32\fwpuclnt.dll
0x00007ffc24450000 - 0x00007ffc244e8000 	C:\WINDOWS\System32\TextInputFramework.dll
0x00007ffc29f40000 - 0x00007ffc2a22e000 	C:\WINDOWS\System32\CoreUIComponents.dll
0x00007ffc2b6f0000 - 0x00007ffc2b7cd000 	C:\WINDOWS\System32\CoreMessaging.dll
0x00007ffc2cdf0000 - 0x00007ffc2ce21000 	C:\WINDOWS\SYSTEM32\ntmarta.dll
0x00007ffc29da0000 - 0x00007ffc29ed6000 	C:\WINDOWS\SYSTEM32\wintypes.dll
0x00000000525c0000 - 0x00000000525ea000 	C:\Program Files\Java\jdk1.7.0_55\jre\bin\dcpr.dll
0x00007ffc062a0000 - 0x00007ffc063f5000 	C:\Users\User\.javacpp\cache\opencv-windows-x86_64.jar\org\bytedeco\javacpp\windows-x86_64\jniopencv_imgproc.dll
0x00007ffbf6530000 - 0x00007ffbf67fc000 	C:\Users\User\.javacpp\cache\opencv-windows-x86_64.jar\org\bytedeco\javacpp\windows-x86_64\opencv_imgcodecs340.dll
0x00007ffc120f0000 - 0x00007ffc12124000 	C:\Users\User\.javacpp\cache\opencv-windows-x86_64.jar\org\bytedeco\javacpp\windows-x86_64\jniopencv_imgcodecs.dll
0x00007ffc120a0000 - 0x00007ffc120eb000 	C:\Users\User\.javacpp\cache\opencv-windows-x86_64.jar\org\bytedeco\javacpp\windows-x86_64\opencv_videoio340.dll
0x00007ffc26ef0000 - 0x00007ffc26f0f000 	C:\WINDOWS\SYSTEM32\AVIFIL32.dll
0x00007ffc22700000 - 0x00007ffc22718000 	C:\WINDOWS\SYSTEM32\AVICAP32.dll
0x00007ffc12070000 - 0x00007ffc12099000 	C:\WINDOWS\SYSTEM32\MSVFW32.dll
0x00007ffc282a0000 - 0x00007ffc282bc000 	C:\WINDOWS\SYSTEM32\MSACM32.dll
0x00007ffc122b0000 - 0x00007ffc122cf000 	C:\Users\User\.javacpp\cache\opencv-windows-x86_64.jar\org\bytedeco\javacpp\windows-x86_64\jniopencv_videoio.dll
0x00007ffc12050000 - 0x00007ffc12068000 	C:\Windows\System32\devenum.dll
0x00007ffc314d0000 - 0x00007ffc3191e000 	C:\WINDOWS\System32\setupapi.dll
0x00007ffc2dac0000 - 0x00007ffc2dae7000 	C:\WINDOWS\SYSTEM32\DEVOBJ.dll
0x00007ffc2e5d0000 - 0x00007ffc2e628000 	C:\WINDOWS\System32\WINTRUST.dll
0x00007ffc2dd20000 - 0x00007ffc2dd32000 	C:\WINDOWS\System32\MSASN1.dll
0x00007ffc2e400000 - 0x00007ffc2e5ce000 	C:\WINDOWS\System32\CRYPT32.dll
0x00007ffc28290000 - 0x00007ffc2829a000 	C:\WINDOWS\SYSTEM32\msdmo.dll
0x00007ffc082a0000 - 0x00007ffc082d3000 	C:\Windows\System32\qcap.dll
0x00007ffc05ad0000 - 0x00007ffc05c8c000 	C:\Windows\System32\quartz.dll
0x00007ffc07020000 - 0x00007ffc0706e000 	C:\Windows\System32\mfksproxy.dll
0x00007ffc29500000 - 0x00007ffc2951d000 	C:\Windows\System32\ATL.DLL
0x00007ffc08320000 - 0x00007ffc08356000 	C:\Windows\System32\MFSENSORGROUP.dll
0x00007ffc210c0000 - 0x00007ffc21271000 	C:\Windows\System32\MFPlat.DLL
0x00007ffc266c0000 - 0x00007ffc266f2000 	C:\Windows\System32\RTWorkQ.DLL
0x00007ffc05a80000 - 0x00007ffc05ac9000 	C:\Windows\System32\ksproxy.ax
0x00007ffc29580000 - 0x00007ffc29589000 	C:\Windows\System32\ksuser.dll
0x00007ffbfd200000 - 0x00007ffbfd395000 	C:\Windows\System32\d3d9.dll
0x00007ffc258a0000 - 0x00007ffc2591b000 	C:\WINDOWS\SYSTEM32\policymanager.dll
0x00007ffc28ca0000 - 0x00007ffc28d30000 	C:\Windows\System32\msvcp110_win.dll
0x00007ffc2bdd0000 - 0x00007ffc2bddc000 	C:\Windows\System32\vidcap.ax
0x00007ffc0acf0000 - 0x00007ffc0ad16000 	C:\Windows\System32\kswdmcap.ax
0x00007ffc04170000 - 0x00007ffc042d5000 	C:\Windows\System32\MFC42.dll
0x00007ffc04c50000 - 0x00007ffc04cf0000 	C:\Windows\System32\qedit.dll
0x00007ffc30ff0000 - 0x00007ffc310fa000 	C:\WINDOWS\System32\COMDLG32.dll
0x00007ffc1fe00000 - 0x00007ffc1ff9c000 	C:\WINDOWS\WinSxS\amd64_microsoft.windows.gdiplus_6595b64144ccf1df_1.1.16299.125_none_46b6c26dedf485d7\gdiplus.dll
0x00007ffbfec80000 - 0x00007ffbfed76000 	C:\Windows\System32\DDRAW.dll
0x00007ffc28040000 - 0x00007ffc28048000 	C:\Windows\System32\DCIMAN32.dll
0x00007ffc040d0000 - 0x00007ffc04163000 	C:\Users\User\.javacpp\cache\opencv-windows-x86_64.jar\org\bytedeco\javacpp\windows-x86_64\opencv_objdetect340.dll
0x00007ffc03e30000 - 0x00007ffc03ea9000 	C:\Users\User\.javacpp\cache\opencv-windows-x86_64.jar\org\bytedeco\javacpp\windows-x86_64\jniopencv_objdetect.dll
0x00000000524e0000 - 0x0000000052510000 	C:\Program Files\Java\jdk1.7.0_55\jre\bin\jpeg.dll

VM Arguments:
jvm_args: -Dfile.encoding=UTF-8 
java_command: UIL.FrameRecognizer
Launcher Type: SUN_STANDARD

Environment Variables:
PATH=C:\Program Files (x86)\Intel\iCLS Client\;C:\Program Files\Intel\iCLS Client\;C:\WINDOWS\system32;C:\WINDOWS;C:\WINDOWS\System32\Wbem;C:\WINDOWS\System32\WindowsPowerShell\v1.0\;C:\Program Files (x86)\Intel\Intel(R) Management Engine Components\DAL;C:\Program Files\Intel\Intel(R) Management Engine Components\DAL;C:\Program Files (x86)\Intel\Intel(R) Management Engine Components\IPT;C:\Program Files\Intel\Intel(R) Management Engine Components\IPT;C:\WINDOWS\system32\config\systemprofile\.dnx\bin;C:\Program Files\Microsoft DNX\Dnvm\;C:\Program Files (x86)\Microsoft SQL Server\Client SDK\ODBC\110\Tools\Binn\;C:\Program Files (x86)\Microsoft SQL Server\120\Tools\Binn\;C:\Program Files (x86)\Microsoft SQL Server\120\DTS\Binn\;C:\Program Files (x86)\Microsoft SQL Server\120\Tools\Binn\ManagementStudio\;C:\Users\User\AppData\Local\Microsoft\WindowsApps;
USERNAME=User
OS=Windows_NT
PROCESSOR_IDENTIFIER=Intel64 Family 6 Model 61 Stepping 4, GenuineIntel



---------------  S Y S T E M  ---------------

OS: Windows 8.1 , 64 bit Build 9600 

CPU:total 4 (2 cores per cpu, 2 threads per core) family 6 model 61 stepping 4, cmov, cx8, fxsr, mmx, sse, sse2, sse3, ssse3, sse4.1, sse4.2, popcnt, avx, avx2, aes, erms, ht, tsc, tscinvbit

Memory: 4k page, physical 8296436k(3904904k free), swap 9607156k(3906608k free)

vm_info: Java HotSpot(TM) 64-Bit Server VM (24.55-b03) for windows-amd64 JRE (1.7.0_55-b13), built on Mar 17 2014 19:45:30 by "java_re" with unknown MS VC++:1600

time: Sat Apr 07 21:27:41 2018
elapsed time: 31 seconds

